<?xml version="1.0" encoding="utf-8"?>
<TestRun id="d9442b61-56a0-4b28-951c-802a7058b475" name="c2kbuild@CLTBUILD23 2021-04-13 15:29:37" runUser="CMC\c2kbuild" xmlns="http://microsoft.com/schemas/VisualStudio/TeamTest/2010">
  <Times creation="2021-04-13T15:29:37.9787394-04:00" queuing="2021-04-13T15:29:37.9787394-04:00" start="2021-04-13T15:21:09.4710502-04:00" finish="2021-04-13T16:09:43.6817472-04:00" />
  <TestSettings name="default" id="88d22caf-334e-4b69-8d8e-e361f8eba746">
    <Deployment runDeploymentRoot="c2kbuild_CLTBUILD23_2021-04-13_15_29_37" />
  </TestSettings>
  <Results>
    <TestResultAggregation executionId="e5986f61-ad3a-487a-bc84-dfd8df0a6d16" testId="20d61801-fb09-4a6b-b8cc-2bedb2509591" testName="OTCheckingtheInstructorAttributeonClassSchedule" computerName="CLTBUILD23" startTime="2021-04-13T16:09:41.4789283-04:00" endTime="2021-04-13T16:09:41.4789283-04:00" testType="ec4800e8-40e5-4ab3-8510-b8bf29b1904d" outcome="Failed" testListId="8c84fa94-04c1-424b-9868-57a2d4851a1d" relativeResultsDirectory="e5986f61-ad3a-487a-bc84-dfd8df0a6d16">
      <InnerResults>
        <UnitTestResult executionId="5612d575-3c74-4d9e-8c84-a263f5650dcd" parentExecutionId="e5986f61-ad3a-487a-bc84-dfd8df0a6d16" testId="d1aba1b8-56d8-4cb5-9efc-8ea201fc0614" testName="1- addingattributetostaff-generictest (OTCheckingtheInstructorAttributeonClassSchedule)" computerName="CLTBUILD23" startTime="2021-04-13T16:09:41.5101730-04:00" endTime="2021-04-13T16:09:41.5101730-04:00" testType="13cdc9d9-ddb5-4fa4-a97d-d965ccfc6d4b" outcome="Failed" testListId="8c84fa94-04c1-424b-9868-57a2d4851a1d" relativeResultsDirectory="5612d575-3c74-4d9e-8c84-a263f5650dcd" />
        <UnitTestResult executionId="d1a8083d-f0f5-4b36-a989-49a075f2c281" parentExecutionId="e5986f61-ad3a-487a-bc84-dfd8df0a6d16" testId="b525afe2-8a3e-4ceb-a03d-39371f2251c2" testName="2- createnewclassschedule-generictest (OTCheckingtheInstructorAttributeonClassSchedule)" computerName="CLTBUILD23" startTime="2021-04-13T16:09:41.5101730-04:00" endTime="2021-04-13T16:09:41.5101730-04:00" testType="13cdc9d9-ddb5-4fa4-a97d-d965ccfc6d4b" outcome="Failed" testListId="8c84fa94-04c1-424b-9868-57a2d4851a1d" relativeResultsDirectory="d1a8083d-f0f5-4b36-a989-49a075f2c281" />
        <UnitTestResult executionId="2d451474-9c63-402d-bd0c-166eb1b8168d" parentExecutionId="e5986f61-ad3a-487a-bc84-dfd8df0a6d16" testId="1f0092a3-b1bf-4f3a-9c54-fc1d075487a8" testName="3- checkclassscheduleinstructorattributes-generictest (OTCheckingtheInstructorAttributeonClassSchedule)" computerName="CLTBUILD23" startTime="2021-04-13T16:09:41.5101730-04:00" endTime="2021-04-13T16:09:41.5101730-04:00" testType="13cdc9d9-ddb5-4fa4-a97d-d965ccfc6d4b" outcome="Failed" testListId="8c84fa94-04c1-424b-9868-57a2d4851a1d" relativeResultsDirectory="2d451474-9c63-402d-bd0c-166eb1b8168d" />
      </InnerResults>
    </TestResultAggregation>
    <TestResultAggregation executionId="d3541e75-7c72-43c4-98ec-b4c43a3937d2" testId="7966ec3b-d647-4f4c-95f9-7c5404137041" testName="OTCopyClassSchedulesfromoneTermtoAnother" computerName="CLTBUILD23" startTime="2021-04-13T16:09:41.5414207-04:00" endTime="2021-04-13T16:09:41.5414207-04:00" testType="ec4800e8-40e5-4ab3-8510-b8bf29b1904d" outcome="Failed" testListId="8c84fa94-04c1-424b-9868-57a2d4851a1d" relativeResultsDirectory="d3541e75-7c72-43c4-98ec-b4c43a3937d2">
      <InnerResults>
        <UnitTestResult executionId="399225a1-e820-4f2c-a6f4-4aeb77f1e57d" parentExecutionId="d3541e75-7c72-43c4-98ec-b4c43a3937d2" testId="d3360dd4-847b-415e-b149-eebba7ccedaf" testName="1- copyclassschedulesfromonetermtoanother-generictest (OTCopyClassSchedulesfromoneTermtoAnother)" computerName="CLTBUILD23" startTime="2021-04-13T16:09:41.5882906-04:00" endTime="2021-04-13T16:09:41.5882906-04:00" testType="13cdc9d9-ddb5-4fa4-a97d-d965ccfc6d4b" outcome="Failed" testListId="8c84fa94-04c1-424b-9868-57a2d4851a1d" relativeResultsDirectory="399225a1-e820-4f2c-a6f4-4aeb77f1e57d" />
      </InnerResults>
    </TestResultAggregation>
    <TestResultAggregation executionId="54614626-df18-4d50-9899-ddcffb178352" testId="05b716f6-fc3c-4d9c-a316-b3c37d39e512" testName="OTVerifyWhetherUserIsUnableToRegisterSubstituteCourseWhenMainInactiveSubstituteInactie" computerName="CLTBUILD23" startTime="2021-04-13T16:09:41.6507843-04:00" endTime="2021-04-13T16:09:41.6664046-04:00" testType="ec4800e8-40e5-4ab3-8510-b8bf29b1904d" outcome="Failed" testListId="8c84fa94-04c1-424b-9868-57a2d4851a1d" relativeResultsDirectory="54614626-df18-4d50-9899-ddcffb178352">
      <InnerResults>
        <UnitTestResult executionId="5b414b54-92f5-4225-8fc3-bc2f62ffb36e" parentExecutionId="54614626-df18-4d50-9899-ddcffb178352" testId="f43b5902-2f45-42f3-914a-db55dd221f9b" testName="1- getsubstitutecoursedetailsfromcourselistcourse4-generictest (OTVerifyWhetherUserIsUnableToRegisterSubstituteCourseWhenMainInactiveSubstituteInactie)" computerName="CLTBUILD23" startTime="2021-04-13T16:09:41.7288934-04:00" endTime="2021-04-13T16:09:41.7288934-04:00" testType="13cdc9d9-ddb5-4fa4-a97d-d965ccfc6d4b" outcome="Failed" testListId="8c84fa94-04c1-424b-9868-57a2d4851a1d" relativeResultsDirectory="5b414b54-92f5-4225-8fc3-bc2f62ffb36e" />
        <UnitTestResult executionId="45a58f95-bd80-4ec7-b597-184b518489e6" parentExecutionId="54614626-df18-4d50-9899-ddcffb178352" testId="8b88a2cc-9b1a-4778-9956-6b1699c08311" testName="2- register substitute course to student course4-generictest (OTVerifyWhetherUserIsUnableToRegisterSubstituteCourseWhenMainInactiveSubstituteInactie)" computerName="CLTBUILD23" startTime="2021-04-13T16:09:41.7288934-04:00" endTime="2021-04-13T16:09:41.7288934-04:00" testType="13cdc9d9-ddb5-4fa4-a97d-d965ccfc6d4b" outcome="Failed" testListId="8c84fa94-04c1-424b-9868-57a2d4851a1d" relativeResultsDirectory="45a58f95-bd80-4ec7-b597-184b518489e6" />
      </InnerResults>
    </TestResultAggregation>
    <TestResultAggregation executionId="aa30ad8d-fa70-4a54-8c2b-bd6d5d9ec9d0" testId="71df5334-bb42-4053-bdc8-0055b821512a" testName="OTCheckEnrollStatusandHoursinRegistredCourseforAllowOverrideCourse" computerName="CLTBUILD23" duration="00:00:25.0018685" startTime="2021-04-13T15:38:48.9806130-04:00" endTime="2021-04-13T15:39:13.9927637-04:00" testType="ec4800e8-40e5-4ab3-8510-b8bf29b1904d" outcome="Failed" testListId="8c84fa94-04c1-424b-9868-57a2d4851a1d" relativeResultsDirectory="aa30ad8d-fa70-4a54-8c2b-bd6d5d9ec9d0">
      <InnerResults>
        <UnitTestResult executionId="23ddc609-c755-4efe-a3fa-b80ea5dc172b" parentExecutionId="aa30ad8d-fa70-4a54-8c2b-bd6d5d9ec9d0" testId="7523a384-8542-4c9d-a584-4870d9a2f9ce" testName="1- addandregisterallowoverridecourse-generictest (OTCheckEnrollStatusandHoursinRegistredCourseforAllowOverrideCourse)" computerName="CLTBUILD23" duration="00:00:16.1991098" startTime="2021-04-13T15:38:48.9962306-04:00" endTime="2021-04-13T15:39:05.1971113-04:00" testType="13cdc9d9-ddb5-4fa4-a97d-d965ccfc6d4b" outcome="Passed" testListId="8c84fa94-04c1-424b-9868-57a2d4851a1d" relativeResultsDirectory="23ddc609-c755-4efe-a3fa-b80ea5dc172b">
          <Output>
            <StdOut>C:\Agt6\_work\_temp\TestResults\c2kbuild_CLTBUILD23 2021-04-13 15_21_13\In\23ddc609-c755-4efe-a3fa-b80ea5dc172b\CLTBUILD23&gt;if not defined TestLocation (set TestLocation=. ) &#xD;
&#xD;
C:\Agt6\_work\_temp\TestResults\c2kbuild_CLTBUILD23 2021-04-13 15_21_13\In\23ddc609-c755-4efe-a3fa-b80ea5dc172b\CLTBUILD23&gt;set CollectionFileName=c:\agt6\_work\10\s\qaautomation\api\tests\modules\academics\addandregistervariablecourse\AddandRegisterAllowOverrideCourse.postman_collection.json &#xD;
&#xD;
C:\Agt6\_work\_temp\TestResults\c2kbuild_CLTBUILD23 2021-04-13 15_21_13\In\23ddc609-c755-4efe-a3fa-b80ea5dc172b\CLTBUILD23&gt;set DataFileName=c:\agt6\_work\10\s\qaautomation\api\tests\modules\academics\addandregistervariablecourse\AddandRegisterAllowOverrideCourse.data.json &#xD;
&#xD;
C:\Agt6\_work\_temp\TestResults\c2kbuild_CLTBUILD23 2021-04-13 15_21_13\In\23ddc609-c755-4efe-a3fa-b80ea5dc172b\CLTBUILD23&gt;set EnvironmentFilePath=c:\agt6\_work\10\s\qaautomation\api\tests\modules\academics\addandregistervariablecourse\..\..\..\..\Common\TeamRajendra-StudentApiEnvironment.postman_environment.json &#xD;
&#xD;
C:\Agt6\_work\_temp\TestResults\c2kbuild_CLTBUILD23 2021-04-13 15_21_13\In\23ddc609-c755-4efe-a3fa-b80ea5dc172b\CLTBUILD23&gt;set HtmlResultsFile=AddandRegisterAllowOverrideCourse-Html.html &#xD;
&#xD;
C:\Agt6\_work\_temp\TestResults\c2kbuild_CLTBUILD23 2021-04-13 15_21_13\In\23ddc609-c755-4efe-a3fa-b80ea5dc172b\CLTBUILD23&gt;set JunitResultsFile=AddandRegisterAllowOverrideCourse-Junit.xml &#xD;
&#xD;
C:\Agt6\_work\_temp\TestResults\c2kbuild_CLTBUILD23 2021-04-13 15_21_13\In\23ddc609-c755-4efe-a3fa-b80ea5dc172b\CLTBUILD23&gt;newman run "c:\agt6\_work\10\s\qaautomation\api\tests\modules\academics\addandregistervariablecourse\AddandRegisterAllowOverrideCourse.postman_collection.json" -d "c:\agt6\_work\10\s\qaautomation\api\tests\modules\academics\addandregistervariablecourse\AddandRegisterAllowOverrideCourse.data.json" -e "c:\agt6\_work\10\s\qaautomation\api\tests\modules\academics\addandregistervariablecourse\..\..\..\..\Common\TeamRajendra-StudentApiEnvironment.postman_environment.json" -r junit,html --reporter-html-export "AddandRegisterAllowOverrideCourse-Html.html" --reporter-junit-export "AddandRegisterAllowOverrideCourse-Junit.xml"</StdOut>
          </Output>
          <ResultFiles>
            <ResultFile path="CLTBUILD23\AddandRegisterAllowOverrideCourse-Html.html" />
            <ResultFile path="CLTBUILD23\AddandRegisterAllowOverrideCourse-Junit.xml" />
          </ResultFiles>
        </UnitTestResult>
        <UnitTestResult executionId="eadb2735-997e-49f3-b042-09a943b55a46" parentExecutionId="aa30ad8d-fa70-4a54-8c2b-bd6d5d9ec9d0" testId="e4151b0a-d75e-4c85-b66f-642a712ea393" testName="2- courseandcoursescheduledetailsforallowoverridecourse-generictest (OTCheckEnrollStatusandHoursinRegistredCourseforAllowOverrideCourse)" computerName="CLTBUILD23" duration="00:00:08.7904987" startTime="2021-04-13T15:39:05.1971113-04:00" endTime="2021-04-13T15:39:13.9927637-04:00" testType="13cdc9d9-ddb5-4fa4-a97d-d965ccfc6d4b" outcome="Failed" testListId="8c84fa94-04c1-424b-9868-57a2d4851a1d" relativeResultsDirectory="eadb2735-997e-49f3-b042-09a943b55a46">
          <Output>
            <StdOut>C:\Agt6\_work\_temp\TestResults\c2kbuild_CLTBUILD23 2021-04-13 15_21_13\In\eadb2735-997e-49f3-b042-09a943b55a46\CLTBUILD23&gt;if not defined TestLocation (set TestLocation=. ) &#xD;
&#xD;
C:\Agt6\_work\_temp\TestResults\c2kbuild_CLTBUILD23 2021-04-13 15_21_13\In\eadb2735-997e-49f3-b042-09a943b55a46\CLTBUILD23&gt;set CollectionFileName=c:\agt6\_work\10\s\qaautomation\api\tests\modules\academics\courseandclassscheduledetails\CourseandCourseScheduleDetails.postman_collection.json &#xD;
&#xD;
C:\Agt6\_work\_temp\TestResults\c2kbuild_CLTBUILD23 2021-04-13 15_21_13\In\eadb2735-997e-49f3-b042-09a943b55a46\CLTBUILD23&gt;set DataFileName=c:\agt6\_work\10\s\qaautomation\api\tests\modules\academics\courseandclassscheduledetails\CourseandCourseScheduleDetailsforAllowOverrideCourse.data.json &#xD;
&#xD;
C:\Agt6\_work\_temp\TestResults\c2kbuild_CLTBUILD23 2021-04-13 15_21_13\In\eadb2735-997e-49f3-b042-09a943b55a46\CLTBUILD23&gt;set EnvironmentFilePath=c:\agt6\_work\10\s\qaautomation\api\tests\modules\academics\courseandclassscheduledetails\..\..\..\..\Common\TeamRajendra-StudentApiEnvironment.postman_environment.json &#xD;
&#xD;
C:\Agt6\_work\_temp\TestResults\c2kbuild_CLTBUILD23 2021-04-13 15_21_13\In\eadb2735-997e-49f3-b042-09a943b55a46\CLTBUILD23&gt;set HtmlResultsFile=CourseandClassScheduleDetailsforAllowOverrideCourse-Html.html &#xD;
&#xD;
C:\Agt6\_work\_temp\TestResults\c2kbuild_CLTBUILD23 2021-04-13 15_21_13\In\eadb2735-997e-49f3-b042-09a943b55a46\CLTBUILD23&gt;set JunitResultsFile=CourseandClassScheduleDetailsforAllowOverrideCourse-Junit.xml &#xD;
&#xD;
C:\Agt6\_work\_temp\TestResults\c2kbuild_CLTBUILD23 2021-04-13 15_21_13\In\eadb2735-997e-49f3-b042-09a943b55a46\CLTBUILD23&gt;newman run "c:\agt6\_work\10\s\qaautomation\api\tests\modules\academics\courseandclassscheduledetails\CourseandCourseScheduleDetails.postman_collection.json" -d "c:\agt6\_work\10\s\qaautomation\api\tests\modules\academics\courseandclassscheduledetails\CourseandCourseScheduleDetailsforAllowOverrideCourse.data.json" -e "c:\agt6\_work\10\s\qaautomation\api\tests\modules\academics\courseandclassscheduledetails\..\..\..\..\Common\TeamRajendra-StudentApiEnvironment.postman_environment.json" -r junit,html --reporter-html-export "CourseandClassScheduleDetailsforAllowOverrideCourse-Html.html" --reporter-junit-export "CourseandClassScheduleDetailsforAllowOverrideCourse-Junit.xml"</StdOut>
            <ErrorInfo>
              <Message>The test failed with exit code 1.</Message>
            </ErrorInfo>
          </Output>
          <ResultFiles>
            <ResultFile path="CLTBUILD23\CourseandClassScheduleDetailsforAllowOverrideCourse-Html.html" />
            <ResultFile path="CLTBUILD23\CourseandClassScheduleDetailsforAllowOverrideCourse-Junit.xml" />
          </ResultFiles>
        </UnitTestResult>
      </InnerResults>
    </TestResultAggregation>
    <TestResultAggregation executionId="3e995ff7-fae1-4788-99fe-84045f43c681" testId="aebf4dfa-2985-4c15-ae68-06b8bf9b19bd" testName="OTCheckEnrollStatusandHoursinRegistredCourseforFixedCourse" computerName="CLTBUILD23" duration="00:00:22.5105881" startTime="2021-04-13T15:39:13.9927637-04:00" endTime="2021-04-13T15:39:36.5052759-04:00" testType="ec4800e8-40e5-4ab3-8510-b8bf29b1904d" outcome="Failed" testListId="8c84fa94-04c1-424b-9868-57a2d4851a1d" relativeResultsDirectory="3e995ff7-fae1-4788-99fe-84045f43c681">
      <InnerResults>
        <UnitTestResult executionId="c93bac7f-0f4a-41c0-aaaa-763208b747d5" parentExecutionId="3e995ff7-fae1-4788-99fe-84045f43c681" testId="ff357f17-d96f-4cc5-a87f-b990e5440b42" testName="1- courseandcoursescheduledetailsforfixedcourse-generictest (OTCheckEnrollStatusandHoursinRegistredCourseforFixedCourse)" computerName="CLTBUILD23" duration="00:00:08.5073432" startTime="2021-04-13T15:39:13.9927637-04:00" endTime="2021-04-13T15:39:22.5073403-04:00" testType="13cdc9d9-ddb5-4fa4-a97d-d965ccfc6d4b" outcome="Passed" testListId="8c84fa94-04c1-424b-9868-57a2d4851a1d" relativeResultsDirectory="c93bac7f-0f4a-41c0-aaaa-763208b747d5">
          <Output>
            <StdOut>C:\Agt6\_work\_temp\TestResults\c2kbuild_CLTBUILD23 2021-04-13 15_21_13\In\c93bac7f-0f4a-41c0-aaaa-763208b747d5\CLTBUILD23&gt;if not defined TestLocation (set TestLocation=. ) &#xD;
&#xD;
C:\Agt6\_work\_temp\TestResults\c2kbuild_CLTBUILD23 2021-04-13 15_21_13\In\c93bac7f-0f4a-41c0-aaaa-763208b747d5\CLTBUILD23&gt;set CollectionFileName=c:\agt6\_work\10\s\qaautomation\api\tests\modules\academics\courseandclassscheduledetails\CourseandCourseScheduleDetails.postman_collection.json &#xD;
&#xD;
C:\Agt6\_work\_temp\TestResults\c2kbuild_CLTBUILD23 2021-04-13 15_21_13\In\c93bac7f-0f4a-41c0-aaaa-763208b747d5\CLTBUILD23&gt;set DataFileName=c:\agt6\_work\10\s\qaautomation\api\tests\modules\academics\courseandclassscheduledetails\CourseandCourseScheduleDetailsforFixedCourse.data.json &#xD;
&#xD;
C:\Agt6\_work\_temp\TestResults\c2kbuild_CLTBUILD23 2021-04-13 15_21_13\In\c93bac7f-0f4a-41c0-aaaa-763208b747d5\CLTBUILD23&gt;set EnvironmentFilePath=c:\agt6\_work\10\s\qaautomation\api\tests\modules\academics\courseandclassscheduledetails\..\..\..\..\Common\TeamRajendra-StudentApiEnvironment.postman_environment.json &#xD;
&#xD;
C:\Agt6\_work\_temp\TestResults\c2kbuild_CLTBUILD23 2021-04-13 15_21_13\In\c93bac7f-0f4a-41c0-aaaa-763208b747d5\CLTBUILD23&gt;set HtmlResultsFile=CourseandClassScheduleDetailsforFixedCourse-Html.html &#xD;
&#xD;
C:\Agt6\_work\_temp\TestResults\c2kbuild_CLTBUILD23 2021-04-13 15_21_13\In\c93bac7f-0f4a-41c0-aaaa-763208b747d5\CLTBUILD23&gt;set JunitResultsFile=CourseandClassScheduleDetailsforFixedCourse-Junit.xml &#xD;
&#xD;
C:\Agt6\_work\_temp\TestResults\c2kbuild_CLTBUILD23 2021-04-13 15_21_13\In\c93bac7f-0f4a-41c0-aaaa-763208b747d5\CLTBUILD23&gt;newman run "c:\agt6\_work\10\s\qaautomation\api\tests\modules\academics\courseandclassscheduledetails\CourseandCourseScheduleDetails.postman_collection.json" -d "c:\agt6\_work\10\s\qaautomation\api\tests\modules\academics\courseandclassscheduledetails\CourseandCourseScheduleDetailsforFixedCourse.data.json" -e "c:\agt6\_work\10\s\qaautomation\api\tests\modules\academics\courseandclassscheduledetails\..\..\..\..\Common\TeamRajendra-StudentApiEnvironment.postman_environment.json" -r junit,html --reporter-html-export "CourseandClassScheduleDetailsforFixedCourse-Html.html" --reporter-junit-export "CourseandClassScheduleDetailsforFixedCourse-Junit.xml"</StdOut>
          </Output>
          <ResultFiles>
            <ResultFile path="CLTBUILD23\CourseandClassScheduleDetailsforFixedCourse-Html.html" />
            <ResultFile path="CLTBUILD23\CourseandClassScheduleDetailsforFixedCourse-Junit.xml" />
          </ResultFiles>
        </UnitTestResult>
        <UnitTestResult executionId="387c160c-1559-4203-8729-f46b4d6c03d1" parentExecutionId="3e995ff7-fae1-4788-99fe-84045f43c681" testId="88a89aa2-40a5-4161-8840-98c73b985c47" testName="2- addandregisterfixedcourse-generictest (OTCheckEnrollStatusandHoursinRegistredCourseforFixedCourse)" computerName="CLTBUILD23" duration="00:00:13.9938974" startTime="2021-04-13T15:39:22.5073403-04:00" endTime="2021-04-13T15:39:36.5052759-04:00" testType="13cdc9d9-ddb5-4fa4-a97d-d965ccfc6d4b" outcome="Failed" testListId="8c84fa94-04c1-424b-9868-57a2d4851a1d" relativeResultsDirectory="387c160c-1559-4203-8729-f46b4d6c03d1">
          <Output>
            <StdOut>C:\Agt6\_work\_temp\TestResults\c2kbuild_CLTBUILD23 2021-04-13 15_21_13\In\387c160c-1559-4203-8729-f46b4d6c03d1\CLTBUILD23&gt;if not defined TestLocation (set TestLocation=. ) &#xD;
&#xD;
C:\Agt6\_work\_temp\TestResults\c2kbuild_CLTBUILD23 2021-04-13 15_21_13\In\387c160c-1559-4203-8729-f46b4d6c03d1\CLTBUILD23&gt;set CollectionFileName=c:\agt6\_work\10\s\qaautomation\api\tests\modules\academics\addandregisterfixedcourse\AddandRegisterFixedCourse.postman_collection.json &#xD;
&#xD;
C:\Agt6\_work\_temp\TestResults\c2kbuild_CLTBUILD23 2021-04-13 15_21_13\In\387c160c-1559-4203-8729-f46b4d6c03d1\CLTBUILD23&gt;set DataFileName=c:\agt6\_work\10\s\qaautomation\api\tests\modules\academics\addandregisterfixedcourse\AddandRegisterFixedCourse.data.json &#xD;
&#xD;
C:\Agt6\_work\_temp\TestResults\c2kbuild_CLTBUILD23 2021-04-13 15_21_13\In\387c160c-1559-4203-8729-f46b4d6c03d1\CLTBUILD23&gt;set EnvironmentFilePath=c:\agt6\_work\10\s\qaautomation\api\tests\modules\academics\addandregisterfixedcourse\..\..\..\..\Common\TeamRajendra-StudentApiEnvironment.postman_environment.json &#xD;
&#xD;
C:\Agt6\_work\_temp\TestResults\c2kbuild_CLTBUILD23 2021-04-13 15_21_13\In\387c160c-1559-4203-8729-f46b4d6c03d1\CLTBUILD23&gt;set HtmlResultsFile=AddandRegisterFixedCourse-Html.html &#xD;
&#xD;
C:\Agt6\_work\_temp\TestResults\c2kbuild_CLTBUILD23 2021-04-13 15_21_13\In\387c160c-1559-4203-8729-f46b4d6c03d1\CLTBUILD23&gt;set JunitResultsFile=AddandRegisterFixedCourse-Junit.xml &#xD;
&#xD;
C:\Agt6\_work\_temp\TestResults\c2kbuild_CLTBUILD23 2021-04-13 15_21_13\In\387c160c-1559-4203-8729-f46b4d6c03d1\CLTBUILD23&gt;newman run "c:\agt6\_work\10\s\qaautomation\api\tests\modules\academics\addandregisterfixedcourse\AddandRegisterFixedCourse.postman_collection.json" -d "c:\agt6\_work\10\s\qaautomation\api\tests\modules\academics\addandregisterfixedcourse\AddandRegisterFixedCourse.data.json" -e "c:\agt6\_work\10\s\qaautomation\api\tests\modules\academics\addandregisterfixedcourse\..\..\..\..\Common\TeamRajendra-StudentApiEnvironment.postman_environment.json" -r junit,html --reporter-html-export "AddandRegisterFixedCourse-Html.html" --reporter-junit-export "AddandRegisterFixedCourse-Junit.xml"</StdOut>
            <ErrorInfo>
              <Message>The test failed with exit code 1.</Message>
            </ErrorInfo>
          </Output>
          <ResultFiles>
            <ResultFile path="CLTBUILD23\AddandRegisterFixedCourse-Html.html" />
            <ResultFile path="CLTBUILD23\AddandRegisterFixedCourse-Junit.xml" />
          </ResultFiles>
        </UnitTestResult>
      </InnerResults>
    </TestResultAggregation>
    <TestResultAggregation executionId="a0ee7f23-cc58-4760-a02e-f210b15b844f" testId="ff23713c-bb01-4121-a6e7-7c1967f193c4" testName="OTCheckingandUpdatingHideFacultyandLocationvalues" computerName="CLTBUILD23" startTime="2021-04-13T16:09:41.4633067-04:00" endTime="2021-04-13T16:09:41.4633067-04:00" testType="ec4800e8-40e5-4ab3-8510-b8bf29b1904d" outcome="Failed" testListId="8c84fa94-04c1-424b-9868-57a2d4851a1d" relativeResultsDirectory="a0ee7f23-cc58-4760-a02e-f210b15b844f">
      <InnerResults>
        <UnitTestResult executionId="42eb1338-1af2-4d25-b57f-496f2efdc74d" parentExecutionId="a0ee7f23-cc58-4760-a02e-f210b15b844f" testId="4151ae03-e4ab-4c20-aec1-83b687187f79" testName="1- createnewclassscheduleforhidefacultyandlocation (OTCheckingandUpdatingHideFacultyandLocationvalues)" computerName="CLTBUILD23" startTime="2021-04-13T16:09:41.4945527-04:00" endTime="2021-04-13T16:09:41.4945527-04:00" testType="13cdc9d9-ddb5-4fa4-a97d-d965ccfc6d4b" outcome="Failed" testListId="8c84fa94-04c1-424b-9868-57a2d4851a1d" relativeResultsDirectory="42eb1338-1af2-4d25-b57f-496f2efdc74d" />
        <UnitTestResult executionId="fb0642b6-f8a6-4710-9f14-f802f842ce0d" parentExecutionId="a0ee7f23-cc58-4760-a02e-f210b15b844f" testId="836fa66f-53d7-40fe-a90d-c7797e531fc1" testName="2- viewingandupdatinhidefacultyandlocationvalues (OTCheckingandUpdatingHideFacultyandLocationvalues)" computerName="CLTBUILD23" startTime="2021-04-13T16:09:41.4945527-04:00" endTime="2021-04-13T16:09:41.4945527-04:00" testType="13cdc9d9-ddb5-4fa4-a97d-d965ccfc6d4b" outcome="Failed" testListId="8c84fa94-04c1-424b-9868-57a2d4851a1d" relativeResultsDirectory="fb0642b6-f8a6-4710-9f14-f802f842ce0d" />
      </InnerResults>
    </TestResultAggregation>
    <TestResultAggregation executionId="cdc2558b-f4fd-42a0-a8e4-8dfd1fb50e4f" testId="e519f48f-6f0a-4a9d-a7cd-8b1be4a46b96" testName="IVPOrderedTest" computerName="CLTBUILD23" duration="00:08:23.2236046" startTime="2021-04-13T15:21:14.6577862-04:00" endTime="2021-04-13T15:29:37.8537515-04:00" testType="ec4800e8-40e5-4ab3-8510-b8bf29b1904d" outcome="Failed" testListId="8c84fa94-04c1-424b-9868-57a2d4851a1d" relativeResultsDirectory="cdc2558b-f4fd-42a0-a8e4-8dfd1fb50e4f">
      <InnerResults>
        <UnitTestResult executionId="46fc49a0-9288-44d4-9877-c61c549aed40" parentExecutionId="cdc2558b-f4fd-42a0-a8e4-8dfd1fb50e4f" testId="a60bfe08-ca0d-4d04-94d7-6e0f3c73eb77" testName="1- ivp (IVPOrderedTest)" computerName="CLTBUILD23" duration="00:08:23.1670777" startTime="2021-04-13T15:21:14.7046458-04:00" endTime="2021-04-13T15:29:37.8381330-04:00" testType="13cdc9d9-ddb5-4fa4-a97d-d965ccfc6d4b" outcome="Failed" testListId="8c84fa94-04c1-424b-9868-57a2d4851a1d" relativeResultsDirectory="46fc49a0-9288-44d4-9877-c61c549aed40">
          <Output>
            <StdOut>C:\Agt6\_work\_temp\TestResults\c2kbuild_CLTBUILD23 2021-04-13 15_21_13\In\46fc49a0-9288-44d4-9877-c61c549aed40\CLTBUILD23&gt;if not defined TestLocation (set TestLocation=. ) &#xD;
&#xD;
C:\Agt6\_work\_temp\TestResults\c2kbuild_CLTBUILD23 2021-04-13 15_21_13\In\46fc49a0-9288-44d4-9877-c61c549aed40\CLTBUILD23&gt;set CollectionFileName=IVP.postman_collection.json &#xD;
&#xD;
C:\Agt6\_work\_temp\TestResults\c2kbuild_CLTBUILD23 2021-04-13 15_21_13\In\46fc49a0-9288-44d4-9877-c61c549aed40\CLTBUILD23&gt;set EnvironmentFilePath=c:\agt6\_work\10\s\qaautomation\api\tests\ivp\IVP.postman_environment.json &#xD;
&#xD;
C:\Agt6\_work\_temp\TestResults\c2kbuild_CLTBUILD23 2021-04-13 15_21_13\In\46fc49a0-9288-44d4-9877-c61c549aed40\CLTBUILD23&gt;set GlobalsFilePath=c:\agt6\_work\10\s\qaautomation\api\tests\ivp\IVP.postman_globals.json &#xD;
&#xD;
C:\Agt6\_work\_temp\TestResults\c2kbuild_CLTBUILD23 2021-04-13 15_21_13\In\46fc49a0-9288-44d4-9877-c61c549aed40\CLTBUILD23&gt;set ResultsFilePath=c:\agt6\_work\10\s\qaautomation\api\tests\ivp\Results\IVPApiResults.html &#xD;
&#xD;
C:\Agt6\_work\_temp\TestResults\c2kbuild_CLTBUILD23 2021-04-13 15_21_13\In\46fc49a0-9288-44d4-9877-c61c549aed40\CLTBUILD23&gt;echo Test results report is here c:\agt6\_work\10\s\qaautomation\api\tests\ivp\Results\IVPApiResults.html &#xD;
Test results report is here c:\agt6\_work\10\s\qaautomation\api\tests\ivp\Results\IVPApiResults.html&#xD;
&#xD;
C:\Agt6\_work\_temp\TestResults\c2kbuild_CLTBUILD23 2021-04-13 15_21_13\In\46fc49a0-9288-44d4-9877-c61c549aed40\CLTBUILD23&gt;if exist "c:\agt6\_work\10\s\qaautomation\api\tests\ivp\Results\IVPApiResults.html" (del/Q "c:\agt6\_work\10\s\qaautomation\api\tests\ivp\Results\IVPApiResults.html" ) &#xD;
&#xD;
C:\Agt6\_work\_temp\TestResults\c2kbuild_CLTBUILD23 2021-04-13 15_21_13\In\46fc49a0-9288-44d4-9877-c61c549aed40\CLTBUILD23&gt;newman run "c:\agt6\_work\10\s\qaautomation\api\tests\ivp\IVP.postman_collection.json" -e "c:\agt6\_work\10\s\qaautomation\api\tests\ivp\IVP.postman_environment.json" -r html --reporter-html-export "c:\agt6\_work\10\s\qaautomation\api\tests\ivp\Results\IVPApiResults.html"</StdOut>
            <ErrorInfo>
              <Message>The test failed with exit code 1.</Message>
            </ErrorInfo>
          </Output>
        </UnitTestResult>
      </InnerResults>
    </TestResultAggregation>
    <TestResultAggregation executionId="7e8ae2bc-688c-4cf6-874b-a52ce6d030b6" testId="82a4445b-e0c0-4dbe-970f-61c916daca04" testName="OTVerifyWhetherUserIsAbleToRegisterSubstituteCourseWhenMainActiveSubstituteActive" computerName="CLTBUILD23" startTime="2021-04-13T16:09:41.6507843-04:00" endTime="2021-04-13T16:09:41.6507843-04:00" testType="ec4800e8-40e5-4ab3-8510-b8bf29b1904d" outcome="Failed" testListId="8c84fa94-04c1-424b-9868-57a2d4851a1d" relativeResultsDirectory="7e8ae2bc-688c-4cf6-874b-a52ce6d030b6">
      <InnerResults>
        <UnitTestResult executionId="a105d9c8-f5f3-4ddc-afca-2729c3969e2b" parentExecutionId="7e8ae2bc-688c-4cf6-874b-a52ce6d030b6" testId="51f0e0e7-312d-445d-9ed8-101c61daf912" testName="1- getsubstitutecoursedetailsfromcourselistcourse1-generictest (OTVerifyWhetherUserIsAbleToRegisterSubstituteCourseWhenMainActiveSubstituteActive)" computerName="CLTBUILD23" startTime="2021-04-13T16:09:41.6976492-04:00" endTime="2021-04-13T16:09:41.6976492-04:00" testType="13cdc9d9-ddb5-4fa4-a97d-d965ccfc6d4b" outcome="Failed" testListId="8c84fa94-04c1-424b-9868-57a2d4851a1d" relativeResultsDirectory="a105d9c8-f5f3-4ddc-afca-2729c3969e2b" />
        <UnitTestResult executionId="aacdbe79-2675-4060-aba3-391cb3cbac1d" parentExecutionId="7e8ae2bc-688c-4cf6-874b-a52ce6d030b6" testId="7486e07b-8c5e-48ac-bada-dbfb24dc13e5" testName="2- register substitute course to student course1-generictest (OTVerifyWhetherUserIsAbleToRegisterSubstituteCourseWhenMainActiveSubstituteActive)" computerName="CLTBUILD23" startTime="2021-04-13T16:09:41.6976492-04:00" endTime="2021-04-13T16:09:41.6976492-04:00" testType="13cdc9d9-ddb5-4fa4-a97d-d965ccfc6d4b" outcome="Failed" testListId="8c84fa94-04c1-424b-9868-57a2d4851a1d" relativeResultsDirectory="aacdbe79-2675-4060-aba3-391cb3cbac1d" />
      </InnerResults>
    </TestResultAggregation>
    <TestResultAggregation executionId="02ea6333-26ed-4913-b3ea-4450a60d8a48" testId="8e1d58bd-646c-47f0-ae37-5e4f703a1d4a" testName="OTVerifyWhetherActualCourseOnWaitlistWhenRegisteredInActualClassSection" computerName="CLTBUILD23" startTime="2021-04-13T16:09:41.6507843-04:00" endTime="2021-04-13T16:09:41.6507843-04:00" testType="ec4800e8-40e5-4ab3-8510-b8bf29b1904d" outcome="Failed" testListId="8c84fa94-04c1-424b-9868-57a2d4851a1d" relativeResultsDirectory="02ea6333-26ed-4913-b3ea-4450a60d8a48">
      <InnerResults>
        <UnitTestResult executionId="9447e9a5-76e9-4905-a982-2712b663e4fd" parentExecutionId="02ea6333-26ed-4913-b3ea-4450a60d8a48" testId="a33177c5-a4a5-49ec-a403-774fe71447f3" testName="1- crossreferencecourseandcoursescheduledetailscourse1-generictest (OTVerifyWhetherActualCourseOnWaitlistWhenRegisteredInActualClassSection)" computerName="CLTBUILD23" startTime="2021-04-13T16:09:41.6820253-04:00" endTime="2021-04-13T16:09:41.6820253-04:00" testType="13cdc9d9-ddb5-4fa4-a97d-d965ccfc6d4b" outcome="Failed" testListId="8c84fa94-04c1-424b-9868-57a2d4851a1d" relativeResultsDirectory="9447e9a5-76e9-4905-a982-2712b663e4fd" />
        <UnitTestResult executionId="568115b3-eb25-4712-8d2f-ff257d3b5765" parentExecutionId="02ea6333-26ed-4913-b3ea-4450a60d8a48" testId="254de41a-0619-42d0-9570-86260c37e3e3" testName="2- crossreferencecourseandcoursescheduledetailscourse2-generictest (OTVerifyWhetherActualCourseOnWaitlistWhenRegisteredInActualClassSection)" computerName="CLTBUILD23" startTime="2021-04-13T16:09:41.6820253-04:00" endTime="2021-04-13T16:09:41.6820253-04:00" testType="13cdc9d9-ddb5-4fa4-a97d-d965ccfc6d4b" outcome="Failed" testListId="8c84fa94-04c1-424b-9868-57a2d4851a1d" relativeResultsDirectory="568115b3-eb25-4712-8d2f-ff257d3b5765" />
        <UnitTestResult executionId="53772306-ebea-4809-9a7e-a050bc168377" parentExecutionId="02ea6333-26ed-4913-b3ea-4450a60d8a48" testId="f8f11c65-5dd1-4438-88ec-159581b70f18" testName="3- add course to student(student1course1)-generictest (OTVerifyWhetherActualCourseOnWaitlistWhenRegisteredInActualClassSection)" computerName="CLTBUILD23" startTime="2021-04-13T16:09:41.6820253-04:00" endTime="2021-04-13T16:09:41.6820253-04:00" testType="13cdc9d9-ddb5-4fa4-a97d-d965ccfc6d4b" outcome="Failed" testListId="8c84fa94-04c1-424b-9868-57a2d4851a1d" relativeResultsDirectory="53772306-ebea-4809-9a7e-a050bc168377" />
        <UnitTestResult executionId="db711e2c-747d-46ca-a379-758754110f48" parentExecutionId="02ea6333-26ed-4913-b3ea-4450a60d8a48" testId="bd6fac14-3568-45c0-b393-c73c22487313" testName="4- register course to student(student1course1)-generictest (OTVerifyWhetherActualCourseOnWaitlistWhenRegisteredInActualClassSection)" computerName="CLTBUILD23" startTime="2021-04-13T16:09:41.6820253-04:00" endTime="2021-04-13T16:09:41.6820253-04:00" testType="13cdc9d9-ddb5-4fa4-a97d-d965ccfc6d4b" outcome="Failed" testListId="8c84fa94-04c1-424b-9868-57a2d4851a1d" relativeResultsDirectory="db711e2c-747d-46ca-a379-758754110f48" />
        <UnitTestResult executionId="5aafce8c-5c4a-4266-b592-e50dcb9d496b" parentExecutionId="02ea6333-26ed-4913-b3ea-4450a60d8a48" testId="dc9807bc-d415-4bd5-b684-7feebf7ab79a" testName="5- add course to student(student2course1)-generictest (OTVerifyWhetherActualCourseOnWaitlistWhenRegisteredInActualClassSection)" computerName="CLTBUILD23" startTime="2021-04-13T16:09:41.6820253-04:00" endTime="2021-04-13T16:09:41.6820253-04:00" testType="13cdc9d9-ddb5-4fa4-a97d-d965ccfc6d4b" outcome="Failed" testListId="8c84fa94-04c1-424b-9868-57a2d4851a1d" relativeResultsDirectory="5aafce8c-5c4a-4266-b592-e50dcb9d496b" />
        <UnitTestResult executionId="f00c54ec-e0b1-4dd4-909c-1974c1d4daa8" parentExecutionId="02ea6333-26ed-4913-b3ea-4450a60d8a48" testId="18703160-0ac6-42be-be8f-07f205b156ba" testName="6- add course to student(student2course2)-generictest (OTVerifyWhetherActualCourseOnWaitlistWhenRegisteredInActualClassSection)" computerName="CLTBUILD23" startTime="2021-04-13T16:09:41.6820253-04:00" endTime="2021-04-13T16:09:41.6820253-04:00" testType="13cdc9d9-ddb5-4fa4-a97d-d965ccfc6d4b" outcome="Failed" testListId="8c84fa94-04c1-424b-9868-57a2d4851a1d" relativeResultsDirectory="f00c54ec-e0b1-4dd4-909c-1974c1d4daa8" />
        <UnitTestResult executionId="d30e11e5-ff28-49c0-88b1-30cfa99d4985" parentExecutionId="02ea6333-26ed-4913-b3ea-4450a60d8a48" testId="bfbc3b63-90a3-4eae-8002-928b6b4480bd" testName="7- register course to student(student2course1)-generictest (OTVerifyWhetherActualCourseOnWaitlistWhenRegisteredInActualClassSection)" computerName="CLTBUILD23" startTime="2021-04-13T16:09:41.6820253-04:00" endTime="2021-04-13T16:09:41.6820253-04:00" testType="13cdc9d9-ddb5-4fa4-a97d-d965ccfc6d4b" outcome="Failed" testListId="8c84fa94-04c1-424b-9868-57a2d4851a1d" relativeResultsDirectory="d30e11e5-ff28-49c0-88b1-30cfa99d4985" />
      </InnerResults>
    </TestResultAggregation>
    <TestResultAggregation executionId="d5dcfb5e-575d-4722-af68-cd2a9a91cf93" testId="fb5bd640-a76d-49cd-bbc3-d81ec04f12e4" testName="OTPublishScheduleforaTermwhichisaFloatingTerm" computerName="CLTBUILD23" startTime="2021-04-13T16:09:41.6039100-04:00" endTime="2021-04-13T16:09:41.6039100-04:00" testType="ec4800e8-40e5-4ab3-8510-b8bf29b1904d" outcome="Failed" testListId="8c84fa94-04c1-424b-9868-57a2d4851a1d" relativeResultsDirectory="d5dcfb5e-575d-4722-af68-cd2a9a91cf93">
      <InnerResults>
        <UnitTestResult executionId="9cf80774-f147-491e-ab6d-6f80d262c786" parentExecutionId="d5dcfb5e-575d-4722-af68-cd2a9a91cf93" testId="2ed37b5e-f83e-4ac7-a7b3-dcb3a2f7204c" testName="1- checkingisfloatingtermusedforthecampus (OTPublishScheduleforaTermwhichisaFloatingTerm)" computerName="CLTBUILD23" startTime="2021-04-13T16:09:41.6195352-04:00" endTime="2021-04-13T16:09:41.6195352-04:00" testType="13cdc9d9-ddb5-4fa4-a97d-d965ccfc6d4b" outcome="Failed" testListId="8c84fa94-04c1-424b-9868-57a2d4851a1d" relativeResultsDirectory="9cf80774-f147-491e-ab6d-6f80d262c786" />
        <UnitTestResult executionId="ed4349cb-42b7-4a3c-ba67-abba65beb3a1" parentExecutionId="d5dcfb5e-575d-4722-af68-cd2a9a91cf93" testId="283a7192-8b92-40e7-a804-c2ea1f7ef0a0" testName="2- publishingschedulescenario4 (OTPublishScheduleforaTermwhichisaFloatingTerm)" computerName="CLTBUILD23" startTime="2021-04-13T16:09:41.6195352-04:00" endTime="2021-04-13T16:09:41.6195352-04:00" testType="13cdc9d9-ddb5-4fa4-a97d-d965ccfc6d4b" outcome="Failed" testListId="8c84fa94-04c1-424b-9868-57a2d4851a1d" relativeResultsDirectory="ed4349cb-42b7-4a3c-ba67-abba65beb3a1" />
      </InnerResults>
    </TestResultAggregation>
    <TestResultAggregation executionId="51bf71d5-e650-4b19-8fb6-2c79965d36b2" testId="f76c6185-0ff9-48a8-8426-f3f7f30d99d5" testName="OTClearingWaitlistforspecificStudentwhenclearwaitlistisnotallowed" computerName="CLTBUILD23" startTime="2021-04-13T16:09:41.5257991-04:00" endTime="2021-04-13T16:09:41.5257991-04:00" testType="ec4800e8-40e5-4ab3-8510-b8bf29b1904d" outcome="Failed" testListId="8c84fa94-04c1-424b-9868-57a2d4851a1d" relativeResultsDirectory="51bf71d5-e650-4b19-8fb6-2c79965d36b2">
      <InnerResults>
        <UnitTestResult executionId="d0358dbd-8542-43e0-bfb7-3b4e5c615f87" parentExecutionId="51bf71d5-e650-4b19-8fb6-2c79965d36b2" testId="430caaf1-1443-4b34-9927-147535979093" testName="1- allowclearwaitlistisunchecked-generictest (OTClearingWaitlistforspecificStudentwhenclearwaitlistisnotallowed)" computerName="CLTBUILD23" startTime="2021-04-13T16:09:41.5726685-04:00" endTime="2021-04-13T16:09:41.5726685-04:00" testType="13cdc9d9-ddb5-4fa4-a97d-d965ccfc6d4b" outcome="Failed" testListId="8c84fa94-04c1-424b-9868-57a2d4851a1d" relativeResultsDirectory="d0358dbd-8542-43e0-bfb7-3b4e5c615f87" />
        <UnitTestResult executionId="18df9d55-87eb-463e-8312-3e62b4b1450a" parentExecutionId="51bf71d5-e650-4b19-8fb6-2c79965d36b2" testId="90c5fab7-52b7-46be-9017-e97c600867d9" testName="2- clearingwaitlistnotallowedforspecific-generictest (OTClearingWaitlistforspecificStudentwhenclearwaitlistisnotallowed)" computerName="CLTBUILD23" startTime="2021-04-13T16:09:41.5726685-04:00" endTime="2021-04-13T16:09:41.5726685-04:00" testType="13cdc9d9-ddb5-4fa4-a97d-d965ccfc6d4b" outcome="Failed" testListId="8c84fa94-04c1-424b-9868-57a2d4851a1d" relativeResultsDirectory="18df9d55-87eb-463e-8312-3e62b4b1450a" />
      </InnerResults>
    </TestResultAggregation>
    <TestResultAggregation executionId="ca1f5a6b-e0ca-47ad-beff-97a7fd55d440" testId="ac6231a6-453b-4291-996c-28544d7b4118" testName="OTVerifyWhetherUserIsUanleToRegisterSubstituteCourseWhenMainActiveSubstituteInactive" computerName="CLTBUILD23" startTime="2021-04-13T16:09:41.6507843-04:00" endTime="2021-04-13T16:09:41.6507843-04:00" testType="ec4800e8-40e5-4ab3-8510-b8bf29b1904d" outcome="Failed" testListId="8c84fa94-04c1-424b-9868-57a2d4851a1d" relativeResultsDirectory="ca1f5a6b-e0ca-47ad-beff-97a7fd55d440">
      <InnerResults>
        <UnitTestResult executionId="e39123c7-d49f-4fa5-bf9a-2bf604c1edc0" parentExecutionId="ca1f5a6b-e0ca-47ad-beff-97a7fd55d440" testId="727d38f4-8d26-4fb5-a0d1-b498119a08db" testName="1- getsubstitutecoursedetailsfromcourselistcourse2-generictest (OTVerifyWhetherUserIsUanleToRegisterSubstituteCourseWhenMainActiveSubstituteInactive)" computerName="CLTBUILD23" startTime="2021-04-13T16:09:41.7132713-04:00" endTime="2021-04-13T16:09:41.7132713-04:00" testType="13cdc9d9-ddb5-4fa4-a97d-d965ccfc6d4b" outcome="Failed" testListId="8c84fa94-04c1-424b-9868-57a2d4851a1d" relativeResultsDirectory="e39123c7-d49f-4fa5-bf9a-2bf604c1edc0" />
        <UnitTestResult executionId="b35127b1-e167-4e0f-9d77-c73139eb106d" parentExecutionId="ca1f5a6b-e0ca-47ad-beff-97a7fd55d440" testId="49b70fd1-f49b-4487-afd4-b5424bc6e3c5" testName="2- register substitute course to student course2-generictest (OTVerifyWhetherUserIsUanleToRegisterSubstituteCourseWhenMainActiveSubstituteInactive)" computerName="CLTBUILD23" startTime="2021-04-13T16:09:41.7132713-04:00" endTime="2021-04-13T16:09:41.7132713-04:00" testType="13cdc9d9-ddb5-4fa4-a97d-d965ccfc6d4b" outcome="Failed" testListId="8c84fa94-04c1-424b-9868-57a2d4851a1d" relativeResultsDirectory="b35127b1-e167-4e0f-9d77-c73139eb106d" />
      </InnerResults>
    </TestResultAggregation>
    <TestResultAggregation executionId="c4382cad-3fdd-427e-ac18-f93f0d5475c9" testId="05b22b7f-444e-4bc0-851a-6f1060666ae9" testName="OTCheckingtheInActiveInstructorandupdating" computerName="CLTBUILD23" startTime="2021-04-13T16:09:41.4633067-04:00" endTime="2021-04-13T16:09:41.4633067-04:00" testType="ec4800e8-40e5-4ab3-8510-b8bf29b1904d" outcome="Failed" testListId="8c84fa94-04c1-424b-9868-57a2d4851a1d" relativeResultsDirectory="c4382cad-3fdd-427e-ac18-f93f0d5475c9">
      <InnerResults>
        <UnitTestResult executionId="bc79dc82-5d62-4fd2-a9e1-6f74750e268a" parentExecutionId="c4382cad-3fdd-427e-ac18-f93f0d5475c9" testId="a294acc9-b435-4199-a4e8-4616f521d039" testName="1- createnewclassscheduleviewandupdateinstructor-generictest (OTCheckingtheInActiveInstructorandupdating)" computerName="CLTBUILD23" startTime="2021-04-13T16:09:41.5101730-04:00" endTime="2021-04-13T16:09:41.5101730-04:00" testType="13cdc9d9-ddb5-4fa4-a97d-d965ccfc6d4b" outcome="Failed" testListId="8c84fa94-04c1-424b-9868-57a2d4851a1d" relativeResultsDirectory="bc79dc82-5d62-4fd2-a9e1-6f74750e268a" />
        <UnitTestResult executionId="affb28cb-7ea8-4805-8906-3f918048397e" parentExecutionId="c4382cad-3fdd-427e-ac18-f93f0d5475c9" testId="8e1cf152-0f70-4b9f-b12d-37fa85ac3ea1" testName="2- process-instructormaintenance-generictest (OTCheckingtheInActiveInstructorandupdating)" computerName="CLTBUILD23" startTime="2021-04-13T16:09:41.5101730-04:00" endTime="2021-04-13T16:09:41.5101730-04:00" testType="13cdc9d9-ddb5-4fa4-a97d-d965ccfc6d4b" outcome="Failed" testListId="8c84fa94-04c1-424b-9868-57a2d4851a1d" relativeResultsDirectory="affb28cb-7ea8-4805-8906-3f918048397e" />
        <UnitTestResult executionId="b5619afa-a2ef-4e7a-bc06-b26e3f539eb4" parentExecutionId="c4382cad-3fdd-427e-ac18-f93f0d5475c9" testId="1bdadd23-367c-4cb2-9629-33ecc80a2f6d" testName="3- updateinstructorforclassschedule (OTCheckingtheInActiveInstructorandupdating)" computerName="CLTBUILD23" startTime="2021-04-13T16:09:41.5101730-04:00" endTime="2021-04-13T16:09:41.5101730-04:00" testType="13cdc9d9-ddb5-4fa4-a97d-d965ccfc6d4b" outcome="Failed" testListId="8c84fa94-04c1-424b-9868-57a2d4851a1d" relativeResultsDirectory="b5619afa-a2ef-4e7a-bc06-b26e3f539eb4" />
      </InnerResults>
    </TestResultAggregation>
    <TestResultAggregation executionId="64f4eb58-b854-439a-8bcf-9ea33a5f030a" testId="4b38391c-0e11-4dde-9d6c-f80a36b8ff91" testName="PreDeployOrderedTest" computerName="CLTBUILD23" startTime="2021-04-13T16:09:41.7445163-04:00" endTime="2021-04-13T16:09:41.7445163-04:00" testType="ec4800e8-40e5-4ab3-8510-b8bf29b1904d" outcome="Failed" testListId="8c84fa94-04c1-424b-9868-57a2d4851a1d" relativeResultsDirectory="64f4eb58-b854-439a-8bcf-9ea33a5f030a">
      <InnerResults>
        <UnitTestResult executionId="51298212-f556-4e02-b2c4-efbf1f9f2d98" parentExecutionId="64f4eb58-b854-439a-8bcf-9ea33a5f030a" testId="7356f06b-177a-4046-9f9c-d16da1d7da6c" testName="1- predeploygenerictest (PreDeployOrderedTest)" computerName="CLTBUILD23" startTime="2021-04-13T16:09:41.8851218-04:00" endTime="2021-04-13T16:09:41.8851218-04:00" testType="13cdc9d9-ddb5-4fa4-a97d-d965ccfc6d4b" outcome="Failed" testListId="8c84fa94-04c1-424b-9868-57a2d4851a1d" relativeResultsDirectory="51298212-f556-4e02-b2c4-efbf1f9f2d98" />
      </InnerResults>
    </TestResultAggregation>
    <TestResultAggregation executionId="9059987a-faae-46f9-b683-a9a4b358f9b0" testId="e71884c7-e95b-4895-92a3-1a2f4a68c1f0" testName="OTCheckingStudentsChoiceafterchangeonClassSchedule" computerName="CLTBUILD23" startTime="2021-04-13T16:09:41.4633067-04:00" endTime="2021-04-13T16:09:41.4633067-04:00" testType="ec4800e8-40e5-4ab3-8510-b8bf29b1904d" outcome="Failed" testListId="8c84fa94-04c1-424b-9868-57a2d4851a1d" relativeResultsDirectory="9059987a-faae-46f9-b683-a9a4b358f9b0">
      <InnerResults>
        <UnitTestResult executionId="5b1dd542-a0ac-4cec-9787-08e4afecefea" parentExecutionId="9059987a-faae-46f9-b683-a9a4b358f9b0" testId="970482c1-f5ff-49f8-8a70-f81fc0013ffa" testName="1- addcoursetostudentforstudentschoice_passfailchecked-generictest (OTCheckingStudentsChoiceafterchangeonClassSchedule)" computerName="CLTBUILD23" startTime="2021-04-13T16:09:41.4789283-04:00" endTime="2021-04-13T16:09:41.4789283-04:00" testType="13cdc9d9-ddb5-4fa4-a97d-d965ccfc6d4b" outcome="Failed" testListId="8c84fa94-04c1-424b-9868-57a2d4851a1d" relativeResultsDirectory="5b1dd542-a0ac-4cec-9787-08e4afecefea" />
        <UnitTestResult executionId="062e03c3-3070-4da7-a6a5-d321c24545f3" parentExecutionId="9059987a-faae-46f9-b683-a9a4b358f9b0" testId="d7efbccd-c63c-4a7f-999b-53b612c5668a" testName="2- registercoursetostudentstudentschoice_passfailchecked-generictest (OTCheckingStudentsChoiceafterchangeonClassSchedule)" computerName="CLTBUILD23" startTime="2021-04-13T16:09:41.4789283-04:00" endTime="2021-04-13T16:09:41.4789283-04:00" testType="13cdc9d9-ddb5-4fa4-a97d-d965ccfc6d4b" outcome="Failed" testListId="8c84fa94-04c1-424b-9868-57a2d4851a1d" relativeResultsDirectory="062e03c3-3070-4da7-a6a5-d321c24545f3" />
        <UnitTestResult executionId="e2b03786-2801-4ef1-aefb-9ca22ef53549" parentExecutionId="9059987a-faae-46f9-b683-a9a4b358f9b0" testId="6a11b895-1bb1-492d-8df8-7b2438721210" testName="3- updateclassscheduledetailsforstudentschoice-generictest (OTCheckingStudentsChoiceafterchangeonClassSchedule)" computerName="CLTBUILD23" startTime="2021-04-13T16:09:41.4789283-04:00" endTime="2021-04-13T16:09:41.4789283-04:00" testType="13cdc9d9-ddb5-4fa4-a97d-d965ccfc6d4b" outcome="Failed" testListId="8c84fa94-04c1-424b-9868-57a2d4851a1d" relativeResultsDirectory="e2b03786-2801-4ef1-aefb-9ca22ef53549" />
        <UnitTestResult executionId="04a22d2f-ce60-4b5e-b25f-3a6f69911acf" parentExecutionId="9059987a-faae-46f9-b683-a9a4b358f9b0" testId="eb54c809-adfb-40ff-a3d4-e0a8313a18a8" testName="4- checkingregisteredcoursedetailsforstudentschoice-generictest (OTCheckingStudentsChoiceafterchangeonClassSchedule)" computerName="CLTBUILD23" startTime="2021-04-13T16:09:41.4789283-04:00" endTime="2021-04-13T16:09:41.4789283-04:00" testType="13cdc9d9-ddb5-4fa4-a97d-d965ccfc6d4b" outcome="Failed" testListId="8c84fa94-04c1-424b-9868-57a2d4851a1d" relativeResultsDirectory="04a22d2f-ce60-4b5e-b25f-3a6f69911acf" />
      </InnerResults>
    </TestResultAggregation>
    <TestResultAggregation executionId="2493fed7-0e59-4dfe-b7b7-5181f5053aa7" testId="c227bb34-2dfd-418a-9385-dc60cb846e9d" testName="Task" computerName="CLTBUILD23" startTime="2021-04-13T16:09:41.7132713-04:00" endTime="2021-04-13T16:09:41.7132713-04:00" testType="ec4800e8-40e5-4ab3-8510-b8bf29b1904d" outcome="Failed" testListId="8c84fa94-04c1-424b-9868-57a2d4851a1d" relativeResultsDirectory="2493fed7-0e59-4dfe-b7b7-5181f5053aa7">
      <InnerResults>
        <UnitTestResult executionId="3717c634-b2f4-4c35-8d3d-2f072fb18468" parentExecutionId="2493fed7-0e59-4dfe-b7b7-5181f5053aa7" testId="a1b78339-d65b-4ad8-919b-a211092bc622" testName="1- tasknonsystemcrud-generictest (Task)" computerName="CLTBUILD23" startTime="2021-04-13T16:09:41.8382578-04:00" endTime="2021-04-13T16:09:41.8382578-04:00" testType="13cdc9d9-ddb5-4fa4-a97d-d965ccfc6d4b" outcome="Failed" testListId="8c84fa94-04c1-424b-9868-57a2d4851a1d" relativeResultsDirectory="3717c634-b2f4-4c35-8d3d-2f072fb18468" />
        <UnitTestResult executionId="f429b329-89ad-4173-8b7d-6b9a052e421c" parentExecutionId="2493fed7-0e59-4dfe-b7b7-5181f5053aa7" testId="ce8bad3b-5b7e-4ad1-ade0-51c7bc02a8fc" testName="2- tasksystemcrud-generictest (Task)" computerName="CLTBUILD23" startTime="2021-04-13T16:09:41.8382578-04:00" endTime="2021-04-13T16:09:41.8382578-04:00" testType="13cdc9d9-ddb5-4fa4-a97d-d965ccfc6d4b" outcome="Failed" testListId="8c84fa94-04c1-424b-9868-57a2d4851a1d" relativeResultsDirectory="f429b329-89ad-4173-8b7d-6b9a052e421c" />
        <UnitTestResult executionId="88a68c2b-3283-42a8-85aa-f8d10448a9e7" parentExecutionId="2493fed7-0e59-4dfe-b7b7-5181f5053aa7" testId="d8ffadf1-5058-44a9-8909-5a00b6e9f532" testName="3- taskothers-generictest (Task)" computerName="CLTBUILD23" startTime="2021-04-13T16:09:41.8382578-04:00" endTime="2021-04-13T16:09:41.8382578-04:00" testType="13cdc9d9-ddb5-4fa4-a97d-d965ccfc6d4b" outcome="Failed" testListId="8c84fa94-04c1-424b-9868-57a2d4851a1d" relativeResultsDirectory="88a68c2b-3283-42a8-85aa-f8d10448a9e7" />
        <UnitTestResult executionId="488f08b2-2b61-47b9-922a-a378fc61f079" parentExecutionId="2493fed7-0e59-4dfe-b7b7-5181f5053aa7" testId="2513b3fe-625d-4505-a0ac-270158766b03" testName="4- tasksecurity-generictest (Task)" computerName="CLTBUILD23" startTime="2021-04-13T16:09:41.8382578-04:00" endTime="2021-04-13T16:09:41.8382578-04:00" testType="13cdc9d9-ddb5-4fa4-a97d-d965ccfc6d4b" outcome="Failed" testListId="8c84fa94-04c1-424b-9868-57a2d4851a1d" relativeResultsDirectory="488f08b2-2b61-47b9-922a-a378fc61f079" />
      </InnerResults>
    </TestResultAggregation>
    <TestResultAggregation executionId="23611168-0744-4bd7-bd05-240c71cde469" testId="347295d5-5bb3-4115-82e3-05fbdbb1bf32" testName="OTCheckPassFailFlagforWailistedRegisteredStudent" computerName="CLTBUILD23" startTime="2021-04-13T16:09:41.4164382-04:00" endTime="2021-04-13T16:09:41.4320599-04:00" testType="ec4800e8-40e5-4ab3-8510-b8bf29b1904d" outcome="Failed" testListId="8c84fa94-04c1-424b-9868-57a2d4851a1d" relativeResultsDirectory="23611168-0744-4bd7-bd05-240c71cde469">
      <InnerResults>
        <UnitTestResult executionId="c53e39dd-2067-46f9-99a7-c1602eb65ed2" parentExecutionId="23611168-0744-4bd7-bd05-240c71cde469" testId="14404893-07f2-40da-99b2-9e92305da549" testName="1- registercoursetomultiplestudents-generictest (OTCheckPassFailFlagforWailistedRegisteredStudent)" computerName="CLTBUILD23" startTime="2021-04-13T16:09:41.4476828-04:00" endTime="2021-04-13T16:09:41.4476828-04:00" testType="13cdc9d9-ddb5-4fa4-a97d-d965ccfc6d4b" outcome="Failed" testListId="8c84fa94-04c1-424b-9868-57a2d4851a1d" relativeResultsDirectory="c53e39dd-2067-46f9-99a7-c1602eb65ed2" />
        <UnitTestResult executionId="2280f223-c09b-471e-be0f-961bab434248" parentExecutionId="23611168-0744-4bd7-bd05-240c71cde469" testId="99a5de8b-b4c1-4a85-87c1-d1cd49d06bbe" testName="2- acceptwaitliststudents-generictest (OTCheckPassFailFlagforWailistedRegisteredStudent)" computerName="CLTBUILD23" startTime="2021-04-13T16:09:41.4476828-04:00" endTime="2021-04-13T16:09:41.4476828-04:00" testType="13cdc9d9-ddb5-4fa4-a97d-d965ccfc6d4b" outcome="Failed" testListId="8c84fa94-04c1-424b-9868-57a2d4851a1d" relativeResultsDirectory="2280f223-c09b-471e-be0f-961bab434248" />
        <UnitTestResult executionId="5c5f454a-db7e-4863-a900-97dc0453f9ad" parentExecutionId="23611168-0744-4bd7-bd05-240c71cde469" testId="eb0d2d33-fd74-4882-852c-e3309f10bc61" testName="3- checkpassfailflagforwailistedregisteredstudent-generictest (OTCheckPassFailFlagforWailistedRegisteredStudent)" computerName="CLTBUILD23" startTime="2021-04-13T16:09:41.4476828-04:00" endTime="2021-04-13T16:09:41.4476828-04:00" testType="13cdc9d9-ddb5-4fa4-a97d-d965ccfc6d4b" outcome="Failed" testListId="8c84fa94-04c1-424b-9868-57a2d4851a1d" relativeResultsDirectory="5c5f454a-db7e-4863-a900-97dc0453f9ad" />
      </InnerResults>
    </TestResultAggregation>
    <TestResultAggregation executionId="c6b16948-1d58-49b8-9d79-97ced3639990" testId="e6b190c3-d26f-4dd0-a877-f506f95b750e" testName="OTConvertRegisteredCoursetoAuditCourse" computerName="CLTBUILD23" startTime="2021-04-13T16:09:41.5257991-04:00" endTime="2021-04-13T16:09:41.5414207-04:00" testType="ec4800e8-40e5-4ab3-8510-b8bf29b1904d" outcome="Failed" testListId="8c84fa94-04c1-424b-9868-57a2d4851a1d" relativeResultsDirectory="c6b16948-1d58-49b8-9d79-97ced3639990">
      <InnerResults>
        <UnitTestResult executionId="967c7e88-c32d-4a92-b201-90c54fa836e8" parentExecutionId="c6b16948-1d58-49b8-9d79-97ced3639990" testId="baf34c8c-12ed-4553-88cd-66fce6ca7490" testName="1- register course to student-generictest (OTConvertRegisteredCoursetoAuditCourse)" computerName="CLTBUILD23" startTime="2021-04-13T16:09:41.5726685-04:00" endTime="2021-04-13T16:09:41.5726685-04:00" testType="13cdc9d9-ddb5-4fa4-a97d-d965ccfc6d4b" outcome="Failed" testListId="8c84fa94-04c1-424b-9868-57a2d4851a1d" relativeResultsDirectory="967c7e88-c32d-4a92-b201-90c54fa836e8" />
        <UnitTestResult executionId="ec3cd0ed-8a4a-48a3-bfd0-681f0c2636cd" parentExecutionId="c6b16948-1d58-49b8-9d79-97ced3639990" testId="b67db915-27ea-45f9-a6e0-4bec6849499b" testName="2- converttoauditcourse-generictest (OTConvertRegisteredCoursetoAuditCourse)" computerName="CLTBUILD23" startTime="2021-04-13T16:09:41.5726685-04:00" endTime="2021-04-13T16:09:41.5726685-04:00" testType="13cdc9d9-ddb5-4fa4-a97d-d965ccfc6d4b" outcome="Failed" testListId="8c84fa94-04c1-424b-9868-57a2d4851a1d" relativeResultsDirectory="ec3cd0ed-8a4a-48a3-bfd0-681f0c2636cd" />
      </InnerResults>
    </TestResultAggregation>
    <TestResultAggregation executionId="b7110f69-1976-450d-bb5d-c8abcf76c026" testId="edbb3e5c-15b3-4837-b0d7-62e887f15551" testName="OTCreatingaViewandCheckingtheViewisSaved" computerName="CLTBUILD23" startTime="2021-04-13T16:09:41.6976492-04:00" endTime="2021-04-13T16:09:41.7132713-04:00" testType="ec4800e8-40e5-4ab3-8510-b8bf29b1904d" outcome="Failed" testListId="8c84fa94-04c1-424b-9868-57a2d4851a1d" relativeResultsDirectory="b7110f69-1976-450d-bb5d-c8abcf76c026">
      <InnerResults>
        <UnitTestResult executionId="4cf77c16-c1f8-4d4f-bcbe-8f2492c42a93" parentExecutionId="b7110f69-1976-450d-bb5d-c8abcf76c026" testId="08fce4ac-65e4-43ca-9cbf-a7ea7850021c" testName="1- creatingandviewingtheviews-generictest (OTCreatingaViewandCheckingtheViewisSaved)" computerName="CLTBUILD23" startTime="2021-04-13T16:09:41.8382578-04:00" endTime="2021-04-13T16:09:41.8382578-04:00" testType="13cdc9d9-ddb5-4fa4-a97d-d965ccfc6d4b" outcome="Failed" testListId="8c84fa94-04c1-424b-9868-57a2d4851a1d" relativeResultsDirectory="4cf77c16-c1f8-4d4f-bcbe-8f2492c42a93" />
      </InnerResults>
    </TestResultAggregation>
    <TestResultAggregation executionId="f8722d4b-878b-4c0e-af2f-4cb352a1c558" testId="f265a6ea-82ee-4052-bb78-9fb65f79b593" testName="FinancialAidAllApis-OrderedTest" computerName="CLTBUILD23" startTime="2021-04-13T16:09:41.7132713-04:00" endTime="2021-04-13T16:09:41.7132713-04:00" testType="ec4800e8-40e5-4ab3-8510-b8bf29b1904d" outcome="Failed" testListId="8c84fa94-04c1-424b-9868-57a2d4851a1d" relativeResultsDirectory="f8722d4b-878b-4c0e-af2f-4cb352a1c558">
      <InnerResults>
        <UnitTestResult executionId="bc59450f-c973-4a69-bb62-84336236ae62" parentExecutionId="f8722d4b-878b-4c0e-af2f-4cb352a1c558" testId="3170fd3e-d419-4712-885b-e0c179db779f" testName="01- academicyears-generictest (FinancialAidAllApis-OrderedTest)" computerName="CLTBUILD23" startTime="2021-04-13T16:09:41.8382578-04:00" endTime="2021-04-13T16:09:41.8382578-04:00" testType="13cdc9d9-ddb5-4fa4-a97d-d965ccfc6d4b" outcome="Failed" testListId="8c84fa94-04c1-424b-9868-57a2d4851a1d" relativeResultsDirectory="bc59450f-c973-4a69-bb62-84336236ae62" />
        <UnitTestResult executionId="ef74269b-1419-413f-8bd8-fe83bc956c5a" parentExecutionId="f8722d4b-878b-4c0e-af2f-4cb352a1c558" testId="9c7adc63-413a-4708-b090-303adb19e74a" testName="02- budgets-generictest (FinancialAidAllApis-OrderedTest)" computerName="CLTBUILD23" startTime="2021-04-13T16:09:41.8382578-04:00" endTime="2021-04-13T16:09:41.8382578-04:00" testType="13cdc9d9-ddb5-4fa4-a97d-d965ccfc6d4b" outcome="Failed" testListId="8c84fa94-04c1-424b-9868-57a2d4851a1d" relativeResultsDirectory="ef74269b-1419-413f-8bd8-fe83bc956c5a" />
        <UnitTestResult executionId="41edc0ac-6172-4999-a1c7-27573ef16b97" parentExecutionId="f8722d4b-878b-4c0e-af2f-4cb352a1c558" testId="65ab3f14-e4e7-446c-b889-d444e21e3fec" testName="03- budgetsdeletevalidation-generictest (FinancialAidAllApis-OrderedTest)" computerName="CLTBUILD23" startTime="2021-04-13T16:09:41.8382578-04:00" endTime="2021-04-13T16:09:41.8382578-04:00" testType="13cdc9d9-ddb5-4fa4-a97d-d965ccfc6d4b" outcome="Failed" testListId="8c84fa94-04c1-424b-9868-57a2d4851a1d" relativeResultsDirectory="41edc0ac-6172-4999-a1c7-27573ef16b97" />
        <UnitTestResult executionId="6dc6238e-ca7e-48bf-88f8-388f5ae93d48" parentExecutionId="f8722d4b-878b-4c0e-af2f-4cb352a1c558" testId="8d8015e5-b72b-4fbb-b66d-a332a4d440cd" testName="04- cod-generictest (FinancialAidAllApis-OrderedTest)" computerName="CLTBUILD23" startTime="2021-04-13T16:09:41.8382578-04:00" endTime="2021-04-13T16:09:41.8382578-04:00" testType="13cdc9d9-ddb5-4fa4-a97d-d965ccfc6d4b" outcome="Failed" testListId="8c84fa94-04c1-424b-9868-57a2d4851a1d" relativeResultsDirectory="6dc6238e-ca7e-48bf-88f8-388f5ae93d48" />
        <UnitTestResult executionId="43603322-c2f0-441e-b313-1fd2588dae55" parentExecutionId="f8722d4b-878b-4c0e-af2f-4cb352a1c558" testId="b563f5e8-3a80-4a2e-83aa-22671e3251fd" testName="05- codgrants-generictest (FinancialAidAllApis-OrderedTest)" computerName="CLTBUILD23" startTime="2021-04-13T16:09:41.8382578-04:00" endTime="2021-04-13T16:09:41.8382578-04:00" testType="13cdc9d9-ddb5-4fa4-a97d-d965ccfc6d4b" outcome="Failed" testListId="8c84fa94-04c1-424b-9868-57a2d4851a1d" relativeResultsDirectory="43603322-c2f0-441e-b313-1fd2588dae55" />
        <UnitTestResult executionId="ceefc0bd-d405-4c59-b5a3-686d6e6a8f25" parentExecutionId="f8722d4b-878b-4c0e-af2f-4cb352a1c558" testId="3fb08cf5-d009-44f9-98b7-31fb80e76822" testName="06- commonline-generictest (FinancialAidAllApis-OrderedTest)" computerName="CLTBUILD23" startTime="2021-04-13T16:09:41.8538821-04:00" endTime="2021-04-13T16:09:41.8538821-04:00" testType="13cdc9d9-ddb5-4fa4-a97d-d965ccfc6d4b" outcome="Failed" testListId="8c84fa94-04c1-424b-9868-57a2d4851a1d" relativeResultsDirectory="ceefc0bd-d405-4c59-b5a3-686d6e6a8f25" />
        <UnitTestResult executionId="ffe45fed-9770-4689-93f4-bd0054cb8706" parentExecutionId="f8722d4b-878b-4c0e-af2f-4cb352a1c558" testId="6d384dc9-3d84-49b8-9337-0b3a0c62f8b6" testName="07- commonlinerecipientcreateandupdate-generictest (FinancialAidAllApis-OrderedTest)" computerName="CLTBUILD23" startTime="2021-04-13T16:09:41.8538821-04:00" endTime="2021-04-13T16:09:41.8538821-04:00" testType="13cdc9d9-ddb5-4fa4-a97d-d965ccfc6d4b" outcome="Failed" testListId="8c84fa94-04c1-424b-9868-57a2d4851a1d" relativeResultsDirectory="ffe45fed-9770-4689-93f4-bd0054cb8706" />
        <UnitTestResult executionId="fe701124-2b29-4c34-ba02-68936d6298a4" parentExecutionId="f8722d4b-878b-4c0e-af2f-4cb352a1c558" testId="62a8c8b5-6986-4281-870f-ad1e9932c820" testName="08- directloan-generictest (FinancialAidAllApis-OrderedTest)" computerName="CLTBUILD23" startTime="2021-04-13T16:09:41.8538821-04:00" endTime="2021-04-13T16:09:41.8538821-04:00" testType="13cdc9d9-ddb5-4fa4-a97d-d965ccfc6d4b" outcome="Failed" testListId="8c84fa94-04c1-424b-9868-57a2d4851a1d" relativeResultsDirectory="fe701124-2b29-4c34-ba02-68936d6298a4" />
        <UnitTestResult executionId="e8be9cca-d750-44ce-bc3a-c6b4494d0ae5" parentExecutionId="f8722d4b-878b-4c0e-af2f-4cb352a1c558" testId="adc8826e-be63-4376-95a3-7f3d74c253aa" testName="09- disabledfundsource-generictest (FinancialAidAllApis-OrderedTest)" computerName="CLTBUILD23" startTime="2021-04-13T16:09:41.8538821-04:00" endTime="2021-04-13T16:09:41.8538821-04:00" testType="13cdc9d9-ddb5-4fa4-a97d-d965ccfc6d4b" outcome="Failed" testListId="8c84fa94-04c1-424b-9868-57a2d4851a1d" relativeResultsDirectory="e8be9cca-d750-44ce-bc3a-c6b4494d0ae5" />
        <UnitTestResult executionId="193c0c6f-74ee-4baf-a33b-969480953c6c" parentExecutionId="f8722d4b-878b-4c0e-af2f-4cb352a1c558" testId="f744eadb-6561-446d-95a4-49fc7639bdbe" testName="10- disbursementapprovalrule-generictest (FinancialAidAllApis-OrderedTest)" computerName="CLTBUILD23" startTime="2021-04-13T16:09:41.8538821-04:00" endTime="2021-04-13T16:09:41.8538821-04:00" testType="13cdc9d9-ddb5-4fa4-a97d-d965ccfc6d4b" outcome="Failed" testListId="8c84fa94-04c1-424b-9868-57a2d4851a1d" relativeResultsDirectory="193c0c6f-74ee-4baf-a33b-969480953c6c" />
        <UnitTestResult executionId="53c24a8f-d163-4559-8253-fcf7ed0eea21" parentExecutionId="f8722d4b-878b-4c0e-af2f-4cb352a1c558" testId="0017d07b-712e-44de-910e-208b3183bef3" testName="11- disbursementapprovalrule_validation-generictest (FinancialAidAllApis-OrderedTest)" computerName="CLTBUILD23" startTime="2021-04-13T16:09:41.8538821-04:00" endTime="2021-04-13T16:09:41.8538821-04:00" testType="13cdc9d9-ddb5-4fa4-a97d-d965ccfc6d4b" outcome="Failed" testListId="8c84fa94-04c1-424b-9868-57a2d4851a1d" relativeResultsDirectory="53c24a8f-d163-4559-8253-fcf7ed0eea21" />
        <UnitTestResult executionId="638a4e41-3638-44f1-ae90-fe278c71e606" parentExecutionId="f8722d4b-878b-4c0e-af2f-4cb352a1c558" testId="81fccace-dc30-44cb-b778-b8f2692be908" testName="12- excusedabsencepolicycode-generictest (FinancialAidAllApis-OrderedTest)" computerName="CLTBUILD23" startTime="2021-04-13T16:09:41.8538821-04:00" endTime="2021-04-13T16:09:41.8538821-04:00" testType="13cdc9d9-ddb5-4fa4-a97d-d965ccfc6d4b" outcome="Failed" testListId="8c84fa94-04c1-424b-9868-57a2d4851a1d" relativeResultsDirectory="638a4e41-3638-44f1-ae90-fe278c71e606" />
        <UnitTestResult executionId="a942711a-6d55-4fd1-828f-50e9ffbf115a" parentExecutionId="f8722d4b-878b-4c0e-af2f-4cb352a1c558" testId="ecf4c4eb-442a-4c80-83ba-7afe00646c1a" testName="13- fapackagingstatus_crud-generictest (FinancialAidAllApis-OrderedTest)" computerName="CLTBUILD23" startTime="2021-04-13T16:09:41.8538821-04:00" endTime="2021-04-13T16:09:41.8538821-04:00" testType="13cdc9d9-ddb5-4fa4-a97d-d965ccfc6d4b" outcome="Failed" testListId="8c84fa94-04c1-424b-9868-57a2d4851a1d" relativeResultsDirectory="a942711a-6d55-4fd1-828f-50e9ffbf115a" />
        <UnitTestResult executionId="c254c6e0-54aa-4d0b-bed4-9fc720528867" parentExecutionId="f8722d4b-878b-4c0e-af2f-4cb352a1c558" testId="24bbe8b9-5486-40cf-b173-fd44abd241ae" testName="14- fasapstatus_savedupcheck-generictest (FinancialAidAllApis-OrderedTest)" computerName="CLTBUILD23" startTime="2021-04-13T16:09:41.8538821-04:00" endTime="2021-04-13T16:09:41.8538821-04:00" testType="13cdc9d9-ddb5-4fa4-a97d-d965ccfc6d4b" outcome="Failed" testListId="8c84fa94-04c1-424b-9868-57a2d4851a1d" relativeResultsDirectory="c254c6e0-54aa-4d0b-bed4-9fc720528867" />
        <UnitTestResult executionId="585d6a52-15d7-4822-81a3-ed0be6deb2e5" parentExecutionId="f8722d4b-878b-4c0e-af2f-4cb352a1c558" testId="03e094ee-d349-4317-b903-a14a29933f99" testName="15- fasapstatus_savenewdupcheck-generictest (FinancialAidAllApis-OrderedTest)" computerName="CLTBUILD23" startTime="2021-04-13T16:09:41.8538821-04:00" endTime="2021-04-13T16:09:41.8538821-04:00" testType="13cdc9d9-ddb5-4fa4-a97d-d965ccfc6d4b" outcome="Failed" testListId="8c84fa94-04c1-424b-9868-57a2d4851a1d" relativeResultsDirectory="585d6a52-15d7-4822-81a3-ed0be6deb2e5" />
        <UnitTestResult executionId="dbae27f1-b91a-4cae-a9e9-accf4fada209" parentExecutionId="f8722d4b-878b-4c0e-af2f-4cb352a1c558" testId="645075a5-cb89-4950-8452-2b16ea3f41fe" testName="16- fasapstatuscrud-generictest (FinancialAidAllApis-OrderedTest)" computerName="CLTBUILD23" startTime="2021-04-13T16:09:41.8538821-04:00" endTime="2021-04-13T16:09:41.8538821-04:00" testType="13cdc9d9-ddb5-4fa4-a97d-d965ccfc6d4b" outcome="Failed" testListId="8c84fa94-04c1-424b-9868-57a2d4851a1d" relativeResultsDirectory="dbae27f1-b91a-4cae-a9e9-accf4fada209" />
        <UnitTestResult executionId="601846ad-2d26-4339-8f61-da69b8bbb40e" parentExecutionId="f8722d4b-878b-4c0e-af2f-4cb352a1c558" testId="80b0a665-78f0-465c-9fa8-90add9185cec" testName="17- falender-generictest (FinancialAidAllApis-OrderedTest)" computerName="CLTBUILD23" startTime="2021-04-13T16:09:41.8538821-04:00" endTime="2021-04-13T16:09:41.8538821-04:00" testType="13cdc9d9-ddb5-4fa4-a97d-d965ccfc6d4b" outcome="Failed" testListId="8c84fa94-04c1-424b-9868-57a2d4851a1d" relativeResultsDirectory="601846ad-2d26-4339-8f61-da69b8bbb40e" />
        <UnitTestResult executionId="1df1c8b7-7a6c-4604-bcc7-bb3bc86ca020" parentExecutionId="f8722d4b-878b-4c0e-af2f-4cb352a1c558" testId="178e7964-ed69-479f-ae9e-30371aace094" testName="18- fundsource-generictest (FinancialAidAllApis-OrderedTest)" computerName="CLTBUILD23" startTime="2021-04-13T16:09:41.8538821-04:00" endTime="2021-04-13T16:09:41.8538821-04:00" testType="13cdc9d9-ddb5-4fa4-a97d-d965ccfc6d4b" outcome="Failed" testListId="8c84fa94-04c1-424b-9868-57a2d4851a1d" relativeResultsDirectory="1df1c8b7-7a6c-4604-bcc7-bb3bc86ca020" />
        <UnitTestResult executionId="d3c682af-f3b2-4643-9f75-410e1455a594" parentExecutionId="f8722d4b-878b-4c0e-af2f-4cb352a1c558" testId="a074d4c5-baf7-4763-9493-8fad9b3e0d00" testName="19- generalledgerfunds-generictest (FinancialAidAllApis-OrderedTest)" computerName="CLTBUILD23" startTime="2021-04-13T16:09:41.8538821-04:00" endTime="2021-04-13T16:09:41.8538821-04:00" testType="13cdc9d9-ddb5-4fa4-a97d-d965ccfc6d4b" outcome="Failed" testListId="8c84fa94-04c1-424b-9868-57a2d4851a1d" relativeResultsDirectory="d3c682af-f3b2-4643-9f75-410e1455a594" />
        <UnitTestResult executionId="8c2b05b2-55ec-490c-811a-7e10d9508aad" parentExecutionId="f8722d4b-878b-4c0e-af2f-4cb352a1c558" testId="6beef60c-5edc-4317-9254-4f892c9d4d64" testName="20- hopescholarships.generictest (FinancialAidAllApis-OrderedTest)" computerName="CLTBUILD23" startTime="2021-04-13T16:09:41.8538821-04:00" endTime="2021-04-13T16:09:41.8538821-04:00" testType="13cdc9d9-ddb5-4fa4-a97d-d965ccfc6d4b" outcome="Failed" testListId="8c84fa94-04c1-424b-9868-57a2d4851a1d" relativeResultsDirectory="8c2b05b2-55ec-490c-811a-7e10d9508aad" />
        <UnitTestResult executionId="b53bfa01-9444-4e60-bc0a-ea3f300ac439" parentExecutionId="f8722d4b-878b-4c0e-af2f-4cb352a1c558" testId="532b1862-d028-4d52-b05d-6c4acfee7e90" testName="21- icutreportings.generictest (FinancialAidAllApis-OrderedTest)" computerName="CLTBUILD23" startTime="2021-04-13T16:09:41.8538821-04:00" endTime="2021-04-13T16:09:41.8538821-04:00" testType="13cdc9d9-ddb5-4fa4-a97d-d965ccfc6d4b" outcome="Failed" testListId="8c84fa94-04c1-424b-9868-57a2d4851a1d" relativeResultsDirectory="b53bfa01-9444-4e60-bc0a-ea3f300ac439" />
        <UnitTestResult executionId="03b9b3a7-86c5-4871-bcc7-15f56439bfe6" parentExecutionId="f8722d4b-878b-4c0e-af2f-4cb352a1c558" testId="482e8b43-6367-48d6-8ea2-3ac3f6e68517" testName="22- packagingmethod-generictest (FinancialAidAllApis-OrderedTest)" computerName="CLTBUILD23" startTime="2021-04-13T16:09:41.8538821-04:00" endTime="2021-04-13T16:09:41.8538821-04:00" testType="13cdc9d9-ddb5-4fa4-a97d-d965ccfc6d4b" outcome="Failed" testListId="8c84fa94-04c1-424b-9868-57a2d4851a1d" relativeResultsDirectory="03b9b3a7-86c5-4871-bcc7-15f56439bfe6" />
        <UnitTestResult executionId="ab57c626-67a5-435b-b78e-81548c17603e" parentExecutionId="f8722d4b-878b-4c0e-af2f-4cb352a1c558" testId="3945606f-fed6-4996-ac03-6b693b16ceba" testName="23- packagingmethodvalidations-generictest (FinancialAidAllApis-OrderedTest)" computerName="CLTBUILD23" startTime="2021-04-13T16:09:41.8538821-04:00" endTime="2021-04-13T16:09:41.8538821-04:00" testType="13cdc9d9-ddb5-4fa4-a97d-d965ccfc6d4b" outcome="Failed" testListId="8c84fa94-04c1-424b-9868-57a2d4851a1d" relativeResultsDirectory="ab57c626-67a5-435b-b78e-81548c17603e" />
        <UnitTestResult executionId="11022cfc-60f1-4f98-a1cf-b52c7d9ba8f0" parentExecutionId="f8722d4b-878b-4c0e-af2f-4cb352a1c558" testId="88d5ca4b-277c-48f1-9bf0-ad21d785a214" testName="24- packagingstatuspromotions-generictest (FinancialAidAllApis-OrderedTest)" computerName="CLTBUILD23" startTime="2021-04-13T16:09:41.8538821-04:00" endTime="2021-04-13T16:09:41.8538821-04:00" testType="13cdc9d9-ddb5-4fa4-a97d-d965ccfc6d4b" outcome="Failed" testListId="8c84fa94-04c1-424b-9868-57a2d4851a1d" relativeResultsDirectory="11022cfc-60f1-4f98-a1cf-b52c7d9ba8f0" />
        <UnitTestResult executionId="3867b1ca-2b87-4d1a-b008-b8ece6d1c3eb" parentExecutionId="f8722d4b-878b-4c0e-af2f-4cb352a1c558" testId="bbf114db-2b76-4370-b791-fff9c6e6651f" testName="25- programsetup.generictest (FinancialAidAllApis-OrderedTest)" computerName="CLTBUILD23" startTime="2021-04-13T16:09:41.8538821-04:00" endTime="2021-04-13T16:09:41.8538821-04:00" testType="13cdc9d9-ddb5-4fa4-a97d-d965ccfc6d4b" outcome="Failed" testListId="8c84fa94-04c1-424b-9868-57a2d4851a1d" relativeResultsDirectory="3867b1ca-2b87-4d1a-b008-b8ece6d1c3eb" />
        <UnitTestResult executionId="24319e8b-e501-4b33-98e4-c1bea802cf34" parentExecutionId="f8722d4b-878b-4c0e-af2f-4cb352a1c558" testId="e1d81e87-3f55-43e3-b8ff-5e4872f77049" testName="26- setawardlimits-generictest (FinancialAidAllApis-OrderedTest)" computerName="CLTBUILD23" startTime="2021-04-13T16:09:41.8538821-04:00" endTime="2021-04-13T16:09:41.8538821-04:00" testType="13cdc9d9-ddb5-4fa4-a97d-d965ccfc6d4b" outcome="Failed" testListId="8c84fa94-04c1-424b-9868-57a2d4851a1d" relativeResultsDirectory="24319e8b-e501-4b33-98e4-c1bea802cf34" />
        <UnitTestResult executionId="ad7fe121-7d4b-4e13-b44d-3b77c0795469" parentExecutionId="f8722d4b-878b-4c0e-af2f-4cb352a1c558" testId="4b2d4469-086e-42e8-ba0c-98331d65b6c8" testName="27- thcbreporting.generictest (FinancialAidAllApis-OrderedTest)" computerName="CLTBUILD23" startTime="2021-04-13T16:09:41.8538821-04:00" endTime="2021-04-13T16:09:41.8538821-04:00" testType="13cdc9d9-ddb5-4fa4-a97d-d965ccfc6d4b" outcome="Failed" testListId="8c84fa94-04c1-424b-9868-57a2d4851a1d" relativeResultsDirectory="ad7fe121-7d4b-4e13-b44d-3b77c0795469" />
      </InnerResults>
    </TestResultAggregation>
    <TestResultAggregation executionId="ab4dcdc8-40cc-45ee-a111-90d510c291bc" testId="e954d55c-5f2e-4de7-acfa-878c625f0a5c" testName="OTCheckthePassFailfieldonRegistratingtheStudentsChoice_1ClassSchedule" computerName="CLTBUILD23" startTime="2021-04-13T16:09:41.4945527-04:00" endTime="2021-04-13T16:09:41.4945527-04:00" testType="ec4800e8-40e5-4ab3-8510-b8bf29b1904d" outcome="Failed" testListId="8c84fa94-04c1-424b-9868-57a2d4851a1d" relativeResultsDirectory="ab4dcdc8-40cc-45ee-a111-90d510c291bc">
      <InnerResults>
        <UnitTestResult executionId="fbd370db-d1d4-48fe-bc49-544056779d2b" parentExecutionId="ab4dcdc8-40cc-45ee-a111-90d510c291bc" testId="c4916e63-f885-4961-b7f3-b84cbeee239e" testName="1- classscheduledetailsforstudentschoice_course1-generictest (OTCheckthePassFailfieldonRegistratingtheStudentsChoice_1ClassSchedule)" computerName="CLTBUILD23" startTime="2021-04-13T16:09:41.5257991-04:00" endTime="2021-04-13T16:09:41.5257991-04:00" testType="13cdc9d9-ddb5-4fa4-a97d-d965ccfc6d4b" outcome="Failed" testListId="8c84fa94-04c1-424b-9868-57a2d4851a1d" relativeResultsDirectory="fbd370db-d1d4-48fe-bc49-544056779d2b" />
        <UnitTestResult executionId="85d570bc-d8b0-42e1-80dd-6d06f4082dbd" parentExecutionId="ab4dcdc8-40cc-45ee-a111-90d510c291bc" testId="023a13bb-6aeb-41e8-9261-324cb6268c82" testName="2- addcoursetostudentforstudentschoice_passfailchecked-generictest (OTCheckthePassFailfieldonRegistratingtheStudentsChoice_1ClassSchedule)" computerName="CLTBUILD23" startTime="2021-04-13T16:09:41.5414207-04:00" endTime="2021-04-13T16:09:41.5414207-04:00" testType="13cdc9d9-ddb5-4fa4-a97d-d965ccfc6d4b" outcome="Failed" testListId="8c84fa94-04c1-424b-9868-57a2d4851a1d" relativeResultsDirectory="85d570bc-d8b0-42e1-80dd-6d06f4082dbd" />
        <UnitTestResult executionId="45b94115-9352-49de-9019-54fc1f837d9d" parentExecutionId="ab4dcdc8-40cc-45ee-a111-90d510c291bc" testId="d7efbccd-c63c-4a7f-999b-53b612c5668a" testName="3- registercoursetostudentstudentschoice_passfailchecked-generictest (OTCheckthePassFailfieldonRegistratingtheStudentsChoice_1ClassSchedule)" computerName="CLTBUILD23" startTime="2021-04-13T16:09:41.5414207-04:00" endTime="2021-04-13T16:09:41.5414207-04:00" testType="13cdc9d9-ddb5-4fa4-a97d-d965ccfc6d4b" outcome="Failed" testListId="8c84fa94-04c1-424b-9868-57a2d4851a1d" relativeResultsDirectory="45b94115-9352-49de-9019-54fc1f837d9d" />
      </InnerResults>
    </TestResultAggregation>
    <TestResultAggregation executionId="a7ed55cb-9285-44b0-9f3d-f1bc01a909cd" testId="7eba80ce-c0c1-4f25-aa9f-65bf21fb4d5d" testName="OTVerifyWhetherUserIsAbleToRegisterSubstituteCourseWhenMainInactiveSubstituteActive" computerName="CLTBUILD23" startTime="2021-04-13T16:09:41.6507843-04:00" endTime="2021-04-13T16:09:41.6507843-04:00" testType="ec4800e8-40e5-4ab3-8510-b8bf29b1904d" outcome="Failed" testListId="8c84fa94-04c1-424b-9868-57a2d4851a1d" relativeResultsDirectory="a7ed55cb-9285-44b0-9f3d-f1bc01a909cd">
      <InnerResults>
        <UnitTestResult executionId="db3ce370-a2be-4bcb-9d68-b4debae6025b" parentExecutionId="a7ed55cb-9285-44b0-9f3d-f1bc01a909cd" testId="551cc2f5-1893-4e33-8d34-9eb5e855900f" testName="1- getsubstitutecoursedetailsfromcourselistcourse3-generictest (OTVerifyWhetherUserIsAbleToRegisterSubstituteCourseWhenMainInactiveSubstituteActive)" computerName="CLTBUILD23" startTime="2021-04-13T16:09:41.7132713-04:00" endTime="2021-04-13T16:09:41.7132713-04:00" testType="13cdc9d9-ddb5-4fa4-a97d-d965ccfc6d4b" outcome="Failed" testListId="8c84fa94-04c1-424b-9868-57a2d4851a1d" relativeResultsDirectory="db3ce370-a2be-4bcb-9d68-b4debae6025b" />
        <UnitTestResult executionId="3f4ccb8c-7e5b-4f9d-ab8b-85bfab4088fb" parentExecutionId="a7ed55cb-9285-44b0-9f3d-f1bc01a909cd" testId="006b6c77-8893-4b32-b5d8-063ddd7bf928" testName="2- register substitute course to student course3-generictest (OTVerifyWhetherUserIsAbleToRegisterSubstituteCourseWhenMainInactiveSubstituteActive)" computerName="CLTBUILD23" startTime="2021-04-13T16:09:41.7132713-04:00" endTime="2021-04-13T16:09:41.7132713-04:00" testType="13cdc9d9-ddb5-4fa4-a97d-d965ccfc6d4b" outcome="Failed" testListId="8c84fa94-04c1-424b-9868-57a2d4851a1d" relativeResultsDirectory="3f4ccb8c-7e5b-4f9d-ab8b-85bfab4088fb" />
      </InnerResults>
    </TestResultAggregation>
    <TestResultAggregation executionId="954bbd78-b39a-491c-ac35-61258c954cb1" testId="7f32ed84-d670-4651-920d-8596e941ca46" testName="OTPublishScheduleforaTermwhichisalreadypublished" computerName="CLTBUILD23" startTime="2021-04-13T16:09:41.6195352-04:00" endTime="2021-04-13T16:09:41.6195352-04:00" testType="ec4800e8-40e5-4ab3-8510-b8bf29b1904d" outcome="Failed" testListId="8c84fa94-04c1-424b-9868-57a2d4851a1d" relativeResultsDirectory="954bbd78-b39a-491c-ac35-61258c954cb1">
      <InnerResults>
        <UnitTestResult executionId="bc1d51e1-854d-4b5e-8e89-850579776afc" parentExecutionId="954bbd78-b39a-491c-ac35-61258c954cb1" testId="b3eaedc6-7cdb-4d78-a3e8-3d98e040fb82" testName="1- publishingschedulescenario3 (OTPublishScheduleforaTermwhichisalreadypublished)" computerName="CLTBUILD23" startTime="2021-04-13T16:09:41.6351586-04:00" endTime="2021-04-13T16:09:41.6351586-04:00" testType="13cdc9d9-ddb5-4fa4-a97d-d965ccfc6d4b" outcome="Failed" testListId="8c84fa94-04c1-424b-9868-57a2d4851a1d" relativeResultsDirectory="bc1d51e1-854d-4b5e-8e89-850579776afc" />
      </InnerResults>
    </TestResultAggregation>
    <TestResultAggregation executionId="4ea6c5b3-3878-4ef4-a258-20b6f2c80b92" testId="274b8f4e-cbf7-4b70-aa9a-56cde80cd788" testName="OTClearingWaitlistforselectedTermwhenclearwaitlistisallowed" computerName="CLTBUILD23" startTime="2021-04-13T16:09:41.5101730-04:00" endTime="2021-04-13T16:09:41.5101730-04:00" testType="ec4800e8-40e5-4ab3-8510-b8bf29b1904d" outcome="Failed" testListId="8c84fa94-04c1-424b-9868-57a2d4851a1d" relativeResultsDirectory="4ea6c5b3-3878-4ef4-a258-20b6f2c80b92">
      <InnerResults>
        <UnitTestResult executionId="4e3568b2-d641-4eae-a957-45f18b7e2378" parentExecutionId="4ea6c5b3-3878-4ef4-a258-20b6f2c80b92" testId="396d9239-2082-478a-b25a-3c6d420bf5ea" testName="1- allowclearwaitlist-generictest (OTClearingWaitlistforselectedTermwhenclearwaitlistisallowed)" computerName="CLTBUILD23" startTime="2021-04-13T16:09:41.5414207-04:00" endTime="2021-04-13T16:09:41.5414207-04:00" testType="13cdc9d9-ddb5-4fa4-a97d-d965ccfc6d4b" outcome="Failed" testListId="8c84fa94-04c1-424b-9868-57a2d4851a1d" relativeResultsDirectory="4e3568b2-d641-4eae-a957-45f18b7e2378" />
        <UnitTestResult executionId="049be5f5-7b26-4164-a898-c332f16f4ff2" parentExecutionId="4ea6c5b3-3878-4ef4-a258-20b6f2c80b92" testId="8b4cf61d-4b9b-4477-ae08-f5079fcba135" testName="2- clearingwaitlistforselectedterm (OTClearingWaitlistforselectedTermwhenclearwaitlistisallowed)" computerName="CLTBUILD23" startTime="2021-04-13T16:09:41.5570450-04:00" endTime="2021-04-13T16:09:41.5570450-04:00" testType="13cdc9d9-ddb5-4fa4-a97d-d965ccfc6d4b" outcome="Failed" testListId="8c84fa94-04c1-424b-9868-57a2d4851a1d" relativeResultsDirectory="049be5f5-7b26-4164-a898-c332f16f4ff2" />
      </InnerResults>
    </TestResultAggregation>
    <TestResultAggregation executionId="f988a6a6-e6f8-490c-8bca-826a0a97ce6a" testId="8c671b03-f75b-41ac-bbae-2dc7793cc516" testName="OTGettingthelistofInstructorsforselectedCampus" computerName="CLTBUILD23" startTime="2021-04-13T16:09:41.5882906-04:00" endTime="2021-04-13T16:09:41.5882906-04:00" testType="ec4800e8-40e5-4ab3-8510-b8bf29b1904d" outcome="Failed" testListId="8c84fa94-04c1-424b-9868-57a2d4851a1d" relativeResultsDirectory="f988a6a6-e6f8-490c-8bca-826a0a97ce6a">
      <InnerResults>
        <UnitTestResult executionId="293d4c55-f32a-4e05-98d3-1d5232d12c01" parentExecutionId="f988a6a6-e6f8-490c-8bca-826a0a97ce6a" testId="c85a667e-aa08-473a-a05e-e5c26139379c" testName="1- listofinstructorsforselectedcampus-generictest (OTGettingthelistofInstructorsforselectedCampus)" computerName="CLTBUILD23" startTime="2021-04-13T16:09:41.6039100-04:00" endTime="2021-04-13T16:09:41.6039100-04:00" testType="13cdc9d9-ddb5-4fa4-a97d-d965ccfc6d4b" outcome="Failed" testListId="8c84fa94-04c1-424b-9868-57a2d4851a1d" relativeResultsDirectory="293d4c55-f32a-4e05-98d3-1d5232d12c01" />
      </InnerResults>
    </TestResultAggregation>
    <TestResultAggregation executionId="e9811b83-52c2-47f7-9702-4c8288be0f1c" testId="5749c0aa-c1cf-4387-9ffc-ea8946c734f4" testName="StudentServicesAllApis-OrderedTest" computerName="CLTBUILD23" startTime="2021-04-13T16:09:41.7288934-04:00" endTime="2021-04-13T16:09:41.7288934-04:00" testType="ec4800e8-40e5-4ab3-8510-b8bf29b1904d" outcome="Failed" testListId="8c84fa94-04c1-424b-9868-57a2d4851a1d" relativeResultsDirectory="e9811b83-52c2-47f7-9702-4c8288be0f1c">
      <InnerResults>
        <UnitTestResult executionId="ff83ab04-88bf-41c3-a374-8000963b0eb4" parentExecutionId="e9811b83-52c2-47f7-9702-4c8288be0f1c" testId="30da92b8-eaa3-4a28-b643-1d099093f473" testName="01- buildingcategory-generictest (StudentServicesAllApis-OrderedTest)" computerName="CLTBUILD23" startTime="2021-04-13T16:09:41.8695002-04:00" endTime="2021-04-13T16:09:41.8695002-04:00" testType="13cdc9d9-ddb5-4fa4-a97d-d965ccfc6d4b" outcome="Failed" testListId="8c84fa94-04c1-424b-9868-57a2d4851a1d" relativeResultsDirectory="ff83ab04-88bf-41c3-a374-8000963b0eb4" />
        <UnitTestResult executionId="2a0f9dd1-cd3b-4079-ae24-fa7b6d2ff613" parentExecutionId="e9811b83-52c2-47f7-9702-4c8288be0f1c" testId="c87055d1-8c88-4128-9922-f1632d28fdd2" testName="02- gethousingbuildingimage-generictest (StudentServicesAllApis-OrderedTest)" computerName="CLTBUILD23" startTime="2021-04-13T16:09:41.8695002-04:00" endTime="2021-04-13T16:09:41.8695002-04:00" testType="13cdc9d9-ddb5-4fa4-a97d-d965ccfc6d4b" outcome="Failed" testListId="8c84fa94-04c1-424b-9868-57a2d4851a1d" relativeResultsDirectory="2a0f9dd1-cd3b-4079-ae24-fa7b6d2ff613" />
        <UnitTestResult executionId="29c088e5-598e-4399-aae0-375b44d771ab" parentExecutionId="e9811b83-52c2-47f7-9702-4c8288be0f1c" testId="4f703dd2-495d-42b4-abb7-df6b0cc95a17" testName="03- housingbuiliding-generictest (StudentServicesAllApis-OrderedTest)" computerName="CLTBUILD23" startTime="2021-04-13T16:09:41.8695002-04:00" endTime="2021-04-13T16:09:41.8695002-04:00" testType="13cdc9d9-ddb5-4fa4-a97d-d965ccfc6d4b" outcome="Failed" testListId="8c84fa94-04c1-424b-9868-57a2d4851a1d" relativeResultsDirectory="29c088e5-598e-4399-aae0-375b44d771ab" />
        <UnitTestResult executionId="20166f5d-2ef8-46c9-a715-77bde5464b30" parentExecutionId="e9811b83-52c2-47f7-9702-4c8288be0f1c" testId="c68c23c0-2864-4144-8b40-12201b58df09" testName="04- gethousingbuildingcategoryimage-generictest (StudentServicesAllApis-OrderedTest)" computerName="CLTBUILD23" startTime="2021-04-13T16:09:41.8695002-04:00" endTime="2021-04-13T16:09:41.8695002-04:00" testType="13cdc9d9-ddb5-4fa4-a97d-d965ccfc6d4b" outcome="Failed" testListId="8c84fa94-04c1-424b-9868-57a2d4851a1d" relativeResultsDirectory="20166f5d-2ef8-46c9-a715-77bde5464b30" />
        <UnitTestResult executionId="9bfb31ab-c5d5-4413-a5c7-c5a51e892838" parentExecutionId="e9811b83-52c2-47f7-9702-4c8288be0f1c" testId="492af55e-1811-457f-8137-73c65d72c2c2" testName="05- housingdate-generictest (StudentServicesAllApis-OrderedTest)" computerName="CLTBUILD23" startTime="2021-04-13T16:09:41.8851218-04:00" endTime="2021-04-13T16:09:41.8851218-04:00" testType="13cdc9d9-ddb5-4fa4-a97d-d965ccfc6d4b" outcome="Failed" testListId="8c84fa94-04c1-424b-9868-57a2d4851a1d" relativeResultsDirectory="9bfb31ab-c5d5-4413-a5c7-c5a51e892838" />
        <UnitTestResult executionId="01a16536-1bbc-4390-b64d-f3ba165c775a" parentExecutionId="e9811b83-52c2-47f7-9702-4c8288be0f1c" testId="a3200d13-0d0f-4c2a-92c4-6e1405f75d5c" testName="06- housingfeature-generictest (StudentServicesAllApis-OrderedTest)" computerName="CLTBUILD23" startTime="2021-04-13T16:09:41.8851218-04:00" endTime="2021-04-13T16:09:41.8851218-04:00" testType="13cdc9d9-ddb5-4fa4-a97d-d965ccfc6d4b" outcome="Failed" testListId="8c84fa94-04c1-424b-9868-57a2d4851a1d" relativeResultsDirectory="01a16536-1bbc-4390-b64d-f3ba165c775a" />
        <UnitTestResult executionId="819847ad-90c6-4f3c-b97c-b2246b9d445e" parentExecutionId="e9811b83-52c2-47f7-9702-4c8288be0f1c" testId="21b50477-db36-4a10-a262-bfbafb395965" testName="07- housingroom-generictest (StudentServicesAllApis-OrderedTest)" computerName="CLTBUILD23" startTime="2021-04-13T16:09:41.8851218-04:00" endTime="2021-04-13T16:09:41.8851218-04:00" testType="13cdc9d9-ddb5-4fa4-a97d-d965ccfc6d4b" outcome="Failed" testListId="8c84fa94-04c1-424b-9868-57a2d4851a1d" relativeResultsDirectory="819847ad-90c6-4f3c-b97c-b2246b9d445e" />
[...]
        <TestEntry testId="6b401679-f46a-4605-835b-f504016e8a79" executionId="b4309a42-3846-46ed-b03a-9987a452b259" parentExecutionId="c8803a03-a4a6-4e57-8f0f-0ed6b90c0554" testListId="8c84fa94-04c1-424b-9868-57a2d4851a1d" />
        <TestEntry testId="faf01475-c00f-4eee-99fd-1df36ed07c8f" executionId="8ba4e65c-3c82-48d9-a0db-de735718ac83" parentExecutionId="c8803a03-a4a6-4e57-8f0f-0ed6b90c0554" testListId="8c84fa94-04c1-424b-9868-57a2d4851a1d" />
        <TestEntry testId="5d919470-52e5-4a2d-8e78-c8244b5c85f9" executionId="a746cab9-dadc-44d9-853f-2c586084c32f" parentExecutionId="c8803a03-a4a6-4e57-8f0f-0ed6b90c0554" testListId="8c84fa94-04c1-424b-9868-57a2d4851a1d" />
        <TestEntry testId="ae40877d-7d45-40f5-9f1b-50ae9038f506" executionId="cb42e7e4-28a6-49e0-b143-ea55bcb24762" parentExecutionId="c8803a03-a4a6-4e57-8f0f-0ed6b90c0554" testListId="8c84fa94-04c1-424b-9868-57a2d4851a1d" />
        <TestEntry testId="a243acfc-4f2b-44da-b48d-4a7931f65822" executionId="cdb7a231-7bf1-4075-90c3-9b9205bca8e6" parentExecutionId="c8803a03-a4a6-4e57-8f0f-0ed6b90c0554" testListId="8c84fa94-04c1-424b-9868-57a2d4851a1d" />
        <TestEntry testId="48bbb256-7a2b-4351-b6ed-b013fa9be3d7" executionId="a7e99c7c-987f-42bc-bed0-d889521b77e7" parentExecutionId="c8803a03-a4a6-4e57-8f0f-0ed6b90c0554" testListId="8c84fa94-04c1-424b-9868-57a2d4851a1d" />
        <TestEntry testId="e45a768e-bd1d-44db-800c-bacd60c6c0be" executionId="4c90fc80-be73-4c0f-95f4-f7af4ff22181" parentExecutionId="c8803a03-a4a6-4e57-8f0f-0ed6b90c0554" testListId="8c84fa94-04c1-424b-9868-57a2d4851a1d" />
        <TestEntry testId="82c01489-9529-4e84-a33d-a92cf34b912b" executionId="4fb3f687-6109-4fb0-9619-94f59f683951" parentExecutionId="c8803a03-a4a6-4e57-8f0f-0ed6b90c0554" testListId="8c84fa94-04c1-424b-9868-57a2d4851a1d" />
        <TestEntry testId="e496eb08-39ad-43af-b3ce-c225317b7f03" executionId="0df4ddf4-235b-4e5c-a352-e0932ae35bc0" parentExecutionId="c8803a03-a4a6-4e57-8f0f-0ed6b90c0554" testListId="8c84fa94-04c1-424b-9868-57a2d4851a1d" />
      </TestEntries>
    </TestEntry>
    <TestEntry testId="b8960b60-a145-4098-b8bd-dad2a4992d60" executionId="885f4b1f-aa10-4de9-8c81-ba981614ddbe" testListId="8c84fa94-04c1-424b-9868-57a2d4851a1d">
      <TestEntries>
        <TestEntry testId="d44a9155-c153-47c8-8c58-249f59b365ec" executionId="a03487f9-77d7-49d4-a69f-8119d20035b6" parentExecutionId="885f4b1f-aa10-4de9-8c81-ba981614ddbe" testListId="8c84fa94-04c1-424b-9868-57a2d4851a1d" />
        <TestEntry testId="5636c408-fcdd-4012-886c-e164379dc32f" executionId="d78575d1-5fe6-41e7-9427-dcdccb0ca275" parentExecutionId="885f4b1f-aa10-4de9-8c81-ba981614ddbe" testListId="8c84fa94-04c1-424b-9868-57a2d4851a1d" />
      </TestEntries>
    </TestEntry>
    <TestEntry testId="f66834d7-c95c-4f2c-9d98-b772554dec73" executionId="0b866407-4328-4ae4-8a7a-3bd9c5830b9d" testListId="8c84fa94-04c1-424b-9868-57a2d4851a1d">
      <TestEntries>
        <TestEntry testId="a07a12d3-5e7e-49e3-a66b-b7459fe9f525" executionId="02575331-5094-4c2e-8e2d-ba3cbcea0dca" parentExecutionId="0b866407-4328-4ae4-8a7a-3bd9c5830b9d" testListId="8c84fa94-04c1-424b-9868-57a2d4851a1d" />
        <TestEntry testId="09be2742-7e2c-493d-bcc2-43b84692ddf0" executionId="86d4bc22-27d9-498b-8d5a-8baa5b65b933" parentExecutionId="0b866407-4328-4ae4-8a7a-3bd9c5830b9d" testListId="8c84fa94-04c1-424b-9868-57a2d4851a1d" />
        <TestEntry testId="c4925ed9-8fdc-4ed8-8bd6-cababb3e135e" executionId="cc903977-290a-4788-9a71-0040fa195f47" parentExecutionId="0b866407-4328-4ae4-8a7a-3bd9c5830b9d" testListId="8c84fa94-04c1-424b-9868-57a2d4851a1d" />
        <TestEntry testId="b05d4c38-4cf4-4236-b8a4-213450466b37" executionId="c92cab02-4963-4f65-ac31-0a6d75b004a9" parentExecutionId="0b866407-4328-4ae4-8a7a-3bd9c5830b9d" testListId="8c84fa94-04c1-424b-9868-57a2d4851a1d" />
        <TestEntry testId="90180760-e0a2-48ef-a27d-55b62573c3e9" executionId="d0083f30-6c42-40fc-b6e0-ce49c3eb0fdd" parentExecutionId="0b866407-4328-4ae4-8a7a-3bd9c5830b9d" testListId="8c84fa94-04c1-424b-9868-57a2d4851a1d" />
        <TestEntry testId="6e16461a-950a-4720-8f34-8cfecb9a4a6a" executionId="969c8be4-ccf5-4462-ab20-312e0bbb81ab" parentExecutionId="0b866407-4328-4ae4-8a7a-3bd9c5830b9d" testListId="8c84fa94-04c1-424b-9868-57a2d4851a1d" />
        <TestEntry testId="94f42d72-b521-4aed-bdfb-aa6bc9cd0741" executionId="2545678d-74a3-4202-8168-c027436663d2" parentExecutionId="0b866407-4328-4ae4-8a7a-3bd9c5830b9d" testListId="8c84fa94-04c1-424b-9868-57a2d4851a1d" />
      </TestEntries>
    </TestEntry>
    <TestEntry testId="31d2723c-b3d9-4fff-9f77-e20b9beae0f9" executionId="8d25963c-9e1a-4fad-96d3-9915c9d8660b" testListId="8c84fa94-04c1-424b-9868-57a2d4851a1d">
      <TestEntries>
        <TestEntry testId="4107d142-2edc-4e6c-b9c4-6bc1fde11230" executionId="5c6f2178-5643-4632-8de7-a0075280847b" parentExecutionId="8d25963c-9e1a-4fad-96d3-9915c9d8660b" testListId="8c84fa94-04c1-424b-9868-57a2d4851a1d" />
        <TestEntry testId="ac373464-f2e3-4bdb-9631-754852db711e" executionId="82b142fe-f8e9-443f-9c77-519c3b3e9590" parentExecutionId="8d25963c-9e1a-4fad-96d3-9915c9d8660b" testListId="8c84fa94-04c1-424b-9868-57a2d4851a1d" />
        <TestEntry testId="378893ca-cfb6-404f-a928-d29c13c3c2ce" executionId="deced993-2007-430a-ac25-bfd6432123aa" parentExecutionId="8d25963c-9e1a-4fad-96d3-9915c9d8660b" testListId="8c84fa94-04c1-424b-9868-57a2d4851a1d" />
        <TestEntry testId="75f9fa4c-19e7-403f-8d75-abcbe7ad4244" executionId="c35569f0-772d-4d4d-a619-db4c76075c38" parentExecutionId="8d25963c-9e1a-4fad-96d3-9915c9d8660b" testListId="8c84fa94-04c1-424b-9868-57a2d4851a1d" />
        <TestEntry testId="0d2bd962-bd07-4871-a71b-0866d86657c2" executionId="d6b5ac5b-7c3e-4aa9-b521-f8fc6b3f7290" parentExecutionId="8d25963c-9e1a-4fad-96d3-9915c9d8660b" testListId="8c84fa94-04c1-424b-9868-57a2d4851a1d" />
        <TestEntry testId="7b812793-e283-4d3d-ae0d-7b1e27caec91" executionId="d54ff314-5d1d-4592-a459-321b8ee74355" parentExecutionId="8d25963c-9e1a-4fad-96d3-9915c9d8660b" testListId="8c84fa94-04c1-424b-9868-57a2d4851a1d" />
        <TestEntry testId="dfc38cdb-ba52-4025-88b3-757a9d4fbe66" executionId="5e9a16ad-02ce-4889-b2c7-f4ff4868deb6" parentExecutionId="8d25963c-9e1a-4fad-96d3-9915c9d8660b" testListId="8c84fa94-04c1-424b-9868-57a2d4851a1d" />
        <TestEntry testId="4b1683f2-c0cd-44e3-84e1-0a6f84aefea3" executionId="bfda74d8-6410-4609-9e8c-5054c233efef" parentExecutionId="8d25963c-9e1a-4fad-96d3-9915c9d8660b" testListId="8c84fa94-04c1-424b-9868-57a2d4851a1d" />
        <TestEntry testId="bc85f5e8-bf41-4d4a-9dc2-61f12b7198c9" executionId="42462cf2-1977-4a71-ac1f-a9a872cec885" parentExecutionId="8d25963c-9e1a-4fad-96d3-9915c9d8660b" testListId="8c84fa94-04c1-424b-9868-57a2d4851a1d" />
        <TestEntry testId="82bd3ed2-58ff-47e1-8e29-0df7846d3ea5" executionId="76fe278f-9f21-4843-9f47-eb76ce9e7659" parentExecutionId="8d25963c-9e1a-4fad-96d3-9915c9d8660b" testListId="8c84fa94-04c1-424b-9868-57a2d4851a1d" />
        <TestEntry testId="0b62e3ae-be13-4a90-a50e-18d56c2e2441" executionId="b1199268-eb3d-4a1e-aeab-88cd5bdbc14e" parentExecutionId="8d25963c-9e1a-4fad-96d3-9915c9d8660b" testListId="8c84fa94-04c1-424b-9868-57a2d4851a1d" />
        <TestEntry testId="2611fac2-cf12-44c4-8db6-17740077bca2" executionId="14acaf22-6ed9-49f8-b5f6-145dd4b43a28" parentExecutionId="8d25963c-9e1a-4fad-96d3-9915c9d8660b" testListId="8c84fa94-04c1-424b-9868-57a2d4851a1d" />
        <TestEntry testId="fa931096-c9c6-4bed-8684-59e94b9774d3" executionId="4334a29d-785a-45c3-b499-dda0e5fbc91f" parentExecutionId="8d25963c-9e1a-4fad-96d3-9915c9d8660b" testListId="8c84fa94-04c1-424b-9868-57a2d4851a1d" />
        <TestEntry testId="a22fa927-2af3-4f4a-a335-b786d35782c2" executionId="3645c24b-2963-46ad-bb59-5a7a73ee8b59" parentExecutionId="8d25963c-9e1a-4fad-96d3-9915c9d8660b" testListId="8c84fa94-04c1-424b-9868-57a2d4851a1d" />
      </TestEntries>
    </TestEntry>
    <TestEntry testId="9350228e-b057-4b70-89dd-dfea14984673" executionId="14dcee77-e56f-4a69-86da-ce1a3e8ded1e" testListId="8c84fa94-04c1-424b-9868-57a2d4851a1d">
      <TestEntries>
        <TestEntry testId="430caaf1-1443-4b34-9927-147535979093" executionId="06c056a3-df28-4c2c-b91b-154460e36fa3" parentExecutionId="14dcee77-e56f-4a69-86da-ce1a3e8ded1e" testListId="8c84fa94-04c1-424b-9868-57a2d4851a1d" />
        <TestEntry testId="7d36834b-529e-4bad-be34-08eb7420b669" executionId="d481d263-fee9-4b81-a1c7-7b55116d6316" parentExecutionId="14dcee77-e56f-4a69-86da-ce1a3e8ded1e" testListId="8c84fa94-04c1-424b-9868-57a2d4851a1d" />
      </TestEntries>
    </TestEntry>
    <TestEntry testId="a01bdadc-6e6b-4ae9-8da3-d156e4b33aa9" executionId="d7d4b0e3-42d4-4263-9256-fe3a488b0cd6" testListId="8c84fa94-04c1-424b-9868-57a2d4851a1d">
      <TestEntries>
        <TestEntry testId="3239eb19-f049-4b5a-9beb-66f2ffddc87c" executionId="80253fbe-29f0-4a9c-a97d-d71765cd7338" parentExecutionId="d7d4b0e3-42d4-4263-9256-fe3a488b0cd6" testListId="8c84fa94-04c1-424b-9868-57a2d4851a1d" />
        <TestEntry testId="387fe72b-e5e3-452e-a94d-fcd36ed16014" executionId="3b967701-05f6-413c-af87-13338ca7689d" parentExecutionId="d7d4b0e3-42d4-4263-9256-fe3a488b0cd6" testListId="8c84fa94-04c1-424b-9868-57a2d4851a1d" />
        <TestEntry testId="60c260b2-3e79-4b96-a1cb-4567ba5ef5f3" executionId="78919151-15a6-48ee-a94e-507bc2465d7f" parentExecutionId="d7d4b0e3-42d4-4263-9256-fe3a488b0cd6" testListId="8c84fa94-04c1-424b-9868-57a2d4851a1d" />
      </TestEntries>
    </TestEntry>
    <TestEntry testId="c4366d9e-0bcd-4963-976f-5053ffaf4f4a" executionId="975c70bb-18bc-44e2-963d-471bef2b4959" testListId="8c84fa94-04c1-424b-9868-57a2d4851a1d">
      <TestEntries>
        <TestEntry testId="3f5b89c9-3343-4d86-a73f-ab992ae75a8b" executionId="ff2b8ef5-189e-45d7-8b7f-213a97eab402" parentExecutionId="975c70bb-18bc-44e2-963d-471bef2b4959" testListId="8c84fa94-04c1-424b-9868-57a2d4851a1d" />
        <TestEntry testId="3e45b771-db9b-4e88-bdd4-4c9238d2d749" executionId="88d81d4f-1c40-4eac-be29-a2b4decb77fe" parentExecutionId="975c70bb-18bc-44e2-963d-471bef2b4959" testListId="8c84fa94-04c1-424b-9868-57a2d4851a1d" />
        <TestEntry testId="198f76a4-8d1b-4dd8-830f-db26e4b9b3c0" executionId="f6cdba27-0f96-47c4-9d29-9604060a53cd" parentExecutionId="975c70bb-18bc-44e2-963d-471bef2b4959" testListId="8c84fa94-04c1-424b-9868-57a2d4851a1d" />
        <TestEntry testId="b62b3254-27f9-48b2-9223-f5ccc8bf136d" executionId="e1a1d321-775f-42de-b4bd-8bb1a109f20a" parentExecutionId="975c70bb-18bc-44e2-963d-471bef2b4959" testListId="8c84fa94-04c1-424b-9868-57a2d4851a1d" />
        <TestEntry testId="575c6b98-b60f-4705-91fc-cff1ff1dc701" executionId="58ce12b5-623e-4f40-aec9-226d6bfa6f35" parentExecutionId="975c70bb-18bc-44e2-963d-471bef2b4959" testListId="8c84fa94-04c1-424b-9868-57a2d4851a1d" />
        <TestEntry testId="e85014e8-4738-4b78-abca-e5f425ca70c4" executionId="c75428ba-7097-4c74-ac02-d19c8a83287f" parentExecutionId="975c70bb-18bc-44e2-963d-471bef2b4959" testListId="8c84fa94-04c1-424b-9868-57a2d4851a1d" />
        <TestEntry testId="cbc2713e-40c2-4b17-a507-eb9eb91f16d7" executionId="763cce7f-7d28-40b6-8795-2611da117fd6" parentExecutionId="975c70bb-18bc-44e2-963d-471bef2b4959" testListId="8c84fa94-04c1-424b-9868-57a2d4851a1d" />
        <TestEntry testId="7866c717-34c1-4e8a-9c63-49d7193c3bec" executionId="3aa66ccc-cfb9-420d-823e-723dd3b78175" parentExecutionId="975c70bb-18bc-44e2-963d-471bef2b4959" testListId="8c84fa94-04c1-424b-9868-57a2d4851a1d" />
        <TestEntry testId="932c4f0a-bf3d-4d59-a0a0-177d0bebb4f7" executionId="597f6739-0372-4c83-8a17-2e1045e20232" parentExecutionId="975c70bb-18bc-44e2-963d-471bef2b4959" testListId="8c84fa94-04c1-424b-9868-57a2d4851a1d" />
        <TestEntry testId="4f0ce3af-fb33-4f20-acdb-a9c9d76c2257" executionId="35ff44f6-6eea-4a91-a3fc-5808638d9dfa" parentExecutionId="975c70bb-18bc-44e2-963d-471bef2b4959" testListId="8c84fa94-04c1-424b-9868-57a2d4851a1d" />
        <TestEntry testId="14a5bfd2-3b1d-4d1b-8f39-d90b40ec8d63" executionId="093178d6-70c9-4e1f-80b3-93db715587d8" parentExecutionId="975c70bb-18bc-44e2-963d-471bef2b4959" testListId="8c84fa94-04c1-424b-9868-57a2d4851a1d" />
        <TestEntry testId="22f67e19-95af-4610-9fba-c290eb37227d" executionId="74ef5512-7932-4f29-9ddb-ae90100a5f8c" parentExecutionId="975c70bb-18bc-44e2-963d-471bef2b4959" testListId="8c84fa94-04c1-424b-9868-57a2d4851a1d" />
        <TestEntry testId="6fef274f-d884-49a3-a25c-92d00d06566b" executionId="5403fbe7-20dc-460b-a890-cba98da77255" parentExecutionId="975c70bb-18bc-44e2-963d-471bef2b4959" testListId="8c84fa94-04c1-424b-9868-57a2d4851a1d" />
        <TestEntry testId="e5a62a42-f9df-4c9d-801e-b756196830ab" executionId="3bbce6a2-c0cf-4d4e-8ea5-c2bb5523606e" parentExecutionId="975c70bb-18bc-44e2-963d-471bef2b4959" testListId="8c84fa94-04c1-424b-9868-57a2d4851a1d" />
        <TestEntry testId="8376c87c-7a21-4ba1-aacc-9c241444f9ee" executionId="75105f72-8803-4269-9249-5625ea483da0" parentExecutionId="975c70bb-18bc-44e2-963d-471bef2b4959" testListId="8c84fa94-04c1-424b-9868-57a2d4851a1d" />
        <TestEntry testId="b473dc6a-2d00-4c87-82b2-2583ba80e768" executionId="ce92da90-18f4-46d0-bcde-ad6e0a722e07" parentExecutionId="975c70bb-18bc-44e2-963d-471bef2b4959" testListId="8c84fa94-04c1-424b-9868-57a2d4851a1d" />
        <TestEntry testId="611a4100-101e-4e64-8647-7898fa1760a6" executionId="86583c49-a342-432f-846a-1e5f02de6ac0" parentExecutionId="975c70bb-18bc-44e2-963d-471bef2b4959" testListId="8c84fa94-04c1-424b-9868-57a2d4851a1d" />
        <TestEntry testId="9da3b122-7a11-4797-b694-9b80f6537902" executionId="eb264ce6-80f0-47b7-8602-2d9b00692b93" parentExecutionId="975c70bb-18bc-44e2-963d-471bef2b4959" testListId="8c84fa94-04c1-424b-9868-57a2d4851a1d" />
        <TestEntry testId="a91d7520-04a7-4936-a0f9-110397ed8bfd" executionId="18d26f5e-e602-4f1a-9ab7-7d876c260333" parentExecutionId="975c70bb-18bc-44e2-963d-471bef2b4959" testListId="8c84fa94-04c1-424b-9868-57a2d4851a1d" />
        <TestEntry testId="5860294f-4641-4464-ab5f-53527466999d" executionId="5a8b57c0-971b-40db-b2b2-5f3d5fcda21b" parentExecutionId="975c70bb-18bc-44e2-963d-471bef2b4959" testListId="8c84fa94-04c1-424b-9868-57a2d4851a1d" />
        <TestEntry testId="db06978e-e459-49bc-9a0c-097d4ee3e59b" executionId="f5675418-9096-456d-98fb-455e02db55c7" parentExecutionId="975c70bb-18bc-44e2-963d-471bef2b4959" testListId="8c84fa94-04c1-424b-9868-57a2d4851a1d" />
        <TestEntry testId="b5d4447c-75a6-44b3-bb46-ee84a0fbcd4f" executionId="4c3ca1bc-3c20-4a77-b254-080392cd8263" parentExecutionId="975c70bb-18bc-44e2-963d-471bef2b4959" testListId="8c84fa94-04c1-424b-9868-57a2d4851a1d" />
        <TestEntry testId="c4ade073-31aa-439d-8ffb-1c832efd2c09" executionId="c15a89bb-cd37-4fd4-a1fc-e95f04739826" parentExecutionId="975c70bb-18bc-44e2-963d-471bef2b4959" testListId="8c84fa94-04c1-424b-9868-57a2d4851a1d" />
        <TestEntry testId="ebed6a25-d46a-4075-8741-2f22f6d120c5" executionId="df18bd01-6184-432e-9bf6-aaf954813903" parentExecutionId="975c70bb-18bc-44e2-963d-471bef2b4959" testListId="8c84fa94-04c1-424b-9868-57a2d4851a1d" />
        <TestEntry testId="c610d88d-8fc3-4ab5-acb6-c549d5acfa43" executionId="8c9a765c-e604-4c60-b787-4c27b0b10224" parentExecutionId="975c70bb-18bc-44e2-963d-471bef2b4959" testListId="8c84fa94-04c1-424b-9868-57a2d4851a1d" />
        <TestEntry testId="e94fda7c-c752-4545-9d4e-191e3256c352" executionId="f6d6be83-2930-49fa-a60a-004fcaa2db01" parentExecutionId="975c70bb-18bc-44e2-963d-471bef2b4959" testListId="8c84fa94-04c1-424b-9868-57a2d4851a1d" />
        <TestEntry testId="99a89e89-714a-4be2-b702-6e3b51104f7b" executionId="497ab861-6f0a-4a8b-a1f1-2d31f6f50cf9" parentExecutionId="975c70bb-18bc-44e2-963d-471bef2b4959" testListId="8c84fa94-04c1-424b-9868-57a2d4851a1d" />
        <TestEntry testId="3896d278-ef5b-48f6-8253-5488fa1827de" executionId="5b6dbb9c-081a-475c-994e-e987b9d527d9" parentExecutionId="975c70bb-18bc-44e2-963d-471bef2b4959" testListId="8c84fa94-04c1-424b-9868-57a2d4851a1d" />
        <TestEntry testId="3896d278-ef5b-48f6-8253-5488fa1827de" executionId="2f2c033c-8aff-453d-b5af-9b18b9d400ba" parentExecutionId="975c70bb-18bc-44e2-963d-471bef2b4959" testListId="8c84fa94-04c1-424b-9868-57a2d4851a1d" />
        <TestEntry testId="006f0543-278c-434b-9d84-efe5113a45db" executionId="0bebf011-2003-42f0-bfda-feec989aa1c8" parentExecutionId="975c70bb-18bc-44e2-963d-471bef2b4959" testListId="8c84fa94-04c1-424b-9868-57a2d4851a1d" />
        <TestEntry testId="24946aba-36bf-4ddb-a70a-482f187ed5cd" executionId="fab32b74-44e1-450d-a6a4-e861a191c6a1" parentExecutionId="975c70bb-18bc-44e2-963d-471bef2b4959" testListId="8c84fa94-04c1-424b-9868-57a2d4851a1d" />
        <TestEntry testId="c3dd2e11-a10a-4e79-94db-179a58bc1057" executionId="4667740c-cf62-414d-bca2-6634b3bf9afd" parentExecutionId="975c70bb-18bc-44e2-963d-471bef2b4959" testListId="8c84fa94-04c1-424b-9868-57a2d4851a1d" />
        <TestEntry testId="8d092a9e-83be-4dd5-b6ea-84ed367cac3e" executionId="4dd8affd-bf4b-481f-b0b9-8675f10f1106" parentExecutionId="975c70bb-18bc-44e2-963d-471bef2b4959" testListId="8c84fa94-04c1-424b-9868-57a2d4851a1d" />
      </TestEntries>
    </TestEntry>
    <TestEntry testId="e973b008-10c6-4095-91c6-17c2d0b597b4" executionId="541785e5-a7eb-48a6-9821-1745b15d55bf" testListId="8c84fa94-04c1-424b-9868-57a2d4851a1d">
      <TestEntries>
        <TestEntry testId="b7b2912f-9241-4a87-979b-58e4e8968e1b" executionId="8567b66c-2c94-4bd4-b637-c182cbb06dd6" parentExecutionId="541785e5-a7eb-48a6-9821-1745b15d55bf" testListId="8c84fa94-04c1-424b-9868-57a2d4851a1d" />
        <TestEntry testId="3f922647-99e3-4060-9da8-2ed5fd64dccf" executionId="12881e18-0c02-4797-befe-21d345314171" parentExecutionId="541785e5-a7eb-48a6-9821-1745b15d55bf" testListId="8c84fa94-04c1-424b-9868-57a2d4851a1d" />
        <TestEntry testId="e099a956-5f2c-4c81-b895-a89df96db395" executionId="71208b55-0c8d-4be0-9b05-34fc98b85de5" parentExecutionId="541785e5-a7eb-48a6-9821-1745b15d55bf" testListId="8c84fa94-04c1-424b-9868-57a2d4851a1d" />
      </TestEntries>
    </TestEntry>
    <TestEntry testId="e701c3b4-981f-4e2f-8926-8ed8060b794f" executionId="d14506b3-816b-478b-9a6a-719f2a02dfe8" testListId="8c84fa94-04c1-424b-9868-57a2d4851a1d">
      <TestEntries>
        <TestEntry testId="a3461089-9573-411d-8812-74ebb5f07489" executionId="71e52e77-c635-4907-a8e1-4c3e55a67b64" parentExecutionId="d14506b3-816b-478b-9a6a-719f2a02dfe8" testListId="8c84fa94-04c1-424b-9868-57a2d4851a1d" />
        <TestEntry testId="91b64f06-2e4b-4582-8c48-89cc27a2550a" executionId="c3109bb9-5352-4c8f-b0b8-f0d690d09bcf" parentExecutionId="d14506b3-816b-478b-9a6a-719f2a02dfe8" testListId="8c84fa94-04c1-424b-9868-57a2d4851a1d" />
        <TestEntry testId="49ed6fd3-d4fc-405d-8842-da0e3422f89e" executionId="0103cc46-7f4b-4314-a1b8-70a019ab66bd" parentExecutionId="d14506b3-816b-478b-9a6a-719f2a02dfe8" testListId="8c84fa94-04c1-424b-9868-57a2d4851a1d" />
        <TestEntry testId="2dbbb26d-2dc9-453c-a6bc-2eab9bfc5360" executionId="15fa13f7-7f13-4d95-9d42-7fcf25718b80" parentExecutionId="d14506b3-816b-478b-9a6a-719f2a02dfe8" testListId="8c84fa94-04c1-424b-9868-57a2d4851a1d" />
      </TestEntries>
    </TestEntry>
  </TestEntries>
  <TestLists>
    <TestList name="Results Not in a List" id="8c84fa94-04c1-424b-9868-57a2d4851a1d" />
    <TestList name="All Loaded Results" id="19431567-8539-422a-85d7-44ee4e166bda" />
  </TestLists>
  <ResultSummary outcome="Failed">
    <Counters total="365" executed="364" passed="6" failed="358" error="0" timeout="0" aborted="0" inconclusive="0" passedButRunAborted="0" notRunnable="0" notExecuted="0" disconnected="0" warning="0" completed="0" inProgress="0" pending="0" />
    <Output>
      <StdOut>Test 'courseandcoursescheduledetailsforbothallowoverrideandmatchoverride-generictest' was skipped in the test run.&#xD;
</StdOut>
    </Output>
  </ResultSummary>
</TestRun>