<?xml version="1.0" encoding="utf-8"?>
<TestRun id="e5705c96-4be0-40d6-a201-bda3fc061834" name="c2kbuild@CLTBUILD23 2021-04-11 20:48:38" runUser="CMC\c2kbuild" xmlns="http://microsoft.com/schemas/VisualStudio/TeamTest/2010">
  <Times creation="2021-04-11T20:48:38.9036901-04:00" queuing="2021-04-11T20:48:38.9036901-04:00" start="2021-04-11T20:30:43.0528624-04:00" finish="2021-04-11T20:48:39.1185132-04:00" />
  <TestSettings name="default" id="eca00bd8-e1ca-4e23-bd82-d10a55fb8e7d">
    <Deployment runDeploymentRoot="c2kbuild_CLTBUILD23_2021-04-11_20_48_38" />
  </TestSettings>
  <Results>
    <TestResultAggregation executionId="30873c49-7ffa-47a7-a389-d1a427a7e688" testId="5f74d673-703e-4e9f-b148-81e23d5c3d3b" testName="OT-All" computerName="CLTBUILD23" duration="00:17:48.8917777" startTime="2021-04-11T20:30:48.3482043-04:00" endTime="2021-04-11T20:48:37.5800624-04:00" testType="ec4800e8-40e5-4ab3-8510-b8bf29b1904d" outcome="Passed" testListId="8c84fa94-04c1-424b-9868-57a2d4851a1d" relativeResultsDirectory="30873c49-7ffa-47a7-a389-d1a427a7e688">
      <InnerResults>
        <UnitTestResult executionId="961cf3b0-68b2-44e7-8a8c-40792af5da60" parentExecutionId="30873c49-7ffa-47a7-a389-d1a427a7e688" testId="5bc97224-30b9-47e5-9b1e-ea794bbe1e5b" testName="01- assignment types-generictest (OT-All)" computerName="CLTBUILD23" duration="00:00:17.1445249" startTime="2021-04-11T20:30:48.3911856-04:00" endTime="2021-04-11T20:31:05.5736073-04:00" testType="13cdc9d9-ddb5-4fa4-a97d-d965ccfc6d4b" outcome="Passed" testListId="8c84fa94-04c1-424b-9868-57a2d4851a1d" relativeResultsDirectory="961cf3b0-68b2-44e7-8a8c-40792af5da60">
          <Output>
            <StdOut>C:\Agt6\_work\_temp\TestResults\c2kbuild_CLTBUILD23 2021-04-11 20_30_46\In\961cf3b0-68b2-44e7-8a8c-40792af5da60\CLTBUILD23&gt;if not defined TestLocation (set TestLocation=. ) &#xD;
&#xD;
C:\Agt6\_work\_temp\TestResults\c2kbuild_CLTBUILD23 2021-04-11 20_30_46\In\961cf3b0-68b2-44e7-8a8c-40792af5da60\CLTBUILD23&gt;set CollectionFileName=Assignment Types.postman_collection.json &#xD;
&#xD;
C:\Agt6\_work\_temp\TestResults\c2kbuild_CLTBUILD23 2021-04-11 20_30_46\In\961cf3b0-68b2-44e7-8a8c-40792af5da60\CLTBUILD23&gt;set DataFileName=Assignment Types.data.json &#xD;
&#xD;
C:\Agt6\_work\_temp\TestResults\c2kbuild_CLTBUILD23 2021-04-11 20_30_46\In\961cf3b0-68b2-44e7-8a8c-40792af5da60\CLTBUILD23&gt;set EnvironmentFilePath=c:\agt6\_work\9\a\workloadmanagementapi\tests\workloadmanagement\wlmassignmenttype\..\..\..\Common\StudentApiEnvironment.postman_environment.json &#xD;
&#xD;
C:\Agt6\_work\_temp\TestResults\c2kbuild_CLTBUILD23 2021-04-11 20_30_46\In\961cf3b0-68b2-44e7-8a8c-40792af5da60\CLTBUILD23&gt;set HtmlResultsFile=Assignment Types_Assignment Types_Html.html &#xD;
&#xD;
C:\Agt6\_work\_temp\TestResults\c2kbuild_CLTBUILD23 2021-04-11 20_30_46\In\961cf3b0-68b2-44e7-8a8c-40792af5da60\CLTBUILD23&gt;set JunitResultsFile=Assignment Types_Assignment Types_Junit.xml &#xD;
&#xD;
C:\Agt6\_work\_temp\TestResults\c2kbuild_CLTBUILD23 2021-04-11 20_30_46\In\961cf3b0-68b2-44e7-8a8c-40792af5da60\CLTBUILD23&gt;newman run "c:\agt6\_work\9\a\workloadmanagementapi\tests\workloadmanagement\wlmassignmenttype\Assignment Types.postman_collection.json" -d "c:\agt6\_work\9\a\workloadmanagementapi\tests\workloadmanagement\wlmassignmenttype\Assignment Types.data.json" -e "c:\agt6\_work\9\a\workloadmanagementapi\tests\workloadmanagement\wlmassignmenttype\..\..\..\Common\StudentApiEnvironment.postman_environment.json" -r junit,html --reporter-html-export "Assignment Types_Assignment Types_Html.html" --reporter-junit-export "Assignment Types_Assignment Types_Junit.xml"</StdOut>
          </Output>
          <ResultFiles>
            <ResultFile path="CLTBUILD23\Assignment Types_Assignment Types_Html.html" />
            <ResultFile path="CLTBUILD23\Assignment Types_Assignment Types_Junit.xml" />
          </ResultFiles>
        </UnitTestResult>
        <UnitTestResult executionId="fc776a89-5c05-46a8-9abd-e9e582de4be1" parentExecutionId="30873c49-7ffa-47a7-a389-d1a427a7e688" testId="939a44fb-cafa-478b-9d20-b241bb18550b" testName="02- wlmjobfunction-generictest (OT-All)" computerName="CLTBUILD23" duration="00:00:08.3417721" startTime="2021-04-11T20:31:05.5846010-04:00" endTime="2021-04-11T20:31:13.9244371-04:00" testType="13cdc9d9-ddb5-4fa4-a97d-d965ccfc6d4b" outcome="Passed" testListId="8c84fa94-04c1-424b-9868-57a2d4851a1d" relativeResultsDirectory="fc776a89-5c05-46a8-9abd-e9e582de4be1">
          <Output>
            <StdOut>C:\Agt6\_work\_temp\TestResults\c2kbuild_CLTBUILD23 2021-04-11 20_30_46\In\fc776a89-5c05-46a8-9abd-e9e582de4be1\CLTBUILD23&gt;if not defined TestLocation (set TestLocation=. ) &#xD;
&#xD;
C:\Agt6\_work\_temp\TestResults\c2kbuild_CLTBUILD23 2021-04-11 20_30_46\In\fc776a89-5c05-46a8-9abd-e9e582de4be1\CLTBUILD23&gt;set CollectionFileName=WlmJobFunction.postman_collection.json &#xD;
&#xD;
C:\Agt6\_work\_temp\TestResults\c2kbuild_CLTBUILD23 2021-04-11 20_30_46\In\fc776a89-5c05-46a8-9abd-e9e582de4be1\CLTBUILD23&gt;set DataFileName=WlmJobFunction.data.json &#xD;
&#xD;
C:\Agt6\_work\_temp\TestResults\c2kbuild_CLTBUILD23 2021-04-11 20_30_46\In\fc776a89-5c05-46a8-9abd-e9e582de4be1\CLTBUILD23&gt;set EnvironmentFilePath=c:\agt6\_work\9\a\workloadmanagementapi\tests\workloadmanagement\job function\..\..\..\Common\StudentApiEnvironment.postman_environment.json &#xD;
&#xD;
C:\Agt6\_work\_temp\TestResults\c2kbuild_CLTBUILD23 2021-04-11 20_30_46\In\fc776a89-5c05-46a8-9abd-e9e582de4be1\CLTBUILD23&gt;set HtmlResultsFile=WlmJobFunction_WlmJobFunction_Html.html &#xD;
&#xD;
C:\Agt6\_work\_temp\TestResults\c2kbuild_CLTBUILD23 2021-04-11 20_30_46\In\fc776a89-5c05-46a8-9abd-e9e582de4be1\CLTBUILD23&gt;set JunitResultsFile=WlmJobFunction_WlmJobFunction_Junit.xml &#xD;
&#xD;
C:\Agt6\_work\_temp\TestResults\c2kbuild_CLTBUILD23 2021-04-11 20_30_46\In\fc776a89-5c05-46a8-9abd-e9e582de4be1\CLTBUILD23&gt;newman run "c:\agt6\_work\9\a\workloadmanagementapi\tests\workloadmanagement\job function\WlmJobFunction.postman_collection.json" -d "c:\agt6\_work\9\a\workloadmanagementapi\tests\workloadmanagement\job function\WlmJobFunction.data.json" -e "c:\agt6\_work\9\a\workloadmanagementapi\tests\workloadmanagement\job function\..\..\..\Common\StudentApiEnvironment.postman_environment.json" -r junit,html --reporter-html-export "WlmJobFunction_WlmJobFunction_Html.html" --reporter-junit-export "WlmJobFunction_WlmJobFunction_Junit.xml"</StdOut>
          </Output>
          <ResultFiles>
            <ResultFile path="CLTBUILD23\WlmJobFunction_WlmJobFunction_Html.html" />
            <ResultFile path="CLTBUILD23\WlmJobFunction_WlmJobFunction_Junit.xml" />
          </ResultFiles>
        </UnitTestResult>
        <UnitTestResult executionId="a5143db1-9b3f-4cd6-aaf8-8d4240b0c06a" parentExecutionId="30873c49-7ffa-47a7-a389-d1a427a7e688" testId="5bfe1696-5678-4723-a0ac-6abef00a85c7" testName="03- pay level-generictest (OT-All)" computerName="CLTBUILD23" duration="00:00:08.7642383" startTime="2021-04-11T20:31:13.9244371-04:00" endTime="2021-04-11T20:31:22.6940536-04:00" testType="13cdc9d9-ddb5-4fa4-a97d-d965ccfc6d4b" outcome="Passed" testListId="8c84fa94-04c1-424b-9868-57a2d4851a1d" relativeResultsDirectory="a5143db1-9b3f-4cd6-aaf8-8d4240b0c06a">
          <Output>
            <StdOut>C:\Agt6\_work\_temp\TestResults\c2kbuild_CLTBUILD23 2021-04-11 20_30_46\In\a5143db1-9b3f-4cd6-aaf8-8d4240b0c06a\CLTBUILD23&gt;if not defined TestLocation (set TestLocation=. ) &#xD;
&#xD;
C:\Agt6\_work\_temp\TestResults\c2kbuild_CLTBUILD23 2021-04-11 20_30_46\In\a5143db1-9b3f-4cd6-aaf8-8d4240b0c06a\CLTBUILD23&gt;set CollectionFileName=Pay Level.postman_collection.json &#xD;
&#xD;
C:\Agt6\_work\_temp\TestResults\c2kbuild_CLTBUILD23 2021-04-11 20_30_46\In\a5143db1-9b3f-4cd6-aaf8-8d4240b0c06a\CLTBUILD23&gt;set DataFileName=Pay Level.data.json &#xD;
&#xD;
C:\Agt6\_work\_temp\TestResults\c2kbuild_CLTBUILD23 2021-04-11 20_30_46\In\a5143db1-9b3f-4cd6-aaf8-8d4240b0c06a\CLTBUILD23&gt;set EnvironmentFilePath=c:\agt6\_work\9\a\workloadmanagementapi\tests\workloadmanagement\pay level\..\..\..\Common\StudentApiEnvironment.postman_environment.json &#xD;
&#xD;
C:\Agt6\_work\_temp\TestResults\c2kbuild_CLTBUILD23 2021-04-11 20_30_46\In\a5143db1-9b3f-4cd6-aaf8-8d4240b0c06a\CLTBUILD23&gt;set HtmlResultsFile=WorkloadManagement_Pay Level_Html.html &#xD;
&#xD;
C:\Agt6\_work\_temp\TestResults\c2kbuild_CLTBUILD23 2021-04-11 20_30_46\In\a5143db1-9b3f-4cd6-aaf8-8d4240b0c06a\CLTBUILD23&gt;set JunitResultsFile=WorkloadManagement_Pay Level_Junit.xml &#xD;
&#xD;
C:\Agt6\_work\_temp\TestResults\c2kbuild_CLTBUILD23 2021-04-11 20_30_46\In\a5143db1-9b3f-4cd6-aaf8-8d4240b0c06a\CLTBUILD23&gt;newman run "c:\agt6\_work\9\a\workloadmanagementapi\tests\workloadmanagement\pay level\Pay Level.postman_collection.json" -d "c:\agt6\_work\9\a\workloadmanagementapi\tests\workloadmanagement\pay level\Pay Level.data.json" -e "c:\agt6\_work\9\a\workloadmanagementapi\tests\workloadmanagement\pay level\..\..\..\Common\StudentApiEnvironment.postman_environment.json" -r junit,html --reporter-html-export "WorkloadManagement_Pay Level_Html.html" --reporter-junit-export "WorkloadManagement_Pay Level_Junit.xml"</StdOut>
          </Output>
          <ResultFiles>
            <ResultFile path="CLTBUILD23\WorkloadManagement_Pay Level_Html.html" />
            <ResultFile path="CLTBUILD23\WorkloadManagement_Pay Level_Junit.xml" />
          </ResultFiles>
        </UnitTestResult>
        <UnitTestResult executionId="58352cd6-8dee-4848-9bf5-4f943ae3978b" parentExecutionId="30873c49-7ffa-47a7-a389-d1a427a7e688" testId="32a0a4b0-8943-4d13-8e42-50d59c467a57" testName="04- load groups-generictest (OT-All)" computerName="CLTBUILD23" duration="00:00:08.6519394" startTime="2021-04-11T20:31:22.6960560-04:00" endTime="2021-04-11T20:31:31.3477317-04:00" testType="13cdc9d9-ddb5-4fa4-a97d-d965ccfc6d4b" outcome="Passed" testListId="8c84fa94-04c1-424b-9868-57a2d4851a1d" relativeResultsDirectory="58352cd6-8dee-4848-9bf5-4f943ae3978b">
          <Output>
            <StdOut>C:\Agt6\_work\_temp\TestResults\c2kbuild_CLTBUILD23 2021-04-11 20_30_46\In\58352cd6-8dee-4848-9bf5-4f943ae3978b\CLTBUILD23&gt;if not defined TestLocation (set TestLocation=. ) &#xD;
&#xD;
C:\Agt6\_work\_temp\TestResults\c2kbuild_CLTBUILD23 2021-04-11 20_30_46\In\58352cd6-8dee-4848-9bf5-4f943ae3978b\CLTBUILD23&gt;set CollectionFileName=Load Groups.postman_collection.json &#xD;
&#xD;
C:\Agt6\_work\_temp\TestResults\c2kbuild_CLTBUILD23 2021-04-11 20_30_46\In\58352cd6-8dee-4848-9bf5-4f943ae3978b\CLTBUILD23&gt;set DataFileName=Load Groups.data.json &#xD;
&#xD;
C:\Agt6\_work\_temp\TestResults\c2kbuild_CLTBUILD23 2021-04-11 20_30_46\In\58352cd6-8dee-4848-9bf5-4f943ae3978b\CLTBUILD23&gt;set EnvironmentFilePath=c:\agt6\_work\9\a\workloadmanagementapi\tests\workloadmanagement\load groups\..\..\..\Common\StudentApiEnvironment.postman_environment.json &#xD;
&#xD;
C:\Agt6\_work\_temp\TestResults\c2kbuild_CLTBUILD23 2021-04-11 20_30_46\In\58352cd6-8dee-4848-9bf5-4f943ae3978b\CLTBUILD23&gt;set HtmlResultsFile=Load Groups_Load Groups_Html.html &#xD;
&#xD;
C:\Agt6\_work\_temp\TestResults\c2kbuild_CLTBUILD23 2021-04-11 20_30_46\In\58352cd6-8dee-4848-9bf5-4f943ae3978b\CLTBUILD23&gt;set JunitResultsFile=Load Groups_Load Groups_Junit.xml &#xD;
&#xD;
C:\Agt6\_work\_temp\TestResults\c2kbuild_CLTBUILD23 2021-04-11 20_30_46\In\58352cd6-8dee-4848-9bf5-4f943ae3978b\CLTBUILD23&gt;newman run "c:\agt6\_work\9\a\workloadmanagementapi\tests\workloadmanagement\load groups\Load Groups.postman_collection.json" -d "c:\agt6\_work\9\a\workloadmanagementapi\tests\workloadmanagement\load groups\Load Groups.data.json" -e "c:\agt6\_work\9\a\workloadmanagementapi\tests\workloadmanagement\load groups\..\..\..\Common\StudentApiEnvironment.postman_environment.json" -r junit,html --reporter-html-export "Load Groups_Load Groups_Html.html" --reporter-junit-export "Load Groups_Load Groups_Junit.xml"</StdOut>
          </Output>
          <ResultFiles>
            <ResultFile path="CLTBUILD23\Load Groups_Load Groups_Html.html" />
            <ResultFile path="CLTBUILD23\Load Groups_Load Groups_Junit.xml" />
          </ResultFiles>
        </UnitTestResult>
        <UnitTestResult executionId="03a06422-c642-4101-a943-f6d5e4f3d3cc" parentExecutionId="30873c49-7ffa-47a7-a389-d1a427a7e688" testId="a3bfe0df-5b7d-4c15-849d-8b7ec7072ce4" testName="05- wlmstaffpositionassignment_crud-generictest (OT-All)" computerName="CLTBUILD23" duration="00:00:22.3145935" startTime="2021-04-11T20:31:31.3527256-04:00" endTime="2021-04-11T20:31:53.6665885-04:00" testType="13cdc9d9-ddb5-4fa4-a97d-d965ccfc6d4b" outcome="Passed" testListId="8c84fa94-04c1-424b-9868-57a2d4851a1d" relativeResultsDirectory="03a06422-c642-4101-a943-f6d5e4f3d3cc">
          <Output>
            <StdOut>C:\Agt6\_work\_temp\TestResults\c2kbuild_CLTBUILD23 2021-04-11 20_30_46\In\03a06422-c642-4101-a943-f6d5e4f3d3cc\CLTBUILD23&gt;if not defined TestLocation (set TestLocation=. ) &#xD;
&#xD;
C:\Agt6\_work\_temp\TestResults\c2kbuild_CLTBUILD23 2021-04-11 20_30_46\In\03a06422-c642-4101-a943-f6d5e4f3d3cc\CLTBUILD23&gt;set CollectionFileName=c:\agt6\_work\9\a\workloadmanagementapi\tests\workloadmanagement\staff position assignment\WlmStaffPositionAssignment_CRUD.postman_collection.json &#xD;
&#xD;
C:\Agt6\_work\_temp\TestResults\c2kbuild_CLTBUILD23 2021-04-11 20_30_46\In\03a06422-c642-4101-a943-f6d5e4f3d3cc\CLTBUILD23&gt;set DataFileName=c:\agt6\_work\9\a\workloadmanagementapi\tests\workloadmanagement\staff position assignment\WlmStaffPositionAssignment_CRUD.data.json &#xD;
&#xD;
C:\Agt6\_work\_temp\TestResults\c2kbuild_CLTBUILD23 2021-04-11 20_30_46\In\03a06422-c642-4101-a943-f6d5e4f3d3cc\CLTBUILD23&gt;set EnvironmentFilePath=c:\agt6\_work\9\a\workloadmanagementapi\tests\workloadmanagement\staff position assignment\..\..\..\Common\StudentApiEnvironment.postman_environment.json &#xD;
&#xD;
C:\Agt6\_work\_temp\TestResults\c2kbuild_CLTBUILD23 2021-04-11 20_30_46\In\03a06422-c642-4101-a943-f6d5e4f3d3cc\CLTBUILD23&gt;set HtmlResultsFile=Staff Position Assignment_WlmStaffPositionAssignment_CRUD-Html.html &#xD;
&#xD;
C:\Agt6\_work\_temp\TestResults\c2kbuild_CLTBUILD23 2021-04-11 20_30_46\In\03a06422-c642-4101-a943-f6d5e4f3d3cc\CLTBUILD23&gt;set JunitResultsFile=Staff Position Assignment_WlmStaffPositionAssignment_CRUD-Junit.xml &#xD;
&#xD;
C:\Agt6\_work\_temp\TestResults\c2kbuild_CLTBUILD23 2021-04-11 20_30_46\In\03a06422-c642-4101-a943-f6d5e4f3d3cc\CLTBUILD23&gt;newman run "c:\agt6\_work\9\a\workloadmanagementapi\tests\workloadmanagement\staff position assignment\WlmStaffPositionAssignment_CRUD.postman_collection.json" -d "c:\agt6\_work\9\a\workloadmanagementapi\tests\workloadmanagement\staff position assignment\WlmStaffPositionAssignment_CRUD.data.json" -e "c:\agt6\_work\9\a\workloadmanagementapi\tests\workloadmanagement\staff position assignment\..\..\..\Common\StudentApiEnvironment.postman_environment.json" -r junit,html --reporter-html-export "Staff Position Assignment_WlmStaffPositionAssignment_CRUD-Html.html" --reporter-junit-export "Staff Position Assignment_WlmStaffPositionAssignment_CRUD-Junit.xml"</StdOut>
          </Output>
          <ResultFiles>
            <ResultFile path="CLTBUILD23\Staff Position Assignment_WlmStaffPositionAssignment_CRUD-Html.html" />
            <ResultFile path="CLTBUILD23\Staff Position Assignment_WlmStaffPositionAssignment_CRUD-Junit.xml" />
          </ResultFiles>
        </UnitTestResult>
        <UnitTestResult executionId="c6c569e5-bbcf-4c45-ac5a-506f4b9ec547" parentExecutionId="30873c49-7ffa-47a7-a389-d1a427a7e688" testId="44dae6fb-0584-44f4-a194-addcd7db046e" testName="06- wlmpositiontype-generictest (OT-All)" computerName="CLTBUILD23" duration="00:00:07.4199603" startTime="2021-04-11T20:31:53.6675864-04:00" endTime="2021-04-11T20:32:01.0908806-04:00" testType="13cdc9d9-ddb5-4fa4-a97d-d965ccfc6d4b" outcome="Passed" testListId="8c84fa94-04c1-424b-9868-57a2d4851a1d" relativeResultsDirectory="c6c569e5-bbcf-4c45-ac5a-506f4b9ec547">
          <Output>
            <StdOut>C:\Agt6\_work\_temp\TestResults\c2kbuild_CLTBUILD23 2021-04-11 20_30_46\In\c6c569e5-bbcf-4c45-ac5a-506f4b9ec547\CLTBUILD23&gt;if not defined TestLocation (set TestLocation=. ) &#xD;
&#xD;
C:\Agt6\_work\_temp\TestResults\c2kbuild_CLTBUILD23 2021-04-11 20_30_46\In\c6c569e5-bbcf-4c45-ac5a-506f4b9ec547\CLTBUILD23&gt;set CollectionFileName=c:\agt6\_work\9\a\workloadmanagementapi\tests\workloadmanagement\positiontype\WlmPositionType.postman_collection.json &#xD;
&#xD;
C:\Agt6\_work\_temp\TestResults\c2kbuild_CLTBUILD23 2021-04-11 20_30_46\In\c6c569e5-bbcf-4c45-ac5a-506f4b9ec547\CLTBUILD23&gt;set DataFileName=c:\agt6\_work\9\a\workloadmanagementapi\tests\workloadmanagement\positiontype\WlmPositionType.data.json &#xD;
&#xD;
C:\Agt6\_work\_temp\TestResults\c2kbuild_CLTBUILD23 2021-04-11 20_30_46\In\c6c569e5-bbcf-4c45-ac5a-506f4b9ec547\CLTBUILD23&gt;set EnvironmentFilePath=c:\agt6\_work\9\a\workloadmanagementapi\tests\workloadmanagement\positiontype\..\..\..\Common\StudentApiEnvironment.postman_environment.json &#xD;
&#xD;
C:\Agt6\_work\_temp\TestResults\c2kbuild_CLTBUILD23 2021-04-11 20_30_46\In\c6c569e5-bbcf-4c45-ac5a-506f4b9ec547\CLTBUILD23&gt;set HtmlResultsFile=Position Type_WlmPositionType-Html.html &#xD;
&#xD;
C:\Agt6\_work\_temp\TestResults\c2kbuild_CLTBUILD23 2021-04-11 20_30_46\In\c6c569e5-bbcf-4c45-ac5a-506f4b9ec547\CLTBUILD23&gt;set JunitResultsFile=Position Type_WlmPositionType-Junit.xml &#xD;
&#xD;
C:\Agt6\_work\_temp\TestResults\c2kbuild_CLTBUILD23 2021-04-11 20_30_46\In\c6c569e5-bbcf-4c45-ac5a-506f4b9ec547\CLTBUILD23&gt;newman run "c:\agt6\_work\9\a\workloadmanagementapi\tests\workloadmanagement\positiontype\WlmPositionType.postman_collection.json" -d "c:\agt6\_work\9\a\workloadmanagementapi\tests\workloadmanagement\positiontype\WlmPositionType.data.json" -e "c:\agt6\_work\9\a\workloadmanagementapi\tests\workloadmanagement\positiontype\..\..\..\Common\StudentApiEnvironment.postman_environment.json" -r junit,html --reporter-html-export "Position Type_WlmPositionType-Html.html" --reporter-junit-export "Position Type_WlmPositionType-Junit.xml"</StdOut>
          </Output>
          <ResultFiles>
            <ResultFile path="CLTBUILD23\Position Type_WlmPositionType-Html.html" />
            <ResultFile path="CLTBUILD23\Position Type_WlmPositionType-Junit.xml" />
          </ResultFiles>
        </UnitTestResult>
        <UnitTestResult executionId="a84c3de8-1a33-4db8-9f72-5cd9b4e37eb3" parentExecutionId="30873c49-7ffa-47a7-a389-d1a427a7e688" testId="41d157e8-0271-4433-b52e-ed517eb6add1" testName="07- wlmnonteachinggroup_crud-generictest (OT-All)" computerName="CLTBUILD23" duration="00:00:14.6437469" startTime="2021-04-11T20:32:01.0918803-04:00" endTime="2021-04-11T20:32:15.7325582-04:00" testType="13cdc9d9-ddb5-4fa4-a97d-d965ccfc6d4b" outcome="Passed" testListId="8c84fa94-04c1-424b-9868-57a2d4851a1d" relativeResultsDirectory="a84c3de8-1a33-4db8-9f72-5cd9b4e37eb3">
          <Output>
            <StdOut>C:\Agt6\_work\_temp\TestResults\c2kbuild_CLTBUILD23 2021-04-11 20_30_46\In\a84c3de8-1a33-4db8-9f72-5cd9b4e37eb3\CLTBUILD23&gt;if not defined TestLocation (set TestLocation=. ) &#xD;
&#xD;
C:\Agt6\_work\_temp\TestResults\c2kbuild_CLTBUILD23 2021-04-11 20_30_46\In\a84c3de8-1a33-4db8-9f72-5cd9b4e37eb3\CLTBUILD23&gt;set CollectionFileName=c:\agt6\_work\9\a\workloadmanagementapi\tests\workloadmanagement\non teaching groups\WlmNonTeachingGroup_CRUD.postman_collection.json &#xD;
&#xD;
C:\Agt6\_work\_temp\TestResults\c2kbuild_CLTBUILD23 2021-04-11 20_30_46\In\a84c3de8-1a33-4db8-9f72-5cd9b4e37eb3\CLTBUILD23&gt;set DataFileName=c:\agt6\_work\9\a\workloadmanagementapi\tests\workloadmanagement\non teaching groups\WlmNonTeachingGroup_CRUD.data.json &#xD;
&#xD;
C:\Agt6\_work\_temp\TestResults\c2kbuild_CLTBUILD23 2021-04-11 20_30_46\In\a84c3de8-1a33-4db8-9f72-5cd9b4e37eb3\CLTBUILD23&gt;set EnvironmentFilePath=c:\agt6\_work\9\a\workloadmanagementapi\tests\workloadmanagement\non teaching groups\..\..\..\Common\StudentApiEnvironment.postman_environment.json &#xD;
&#xD;
C:\Agt6\_work\_temp\TestResults\c2kbuild_CLTBUILD23 2021-04-11 20_30_46\In\a84c3de8-1a33-4db8-9f72-5cd9b4e37eb3\CLTBUILD23&gt;set HtmlResultsFile=Non Teaching Group_WlmNonTeachingGroup_CRUD-Html.html &#xD;
&#xD;
C:\Agt6\_work\_temp\TestResults\c2kbuild_CLTBUILD23 2021-04-11 20_30_46\In\a84c3de8-1a33-4db8-9f72-5cd9b4e37eb3\CLTBUILD23&gt;set JunitResultsFile=Non Teaching Group_WlmNonTeachingGroup_CRUD-Junit.xml &#xD;
&#xD;
C:\Agt6\_work\_temp\TestResults\c2kbuild_CLTBUILD23 2021-04-11 20_30_46\In\a84c3de8-1a33-4db8-9f72-5cd9b4e37eb3\CLTBUILD23&gt;newman run "c:\agt6\_work\9\a\workloadmanagementapi\tests\workloadmanagement\non teaching groups\WlmNonTeachingGroup_CRUD.postman_collection.json" -d "c:\agt6\_work\9\a\workloadmanagementapi\tests\workloadmanagement\non teaching groups\WlmNonTeachingGroup_CRUD.data.json" -e "c:\agt6\_work\9\a\workloadmanagementapi\tests\workloadmanagement\non teaching groups\..\..\..\Common\StudentApiEnvironment.postman_environment.json" -r junit,htmlextra --reporter-html-export "Non Teaching Group_WlmNonTeachingGroup_CRUD-Html.html" --reporter-junit-export "Non Teaching Group_WlmNonTeachingGroup_CRUD-Junit.xml"</StdOut>
          </Output>
          <ResultFiles>
            <ResultFile path="CLTBUILD23\Non Teaching Group_WlmNonTeachingGroup_CRUD-Junit.xml" />
            <ResultFile path="CLTBUILD23\WlmNonTeachingGroup_CRUD-2021-04-12-00-32-15-659-0.html" />
          </ResultFiles>
        </UnitTestResult>
        <UnitTestResult executionId="e9ed15e4-abd1-4bfc-af56-a6411f057f1f" parentExecutionId="30873c49-7ffa-47a7-a389-d1a427a7e688" testId="02a11f05-edd4-4184-9bcd-89a68b03eb30" testName="08- wlmnonteachingactivity_crud-generictest (OT-All)" computerName="CLTBUILD23" duration="00:00:13.0110363" startTime="2021-04-11T20:32:15.7335583-04:00" endTime="2021-04-11T20:32:28.7390654-04:00" testType="13cdc9d9-ddb5-4fa4-a97d-d965ccfc6d4b" outcome="Passed" testListId="8c84fa94-04c1-424b-9868-57a2d4851a1d" relativeResultsDirectory="e9ed15e4-abd1-4bfc-af56-a6411f057f1f">
          <Output>
            <StdOut>C:\Agt6\_work\_temp\TestResults\c2kbuild_CLTBUILD23 2021-04-11 20_30_46\In\e9ed15e4-abd1-4bfc-af56-a6411f057f1f\CLTBUILD23&gt;if not defined TestLocation (set TestLocation=. ) &#xD;
&#xD;
C:\Agt6\_work\_temp\TestResults\c2kbuild_CLTBUILD23 2021-04-11 20_30_46\In\e9ed15e4-abd1-4bfc-af56-a6411f057f1f\CLTBUILD23&gt;set CollectionFileName=c:\agt6\_work\9\a\workloadmanagementapi\tests\workloadmanagement\non teaching activity\WlmNonTeachingActivity_CRUD.postman_collection.json &#xD;
&#xD;
C:\Agt6\_work\_temp\TestResults\c2kbuild_CLTBUILD23 2021-04-11 20_30_46\In\e9ed15e4-abd1-4bfc-af56-a6411f057f1f\CLTBUILD23&gt;set DataFileName=c:\agt6\_work\9\a\workloadmanagementapi\tests\workloadmanagement\non teaching activity\WlmNonTeachingActivity_CRUD.data.json &#xD;
&#xD;
C:\Agt6\_work\_temp\TestResults\c2kbuild_CLTBUILD23 2021-04-11 20_30_46\In\e9ed15e4-abd1-4bfc-af56-a6411f057f1f\CLTBUILD23&gt;set EnvironmentFilePath=c:\agt6\_work\9\a\workloadmanagementapi\tests\workloadmanagement\non teaching activity\..\..\..\Common\StudentApiEnvironment.postman_environment.json &#xD;
&#xD;
C:\Agt6\_work\_temp\TestResults\c2kbuild_CLTBUILD23 2021-04-11 20_30_46\In\e9ed15e4-abd1-4bfc-af56-a6411f057f1f\CLTBUILD23&gt;set HtmlResultsFile=Non Teaching Activity_WlmNonTeachingActivity_CRUD-Html.html &#xD;
&#xD;
C:\Agt6\_work\_temp\TestResults\c2kbuild_CLTBUILD23 2021-04-11 20_30_46\In\e9ed15e4-abd1-4bfc-af56-a6411f057f1f\CLTBUILD23&gt;set JunitResultsFile=Non Teaching Activity_WlmNonTeachingActivity_CRUD-Junit.xml &#xD;
&#xD;
C:\Agt6\_work\_temp\TestResults\c2kbuild_CLTBUILD23 2021-04-11 20_30_46\In\e9ed15e4-abd1-4bfc-af56-a6411f057f1f\CLTBUILD23&gt;newman run "c:\agt6\_work\9\a\workloadmanagementapi\tests\workloadmanagement\non teaching activity\WlmNonTeachingActivity_CRUD.postman_collection.json" -d "c:\agt6\_work\9\a\workloadmanagementapi\tests\workloadmanagement\non teaching activity\WlmNonTeachingActivity_CRUD.data.json" -e "c:\agt6\_work\9\a\workloadmanagementapi\tests\workloadmanagement\non teaching activity\..\..\..\Common\StudentApiEnvironment.postman_environment.json" -r junit,html --reporter-html-export "Non Teaching Activity_WlmNonTeachingActivity_CRUD-Html.html" --reporter-junit-export "Non Teaching Activity_WlmNonTeachingActivity_CRUD-Junit.xml"</StdOut>
          </Output>
          <ResultFiles>
            <ResultFile path="CLTBUILD23\Non Teaching Activity_WlmNonTeachingActivity_CRUD-Html.html" />
            <ResultFile path="CLTBUILD23\Non Teaching Activity_WlmNonTeachingActivity_CRUD-Junit.xml" />
          </ResultFiles>
        </UnitTestResult>
        <UnitTestResult executionId="7d7cc6ab-45df-48f7-bc4f-225793fddfb7" parentExecutionId="30873c49-7ffa-47a7-a389-d1a427a7e688" testId="7a0224f1-5770-4dcd-919e-eae466e2fac8" testName="09- wlmmeasurementunit-generictest (OT-All)" computerName="CLTBUILD23" duration="00:00:08.6850213" startTime="2021-04-11T20:32:28.7400691-04:00" endTime="2021-04-11T20:32:37.4217326-04:00" testType="13cdc9d9-ddb5-4fa4-a97d-d965ccfc6d4b" outcome="Passed" testListId="8c84fa94-04c1-424b-9868-57a2d4851a1d" relativeResultsDirectory="7d7cc6ab-45df-48f7-bc4f-225793fddfb7">
          <Output>
            <StdOut>C:\Agt6\_work\_temp\TestResults\c2kbuild_CLTBUILD23 2021-04-11 20_30_46\In\7d7cc6ab-45df-48f7-bc4f-225793fddfb7\CLTBUILD23&gt;if not defined TestLocation (set TestLocation=. ) &#xD;
&#xD;
C:\Agt6\_work\_temp\TestResults\c2kbuild_CLTBUILD23 2021-04-11 20_30_46\In\7d7cc6ab-45df-48f7-bc4f-225793fddfb7\CLTBUILD23&gt;set CollectionFileName=WlmMeasurementUnit.postman_collection.json &#xD;
&#xD;
C:\Agt6\_work\_temp\TestResults\c2kbuild_CLTBUILD23 2021-04-11 20_30_46\In\7d7cc6ab-45df-48f7-bc4f-225793fddfb7\CLTBUILD23&gt;set DataFileName=WlmMeasurementUnit.data.json &#xD;
&#xD;
C:\Agt6\_work\_temp\TestResults\c2kbuild_CLTBUILD23 2021-04-11 20_30_46\In\7d7cc6ab-45df-48f7-bc4f-225793fddfb7\CLTBUILD23&gt;set EnvironmentFilePath=c:\agt6\_work\9\a\workloadmanagementapi\tests\workloadmanagement\unit of measurements\..\..\..\Common\StudentApiEnvironment.postman_environment.json &#xD;
&#xD;
C:\Agt6\_work\_temp\TestResults\c2kbuild_CLTBUILD23 2021-04-11 20_30_46\In\7d7cc6ab-45df-48f7-bc4f-225793fddfb7\CLTBUILD23&gt;set HtmlResultsFile=Unit Of Measurements_WlmMeasurementUnit_Html.html &#xD;
&#xD;
C:\Agt6\_work\_temp\TestResults\c2kbuild_CLTBUILD23 2021-04-11 20_30_46\In\7d7cc6ab-45df-48f7-bc4f-225793fddfb7\CLTBUILD23&gt;set JunitResultsFile=Unit Of Measurements_WlmMeasurementUnit_Junit.xml &#xD;
&#xD;
C:\Agt6\_work\_temp\TestResults\c2kbuild_CLTBUILD23 2021-04-11 20_30_46\In\7d7cc6ab-45df-48f7-bc4f-225793fddfb7\CLTBUILD23&gt;newman run "c:\agt6\_work\9\a\workloadmanagementapi\tests\workloadmanagement\unit of measurements\WlmMeasurementUnit.postman_collection.json" -d "c:\agt6\_work\9\a\workloadmanagementapi\tests\workloadmanagement\unit of measurements\WlmMeasurementUnit.data.json" -e "c:\agt6\_work\9\a\workloadmanagementapi\tests\workloadmanagement\unit of measurements\..\..\..\Common\StudentApiEnvironment.postman_environment.json" -r junit,html --reporter-html-export "Unit Of Measurements_WlmMeasurementUnit_Html.html" --reporter-junit-export "Unit Of Measurements_WlmMeasurementUnit_Junit.xml"</StdOut>
          </Output>
          <ResultFiles>
            <ResultFile path="CLTBUILD23\Unit Of Measurements_WlmMeasurementUnit_Html.html" />
            <ResultFile path="CLTBUILD23\Unit Of Measurements_WlmMeasurementUnit_Junit.xml" />
          </ResultFiles>
        </UnitTestResult>
        <UnitTestResult executionId="36556d08-b138-4f84-94dd-7ea94eb5bd83" parentExecutionId="30873c49-7ffa-47a7-a389-d1a427a7e688" testId="53a2edc3-07a1-415c-8b36-fc1bdfd42671" testName="10- wlmloadtypes_crud-generictest (OT-All)" computerName="CLTBUILD23" duration="00:00:10.6047113" startTime="2021-04-11T20:32:37.4217326-04:00" endTime="2021-04-11T20:32:48.0224394-04:00" testType="13cdc9d9-ddb5-4fa4-a97d-d965ccfc6d4b" outcome="Passed" testListId="8c84fa94-04c1-424b-9868-57a2d4851a1d" relativeResultsDirectory="36556d08-b138-4f84-94dd-7ea94eb5bd83">
          <Output>
            <StdOut>C:\Agt6\_work\_temp\TestResults\c2kbuild_CLTBUILD23 2021-04-11 20_30_46\In\36556d08-b138-4f84-94dd-7ea94eb5bd83\CLTBUILD23&gt;if not defined TestLocation (set TestLocation=. ) &#xD;
&#xD;
C:\Agt6\_work\_temp\TestResults\c2kbuild_CLTBUILD23 2021-04-11 20_30_46\In\36556d08-b138-4f84-94dd-7ea94eb5bd83\CLTBUILD23&gt;set CollectionFileName=c:\agt6\_work\9\a\workloadmanagementapi\tests\workloadmanagement\load types\WlmLoadTypes_CRUD.postman_collection.json &#xD;
&#xD;
C:\Agt6\_work\_temp\TestResults\c2kbuild_CLTBUILD23 2021-04-11 20_30_46\In\36556d08-b138-4f84-94dd-7ea94eb5bd83\CLTBUILD23&gt;set DataFileName=c:\agt6\_work\9\a\workloadmanagementapi\tests\workloadmanagement\load types\WlmLoadTypes_CRUD.data.json &#xD;
&#xD;
C:\Agt6\_work\_temp\TestResults\c2kbuild_CLTBUILD23 2021-04-11 20_30_46\In\36556d08-b138-4f84-94dd-7ea94eb5bd83\CLTBUILD23&gt;set EnvironmentFilePath=c:\agt6\_work\9\a\workloadmanagementapi\tests\workloadmanagement\load types\..\..\..\Common\StudentApiEnvironment.postman_environment.json &#xD;
&#xD;
C:\Agt6\_work\_temp\TestResults\c2kbuild_CLTBUILD23 2021-04-11 20_30_46\In\36556d08-b138-4f84-94dd-7ea94eb5bd83\CLTBUILD23&gt;set HtmlResultsFile=Load Types_WlmLoadTypes_CRUD-Html.html &#xD;
&#xD;
C:\Agt6\_work\_temp\TestResults\c2kbuild_CLTBUILD23 2021-04-11 20_30_46\In\36556d08-b138-4f84-94dd-7ea94eb5bd83\CLTBUILD23&gt;set JunitResultsFile=Load Types_WlmLoadTypes_CRUD-Junit.xml &#xD;
&#xD;
C:\Agt6\_work\_temp\TestResults\c2kbuild_CLTBUILD23 2021-04-11 20_30_46\In\36556d08-b138-4f84-94dd-7ea94eb5bd83\CLTBUILD23&gt;newman run "c:\agt6\_work\9\a\workloadmanagementapi\tests\workloadmanagement\load types\WlmLoadTypes_CRUD.postman_collection.json" -d "c:\agt6\_work\9\a\workloadmanagementapi\tests\workloadmanagement\load types\WlmLoadTypes_CRUD.data.json" -e "c:\agt6\_work\9\a\workloadmanagementapi\tests\workloadmanagement\load types\..\..\..\Common\StudentApiEnvironment.postman_environment.json" -r junit,html --reporter-html-export "Load Types_WlmLoadTypes_CRUD-Html.html" --reporter-junit-export "Load Types_WlmLoadTypes_CRUD-Junit.xml"</StdOut>
          </Output>
          <ResultFiles>
            <ResultFile path="CLTBUILD23\Load Types_WlmLoadTypes_CRUD-Html.html" />
            <ResultFile path="CLTBUILD23\Load Types_WlmLoadTypes_CRUD-Junit.xml" />
          </ResultFiles>
        </UnitTestResult>
        <UnitTestResult executionId="a331fd42-6833-4ecb-abdc-c4a71bf136a3" parentExecutionId="30873c49-7ffa-47a7-a389-d1a427a7e688" testId="0d88e4d2-d310-41e5-b75b-c57f1155e173" testName="11- wlmjob_crud-generictest (OT-All)" computerName="CLTBUILD23" duration="00:00:10.5983030" startTime="2021-04-11T20:32:48.0244369-04:00" endTime="2021-04-11T20:32:58.6211442-04:00" testType="13cdc9d9-ddb5-4fa4-a97d-d965ccfc6d4b" outcome="Passed" testListId="8c84fa94-04c1-424b-9868-57a2d4851a1d" relativeResultsDirectory="a331fd42-6833-4ecb-abdc-c4a71bf136a3">
          <Output>
            <StdOut>C:\Agt6\_work\_temp\TestResults\c2kbuild_CLTBUILD23 2021-04-11 20_30_46\In\a331fd42-6833-4ecb-abdc-c4a71bf136a3\CLTBUILD23&gt;if not defined TestLocation (set TestLocation=. ) &#xD;
&#xD;
C:\Agt6\_work\_temp\TestResults\c2kbuild_CLTBUILD23 2021-04-11 20_30_46\In\a331fd42-6833-4ecb-abdc-c4a71bf136a3\CLTBUILD23&gt;set CollectionFileName=c:\agt6\_work\9\a\workloadmanagementapi\tests\workloadmanagement\job\wlmJob_CRUD.postman_collection.json &#xD;
&#xD;
C:\Agt6\_work\_temp\TestResults\c2kbuild_CLTBUILD23 2021-04-11 20_30_46\In\a331fd42-6833-4ecb-abdc-c4a71bf136a3\CLTBUILD23&gt;set DataFileName=c:\agt6\_work\9\a\workloadmanagementapi\tests\workloadmanagement\job\wlmJob_CRUD.data.json &#xD;
&#xD;
C:\Agt6\_work\_temp\TestResults\c2kbuild_CLTBUILD23 2021-04-11 20_30_46\In\a331fd42-6833-4ecb-abdc-c4a71bf136a3\CLTBUILD23&gt;set EnvironmentFilePath=c:\agt6\_work\9\a\workloadmanagementapi\tests\workloadmanagement\job\..\..\..\Common\StudentApiEnvironment.postman_environment.json &#xD;
&#xD;
C:\Agt6\_work\_temp\TestResults\c2kbuild_CLTBUILD23 2021-04-11 20_30_46\In\a331fd42-6833-4ecb-abdc-c4a71bf136a3\CLTBUILD23&gt;set HtmlResultsFile=Jobs_wlmJob_CRUD-Html.html &#xD;
&#xD;
C:\Agt6\_work\_temp\TestResults\c2kbuild_CLTBUILD23 2021-04-11 20_30_46\In\a331fd42-6833-4ecb-abdc-c4a71bf136a3\CLTBUILD23&gt;set JunitResultsFile=Jobs_wlmJob_CRUD-Junit.xml &#xD;
&#xD;
C:\Agt6\_work\_temp\TestResults\c2kbuild_CLTBUILD23 2021-04-11 20_30_46\In\a331fd42-6833-4ecb-abdc-c4a71bf136a3\CLTBUILD23&gt;newman run "c:\agt6\_work\9\a\workloadmanagementapi\tests\workloadmanagement\job\wlmJob_CRUD.postman_collection.json" -d "c:\agt6\_work\9\a\workloadmanagementapi\tests\workloadmanagement\job\wlmJob_CRUD.data.json" -e "c:\agt6\_work\9\a\workloadmanagementapi\tests\workloadmanagement\job\..\..\..\Common\StudentApiEnvironment.postman_environment.json" -r junit,html --reporter-html-export "Jobs_wlmJob_CRUD-Html.html" --reporter-junit-export "Jobs_wlmJob_CRUD-Junit.xml"</StdOut>
          </Output>
          <ResultFiles>
            <ResultFile path="CLTBUILD23\Jobs_wlmJob_CRUD-Html.html" />
            <ResultFile path="CLTBUILD23\Jobs_wlmJob_CRUD-Junit.xml" />
          </ResultFiles>
        </UnitTestResult>
        <UnitTestResult executionId="6ff2bffa-5056-4e51-ac1c-d77278a794c3" parentExecutionId="30873c49-7ffa-47a7-a389-d1a427a7e688" testId="4a8cdd48-15ba-451c-befd-ea626cdd24ea" testName="12- wlmcourseloadtype_crud-generictest (OT-All)" computerName="CLTBUILD23" duration="00:00:12.0972308" startTime="2021-04-11T20:32:58.6251557-04:00" endTime="2021-04-11T20:33:10.7171016-04:00" testType="13cdc9d9-ddb5-4fa4-a97d-d965ccfc6d4b" outcome="Passed" testListId="8c84fa94-04c1-424b-9868-57a2d4851a1d" relativeResultsDirectory="6ff2bffa-5056-4e51-ac1c-d77278a794c3">
          <Output>
            <StdOut>C:\Agt6\_work\_temp\TestResults\c2kbuild_CLTBUILD23 2021-04-11 20_30_46\In\6ff2bffa-5056-4e51-ac1c-d77278a794c3\CLTBUILD23&gt;if not defined TestLocation (set TestLocation=. ) &#xD;
&#xD;
C:\Agt6\_work\_temp\TestResults\c2kbuild_CLTBUILD23 2021-04-11 20_30_46\In\6ff2bffa-5056-4e51-ac1c-d77278a794c3\CLTBUILD23&gt;set CollectionFileName=c:\agt6\_work\9\a\workloadmanagementapi\tests\workloadmanagement\course load type details\WlmCourseLoadType_CRUD.postman_collection.json &#xD;
&#xD;
C:\Agt6\_work\_temp\TestResults\c2kbuild_CLTBUILD23 2021-04-11 20_30_46\In\6ff2bffa-5056-4e51-ac1c-d77278a794c3\CLTBUILD23&gt;set DataFileName=c:\agt6\_work\9\a\workloadmanagementapi\tests\workloadmanagement\course load type details\WlmCourseLoadType_CRUD.data.json &#xD;
&#xD;
C:\Agt6\_work\_temp\TestResults\c2kbuild_CLTBUILD23 2021-04-11 20_30_46\In\6ff2bffa-5056-4e51-ac1c-d77278a794c3\CLTBUILD23&gt;set EnvironmentFilePath=c:\agt6\_work\9\a\workloadmanagementapi\tests\workloadmanagement\course load type details\..\..\..\Common\StudentApiEnvironment.postman_environment.json &#xD;
&#xD;
C:\Agt6\_work\_temp\TestResults\c2kbuild_CLTBUILD23 2021-04-11 20_30_46\In\6ff2bffa-5056-4e51-ac1c-d77278a794c3\CLTBUILD23&gt;set HtmlResultsFile=Course Load Type details_WlmCourseLoadType_CRUD-Html.html &#xD;
&#xD;
C:\Agt6\_work\_temp\TestResults\c2kbuild_CLTBUILD23 2021-04-11 20_30_46\In\6ff2bffa-5056-4e51-ac1c-d77278a794c3\CLTBUILD23&gt;set JunitResultsFile=Course Load Type details_WlmCourseLoadType_CRUD-Junit.xml &#xD;
&#xD;
C:\Agt6\_work\_temp\TestResults\c2kbuild_CLTBUILD23 2021-04-11 20_30_46\In\6ff2bffa-5056-4e51-ac1c-d77278a794c3\CLTBUILD23&gt;newman run "c:\agt6\_work\9\a\workloadmanagementapi\tests\workloadmanagement\course load type details\WlmCourseLoadType_CRUD.postman_collection.json" -d "c:\agt6\_work\9\a\workloadmanagementapi\tests\workloadmanagement\course load type details\WlmCourseLoadType_CRUD.data.json" -e "c:\agt6\_work\9\a\workloadmanagementapi\tests\workloadmanagement\course load type details\..\..\..\Common\StudentApiEnvironment.postman_environment.json" -r junit,html --reporter-html-export "Course Load Type details_WlmCourseLoadType_CRUD-Html.html" --reporter-junit-export "Course Load Type details_WlmCourseLoadType_CRUD-Junit.xml"</StdOut>
          </Output>
          <ResultFiles>
            <ResultFile path="CLTBUILD23\Course Load Type details_WlmCourseLoadType_CRUD-Html.html" />
            <ResultFile path="CLTBUILD23\Course Load Type details_WlmCourseLoadType_CRUD-Junit.xml" />
          </ResultFiles>
        </UnitTestResult>
        <UnitTestResult executionId="d06b1851-9536-41a9-85dc-3a1161466977" parentExecutionId="30873c49-7ffa-47a7-a389-d1a427a7e688" testId="0914887c-e018-432e-9f2e-68e88b822c00" testName="13- wlmclasssectionloadtype_crud-generictest (OT-All)" computerName="CLTBUILD23" duration="00:00:14.7279566" startTime="2021-04-11T20:33:10.7181004-04:00" endTime="2021-04-11T20:33:25.4397435-04:00" testType="13cdc9d9-ddb5-4fa4-a97d-d965ccfc6d4b" outcome="Passed" testListId="8c84fa94-04c1-424b-9868-57a2d4851a1d" relativeResultsDirectory="d06b1851-9536-41a9-85dc-3a1161466977">
          <Output>
            <StdOut>C:\Agt6\_work\_temp\TestResults\c2kbuild_CLTBUILD23 2021-04-11 20_30_46\In\d06b1851-9536-41a9-85dc-3a1161466977\CLTBUILD23&gt;if not defined TestLocation (set TestLocation=. ) &#xD;
&#xD;
C:\Agt6\_work\_temp\TestResults\c2kbuild_CLTBUILD23 2021-04-11 20_30_46\In\d06b1851-9536-41a9-85dc-3a1161466977\CLTBUILD23&gt;set CollectionFileName=c:\agt6\_work\9\a\workloadmanagementapi\tests\workloadmanagement\class load type details\WlmClassSectionLoadType_CRUD.postman_collection.json &#xD;
&#xD;
C:\Agt6\_work\_temp\TestResults\c2kbuild_CLTBUILD23 2021-04-11 20_30_46\In\d06b1851-9536-41a9-85dc-3a1161466977\CLTBUILD23&gt;set DataFileName=c:\agt6\_work\9\a\workloadmanagementapi\tests\workloadmanagement\class load type details\WlmClassSectionLoadType_CRUD.data.json &#xD;
&#xD;
C:\Agt6\_work\_temp\TestResults\c2kbuild_CLTBUILD23 2021-04-11 20_30_46\In\d06b1851-9536-41a9-85dc-3a1161466977\CLTBUILD23&gt;set EnvironmentFilePath=c:\agt6\_work\9\a\workloadmanagementapi\tests\workloadmanagement\class load type details\..\..\..\Common\StudentApiEnvironment.postman_environment.json &#xD;
&#xD;
C:\Agt6\_work\_temp\TestResults\c2kbuild_CLTBUILD23 2021-04-11 20_30_46\In\d06b1851-9536-41a9-85dc-3a1161466977\CLTBUILD23&gt;set HtmlResultsFile=Class Load Type details_WlmClassSectionLoadType_CRUD-Html.html &#xD;
&#xD;
C:\Agt6\_work\_temp\TestResults\c2kbuild_CLTBUILD23 2021-04-11 20_30_46\In\d06b1851-9536-41a9-85dc-3a1161466977\CLTBUILD23&gt;set JunitResultsFile=Class Load Type details_WlmClassSectionLoadType_CRUD-Junit.xml &#xD;
&#xD;
C:\Agt6\_work\_temp\TestResults\c2kbuild_CLTBUILD23 2021-04-11 20_30_46\In\d06b1851-9536-41a9-85dc-3a1161466977\CLTBUILD23&gt;newman run "c:\agt6\_work\9\a\workloadmanagementapi\tests\workloadmanagement\class load type details\WlmClassSectionLoadType_CRUD.postman_collection.json" -d "c:\agt6\_work\9\a\workloadmanagementapi\tests\workloadmanagement\class load type details\WlmClassSectionLoadType_CRUD.data.json" -e "c:\agt6\_work\9\a\workloadmanagementapi\tests\workloadmanagement\class load type details\..\..\..\Common\StudentApiEnvironment.postman_environment.json" -r junit,html --reporter-html-export "Class Load Type details_WlmClassSectionLoadType_CRUD-Html.html" --reporter-junit-export "Class Load Type details_WlmClassSectionLoadType_CRUD-Junit.xml"</StdOut>
          </Output>
          <ResultFiles>
            <ResultFile path="CLTBUILD23\Class Load Type details_WlmClassSectionLoadType_CRUD-Html.html" />
            <ResultFile path="CLTBUILD23\Class Load Type details_WlmClassSectionLoadType_CRUD-Junit.xml" />
          </ResultFiles>
        </UnitTestResult>
        <UnitTestResult executionId="ef05f7b5-7b01-4b54-812f-b442c6d0f58f" parentExecutionId="30873c49-7ffa-47a7-a389-d1a427a7e688" testId="12fddc03-9d2f-4870-bfe5-c2bfff92fce3" testName="14- wlmactivitytype-generictest (OT-All)" computerName="CLTBUILD23" duration="00:00:09.5893848" startTime="2021-04-11T20:33:25.4397435-04:00" endTime="2021-04-11T20:33:35.0289622-04:00" testType="13cdc9d9-ddb5-4fa4-a97d-d965ccfc6d4b" outcome="Passed" testListId="8c84fa94-04c1-424b-9868-57a2d4851a1d" relativeResultsDirectory="ef05f7b5-7b01-4b54-812f-b442c6d0f58f">
          <Output>
            <StdOut>C:\Agt6\_work\_temp\TestResults\c2kbuild_CLTBUILD23 2021-04-11 20_30_46\In\ef05f7b5-7b01-4b54-812f-b442c6d0f58f\CLTBUILD23&gt;if not defined TestLocation (set TestLocation=. ) &#xD;
&#xD;
C:\Agt6\_work\_temp\TestResults\c2kbuild_CLTBUILD23 2021-04-11 20_30_46\In\ef05f7b5-7b01-4b54-812f-b442c6d0f58f\CLTBUILD23&gt;set CollectionFileName=WlmActivityType.postman_collection.json &#xD;
&#xD;
C:\Agt6\_work\_temp\TestResults\c2kbuild_CLTBUILD23 2021-04-11 20_30_46\In\ef05f7b5-7b01-4b54-812f-b442c6d0f58f\CLTBUILD23&gt;set DataFileName=WlmActivityType.data.json &#xD;
&#xD;
C:\Agt6\_work\_temp\TestResults\c2kbuild_CLTBUILD23 2021-04-11 20_30_46\In\ef05f7b5-7b01-4b54-812f-b442c6d0f58f\CLTBUILD23&gt;set EnvironmentFilePath=c:\agt6\_work\9\a\workloadmanagementapi\tests\workloadmanagement\activitytype\..\..\..\Common\StudentApiEnvironment.postman_environment.json &#xD;
&#xD;
C:\Agt6\_work\_temp\TestResults\c2kbuild_CLTBUILD23 2021-04-11 20_30_46\In\ef05f7b5-7b01-4b54-812f-b442c6d0f58f\CLTBUILD23&gt;set HtmlResultsFile=ActivityType_WlmActivityType_Html.html &#xD;
&#xD;
C:\Agt6\_work\_temp\TestResults\c2kbuild_CLTBUILD23 2021-04-11 20_30_46\In\ef05f7b5-7b01-4b54-812f-b442c6d0f58f\CLTBUILD23&gt;set JunitResultsFile=ActivityType_WlmActivityType_Junit.xml &#xD;
&#xD;
C:\Agt6\_work\_temp\TestResults\c2kbuild_CLTBUILD23 2021-04-11 20_30_46\In\ef05f7b5-7b01-4b54-812f-b442c6d0f58f\CLTBUILD23&gt;newman run "c:\agt6\_work\9\a\workloadmanagementapi\tests\workloadmanagement\activitytype\WlmActivityType.postman_collection.json" -d "c:\agt6\_work\9\a\workloadmanagementapi\tests\workloadmanagement\activitytype\WlmActivityType.data.json" -e "c:\agt6\_work\9\a\workloadmanagementapi\tests\workloadmanagement\activitytype\..\..\..\Common\StudentApiEnvironment.postman_environment.json" -r junit,htmlextra --reporter-html-export "ActivityType_WlmActivityType_Html.html" --reporter-junit-export "ActivityType_WlmActivityType_Junit.xml"</StdOut>
          </Output>
          <ResultFiles>
            <ResultFile path="CLTBUILD23\ActivityType_WlmActivityType_Junit.xml" />
            <ResultFile path="CLTBUILD23\WlmActivityType-2021-04-12-00-33-34-959-0.html" />
          </ResultFiles>
        </UnitTestResult>
        <UnitTestResult executionId="0a661cd1-998f-4a2b-90fe-a53cb94dd4cf" parentExecutionId="30873c49-7ffa-47a7-a389-d1a427a7e688" testId="28a54323-29d6-4140-91bd-644045866dce" testName="15- positiontitle_crud-generictest (OT-All)" computerName="CLTBUILD23" duration="00:00:08.6826959" startTime="2021-04-11T20:33:35.0299578-04:00" endTime="2021-04-11T20:33:43.7096157-04:00" testType="13cdc9d9-ddb5-4fa4-a97d-d965ccfc6d4b" outcome="Passed" testListId="8c84fa94-04c1-424b-9868-57a2d4851a1d" relativeResultsDirectory="0a661cd1-998f-4a2b-90fe-a53cb94dd4cf">
          <Output>
            <StdOut>C:\Agt6\_work\_temp\TestResults\c2kbuild_CLTBUILD23 2021-04-11 20_30_46\In\0a661cd1-998f-4a2b-90fe-a53cb94dd4cf\CLTBUILD23&gt;if not defined TestLocation (set TestLocation=. ) &#xD;
&#xD;
C:\Agt6\_work\_temp\TestResults\c2kbuild_CLTBUILD23 2021-04-11 20_30_46\In\0a661cd1-998f-4a2b-90fe-a53cb94dd4cf\CLTBUILD23&gt;set CollectionFileName=c:\agt6\_work\9\a\workloadmanagementapi\tests\workloadmanagement\positiontitle\PositionTitle_CRUD.postman_collection.json &#xD;
&#xD;
C:\Agt6\_work\_temp\TestResults\c2kbuild_CLTBUILD23 2021-04-11 20_30_46\In\0a661cd1-998f-4a2b-90fe-a53cb94dd4cf\CLTBUILD23&gt;set DataFileName=c:\agt6\_work\9\a\workloadmanagementapi\tests\workloadmanagement\positiontitle\PositionTitle_CRUD.data.json &#xD;
&#xD;
C:\Agt6\_work\_temp\TestResults\c2kbuild_CLTBUILD23 2021-04-11 20_30_46\In\0a661cd1-998f-4a2b-90fe-a53cb94dd4cf\CLTBUILD23&gt;set EnvironmentFilePath=c:\agt6\_work\9\a\workloadmanagementapi\tests\workloadmanagement\positiontitle\..\..\..\Common\StudentApiEnvironment.postman_environment.json &#xD;
&#xD;
C:\Agt6\_work\_temp\TestResults\c2kbuild_CLTBUILD23 2021-04-11 20_30_46\In\0a661cd1-998f-4a2b-90fe-a53cb94dd4cf\CLTBUILD23&gt;set HtmlResultsFile=PositionTitle_PositionTitle_CRUD-Html.html &#xD;
&#xD;
C:\Agt6\_work\_temp\TestResults\c2kbuild_CLTBUILD23 2021-04-11 20_30_46\In\0a661cd1-998f-4a2b-90fe-a53cb94dd4cf\CLTBUILD23&gt;set JunitResultsFile=PositionTitle_PositionTitle_CRUD-Junit.xml &#xD;
&#xD;
C:\Agt6\_work\_temp\TestResults\c2kbuild_CLTBUILD23 2021-04-11 20_30_46\In\0a661cd1-998f-4a2b-90fe-a53cb94dd4cf\CLTBUILD23&gt;newman run "c:\agt6\_work\9\a\workloadmanagementapi\tests\workloadmanagement\positiontitle\PositionTitle_CRUD.postman_collection.json" -d "c:\agt6\_work\9\a\workloadmanagementapi\tests\workloadmanagement\positiontitle\PositionTitle_CRUD.data.json" -e "c:\agt6\_work\9\a\workloadmanagementapi\tests\workloadmanagement\positiontitle\..\..\..\Common\StudentApiEnvironment.postman_environment.json" -r junit,html --reporter-html-export "PositionTitle_PositionTitle_CRUD-Html.html" --reporter-junit-export "PositionTitle_PositionTitle_CRUD-Junit.xml"</StdOut>
          </Output>
          <ResultFiles>
            <ResultFile path="CLTBUILD23\PositionTitle_PositionTitle_CRUD-Html.html" />
            <ResultFile path="CLTBUILD23\PositionTitle_PositionTitle_CRUD-Junit.xml" />
          </ResultFiles>
        </UnitTestResult>
        <UnitTestResult executionId="2ab1c3e5-011d-4284-86f8-61cbe288022e" parentExecutionId="30873c49-7ffa-47a7-a389-d1a427a7e688" testId="12fddc03-9d2f-4870-bfe5-c2bfff92fce3" testName="16- wlmactivitytype-generictest (OT-All)" computerName="CLTBUILD23" duration="00:00:09.6432838" startTime="2021-04-11T20:33:43.7106145-04:00" endTime="2021-04-11T20:33:53.3528049-04:00" testType="13cdc9d9-ddb5-4fa4-a97d-d965ccfc6d4b" outcome="Passed" testListId="8c84fa94-04c1-424b-9868-57a2d4851a1d" relativeResultsDirectory="2ab1c3e5-011d-4284-86f8-61cbe288022e">
          <Output>
            <StdOut>C:\Agt6\_work\_temp\TestResults\c2kbuild_CLTBUILD23 2021-04-11 20_30_46\In\2ab1c3e5-011d-4284-86f8-61cbe288022e\CLTBUILD23&gt;if not defined TestLocation (set TestLocation=. ) &#xD;
&#xD;
C:\Agt6\_work\_temp\TestResults\c2kbuild_CLTBUILD23 2021-04-11 20_30_46\In\2ab1c3e5-011d-4284-86f8-61cbe288022e\CLTBUILD23&gt;set CollectionFileName=WlmActivityType.postman_collection.json &#xD;
&#xD;
C:\Agt6\_work\_temp\TestResults\c2kbuild_CLTBUILD23 2021-04-11 20_30_46\In\2ab1c3e5-011d-4284-86f8-61cbe288022e\CLTBUILD23&gt;set DataFileName=WlmActivityType.data.json &#xD;
&#xD;
C:\Agt6\_work\_temp\TestResults\c2kbuild_CLTBUILD23 2021-04-11 20_30_46\In\2ab1c3e5-011d-4284-86f8-61cbe288022e\CLTBUILD23&gt;set EnvironmentFilePath=c:\agt6\_work\9\a\workloadmanagementapi\tests\workloadmanagement\activitytype\..\..\..\Common\StudentApiEnvironment.postman_environment.json &#xD;
&#xD;
C:\Agt6\_work\_temp\TestResults\c2kbuild_CLTBUILD23 2021-04-11 20_30_46\In\2ab1c3e5-011d-4284-86f8-61cbe288022e\CLTBUILD23&gt;set HtmlResultsFile=ActivityType_WlmActivityType_Html.html &#xD;
&#xD;
C:\Agt6\_work\_temp\TestResults\c2kbuild_CLTBUILD23 2021-04-11 20_30_46\In\2ab1c3e5-011d-4284-86f8-61cbe288022e\CLTBUILD23&gt;set JunitResultsFile=ActivityType_WlmActivityType_Junit.xml &#xD;
&#xD;
C:\Agt6\_work\_temp\TestResults\c2kbuild_CLTBUILD23 2021-04-11 20_30_46\In\2ab1c3e5-011d-4284-86f8-61cbe288022e\CLTBUILD23&gt;newman run "c:\agt6\_work\9\a\workloadmanagementapi\tests\workloadmanagement\activitytype\WlmActivityType.postman_collection.json" -d "c:\agt6\_work\9\a\workloadmanagementapi\tests\workloadmanagement\activitytype\WlmActivityType.data.json" -e "c:\agt6\_work\9\a\workloadmanagementapi\tests\workloadmanagement\activitytype\..\..\..\Common\StudentApiEnvironment.postman_environment.json" -r junit,htmlextra --reporter-html-export "ActivityType_WlmActivityType_Html.html" --reporter-junit-export "ActivityType_WlmActivityType_Junit.xml"</StdOut>
          </Output>
          <ResultFiles>
            <ResultFile path="CLTBUILD23\ActivityType_WlmActivityType_Junit.xml" />
            <ResultFile path="CLTBUILD23\WlmActivityType-2021-04-12-00-33-53-297-0.html" />
          </ResultFiles>
        </UnitTestResult>
        <UnitTestResult executionId="8ba62edb-ca4e-4ca1-ae25-adf619e230ce" parentExecutionId="30873c49-7ffa-47a7-a389-d1a427a7e688" testId="6fb37e89-1377-4e3e-972f-38129c1e3e76" testName="17- wlmcompensationplan_crud-generictest (OT-All)" computerName="CLTBUILD23" duration="00:00:13.6038872" startTime="2021-04-11T20:33:53.3528049-04:00" endTime="2021-04-11T20:34:06.9510130-04:00" testType="13cdc9d9-ddb5-4fa4-a97d-d965ccfc6d4b" outcome="Passed" testListId="8c84fa94-04c1-424b-9868-57a2d4851a1d" relativeResultsDirectory="8ba62edb-ca4e-4ca1-ae25-adf619e230ce">
          <Output>
            <StdOut>C:\Agt6\_work\_temp\TestResults\c2kbuild_CLTBUILD23 2021-04-11 20_30_46\In\8ba62edb-ca4e-4ca1-ae25-adf619e230ce\CLTBUILD23&gt;if not defined TestLocation (set TestLocation=. ) &#xD;
&#xD;
C:\Agt6\_work\_temp\TestResults\c2kbuild_CLTBUILD23 2021-04-11 20_30_46\In\8ba62edb-ca4e-4ca1-ae25-adf619e230ce\CLTBUILD23&gt;set CollectionFileName=c:\agt6\_work\9\a\workloadmanagementapi\tests\workloadmanagement\compensation plan\WlmCompensationPlan_CRUD.postman_collection.json &#xD;
&#xD;
C:\Agt6\_work\_temp\TestResults\c2kbuild_CLTBUILD23 2021-04-11 20_30_46\In\8ba62edb-ca4e-4ca1-ae25-adf619e230ce\CLTBUILD23&gt;set DataFileName=c:\agt6\_work\9\a\workloadmanagementapi\tests\workloadmanagement\compensation plan\WlmCompensationPlan_CRUD.data.json &#xD;
&#xD;
C:\Agt6\_work\_temp\TestResults\c2kbuild_CLTBUILD23 2021-04-11 20_30_46\In\8ba62edb-ca4e-4ca1-ae25-adf619e230ce\CLTBUILD23&gt;set EnvironmentFilePath=c:\agt6\_work\9\a\workloadmanagementapi\tests\workloadmanagement\compensation plan\..\..\..\Common\StudentApiEnvironment.postman_environment.json &#xD;
&#xD;
C:\Agt6\_work\_temp\TestResults\c2kbuild_CLTBUILD23 2021-04-11 20_30_46\In\8ba62edb-ca4e-4ca1-ae25-adf619e230ce\CLTBUILD23&gt;set HtmlResultsFile=Compensation Plan_WlmCompensationPlan_CRUD-Html.html &#xD;
&#xD;
C:\Agt6\_work\_temp\TestResults\c2kbuild_CLTBUILD23 2021-04-11 20_30_46\In\8ba62edb-ca4e-4ca1-ae25-adf619e230ce\CLTBUILD23&gt;set JunitResultsFile=Compensation Plan_WlmCompensationPlan_CRUD-Junit.xml &#xD;
&#xD;
C:\Agt6\_work\_temp\TestResults\c2kbuild_CLTBUILD23 2021-04-11 20_30_46\In\8ba62edb-ca4e-4ca1-ae25-adf619e230ce\CLTBUILD23&gt;newman run "c:\agt6\_work\9\a\workloadmanagementapi\tests\workloadmanagement\compensation plan\WlmCompensationPlan_CRUD.postman_collection.json" -d "c:\agt6\_work\9\a\workloadmanagementapi\tests\workloadmanagement\compensation plan\WlmCompensationPlan_CRUD.data.json" -e "c:\agt6\_work\9\a\workloadmanagementapi\tests\workloadmanagement\compensation plan\..\..\..\Common\StudentApiEnvironment.postman_environment.json" -r junit,html --reporter-html-export "Compensation Plan_WlmCompensationPlan_CRUD-Html.html" --reporter-junit-export "Compensation Plan_WlmCompensationPlan_CRUD-Junit.xml"</StdOut>
          </Output>
          <ResultFiles>
            <ResultFile path="CLTBUILD23\Compensation Plan_WlmCompensationPlan_CRUD-Html.html" />
            <ResultFile path="CLTBUILD23\Compensation Plan_WlmCompensationPlan_CRUD-Junit.xml" />
          </ResultFiles>
        </UnitTestResult>
        <UnitTestResult executionId="d378025b-1abb-4109-982a-5364a3cbb218" parentExecutionId="30873c49-7ffa-47a7-a389-d1a427a7e688" testId="939a44fb-cafa-478b-9d20-b241bb18550b" testName="18- wlmjobfunction-generictest (OT-All)" computerName="CLTBUILD23" duration="00:00:07.9096039" startTime="2021-04-11T20:34:06.9520157-04:00" endTime="2021-04-11T20:34:14.8580701-04:00" testType="13cdc9d9-ddb5-4fa4-a97d-d965ccfc6d4b" outcome="Passed" testListId="8c84fa94-04c1-424b-9868-57a2d4851a1d" relativeResultsDirectory="d378025b-1abb-4109-982a-5364a3cbb218">
          <Output>
            <StdOut>C:\Agt6\_work\_temp\TestResults\c2kbuild_CLTBUILD23 2021-04-11 20_30_46\In\d378025b-1abb-4109-982a-5364a3cbb218\CLTBUILD23&gt;if not defined TestLocation (set TestLocation=. ) &#xD;
&#xD;
C:\Agt6\_work\_temp\TestResults\c2kbuild_CLTBUILD23 2021-04-11 20_30_46\In\d378025b-1abb-4109-982a-5364a3cbb218\CLTBUILD23&gt;set CollectionFileName=WlmJobFunction.postman_collection.json &#xD;
&#xD;
C:\Agt6\_work\_temp\TestResults\c2kbuild_CLTBUILD23 2021-04-11 20_30_46\In\d378025b-1abb-4109-982a-5364a3cbb218\CLTBUILD23&gt;set DataFileName=WlmJobFunction.data.json &#xD;
&#xD;
C:\Agt6\_work\_temp\TestResults\c2kbuild_CLTBUILD23 2021-04-11 20_30_46\In\d378025b-1abb-4109-982a-5364a3cbb218\CLTBUILD23&gt;set EnvironmentFilePath=c:\agt6\_work\9\a\workloadmanagementapi\tests\workloadmanagement\job function\..\..\..\Common\StudentApiEnvironment.postman_environment.json &#xD;
&#xD;
C:\Agt6\_work\_temp\TestResults\c2kbuild_CLTBUILD23 2021-04-11 20_30_46\In\d378025b-1abb-4109-982a-5364a3cbb218\CLTBUILD23&gt;set HtmlResultsFile=WlmJobFunction_WlmJobFunction_Html.html &#xD;
&#xD;
C:\Agt6\_work\_temp\TestResults\c2kbuild_CLTBUILD23 2021-04-11 20_30_46\In\d378025b-1abb-4109-982a-5364a3cbb218\CLTBUILD23&gt;set JunitResultsFile=WlmJobFunction_WlmJobFunction_Junit.xml &#xD;
&#xD;
C:\Agt6\_work\_temp\TestResults\c2kbuild_CLTBUILD23 2021-04-11 20_30_46\In\d378025b-1abb-4109-982a-5364a3cbb218\CLTBUILD23&gt;newman run "c:\agt6\_work\9\a\workloadmanagementapi\tests\workloadmanagement\job function\WlmJobFunction.postman_collection.json" -d "c:\agt6\_work\9\a\workloadmanagementapi\tests\workloadmanagement\job function\WlmJobFunction.data.json" -e "c:\agt6\_work\9\a\workloadmanagementapi\tests\workloadmanagement\job function\..\..\..\Common\StudentApiEnvironment.postman_environment.json" -r junit,html --reporter-html-export "WlmJobFunction_WlmJobFunction_Html.html" --reporter-junit-export "WlmJobFunction_WlmJobFunction_Junit.xml"</StdOut>
          </Output>
          <ResultFiles>
            <ResultFile path="CLTBUILD23\WlmJobFunction_WlmJobFunction_Html.html" />
            <ResultFile path="CLTBUILD23\WlmJobFunction_WlmJobFunction_Junit.xml" />
          </ResultFiles>
        </UnitTestResult>
        <UnitTestResult executionId="aef59519-8d1c-4484-ac6a-218fe9b3bcad" parentExecutionId="30873c49-7ffa-47a7-a389-d1a427a7e688" testId="25838ffe-3b7d-4ff2-b9af-9252f79e7860" testName="19- wlmjobtype-generictest (OT-All)" computerName="CLTBUILD23" duration="00:00:08.0398173" startTime="2021-04-11T20:34:14.8590671-04:00" endTime="2021-04-11T20:34:22.8990547-04:00" testType="13cdc9d9-ddb5-4fa4-a97d-d965ccfc6d4b" outcome="Passed" testListId="8c84fa94-04c1-424b-9868-57a2d4851a1d" relativeResultsDirectory="aef59519-8d1c-4484-ac6a-218fe9b3bcad">
          <Output>
            <StdOut>C:\Agt6\_work\_temp\TestResults\c2kbuild_CLTBUILD23 2021-04-11 20_30_46\In\aef59519-8d1c-4484-ac6a-218fe9b3bcad\CLTBUILD23&gt;if not defined TestLocation (set TestLocation=. ) &#xD;
&#xD;
C:\Agt6\_work\_temp\TestResults\c2kbuild_CLTBUILD23 2021-04-11 20_30_46\In\aef59519-8d1c-4484-ac6a-218fe9b3bcad\CLTBUILD23&gt;set CollectionFileName=WlmJobType.postman_collection.json &#xD;
&#xD;
C:\Agt6\_work\_temp\TestResults\c2kbuild_CLTBUILD23 2021-04-11 20_30_46\In\aef59519-8d1c-4484-ac6a-218fe9b3bcad\CLTBUILD23&gt;set DataFileName=WlmJobType.data.json &#xD;
&#xD;
C:\Agt6\_work\_temp\TestResults\c2kbuild_CLTBUILD23 2021-04-11 20_30_46\In\aef59519-8d1c-4484-ac6a-218fe9b3bcad\CLTBUILD23&gt;set EnvironmentFilePath=c:\agt6\_work\9\a\workloadmanagementapi\tests\workloadmanagement\jobtype\..\..\..\Common\StudentApiEnvironment.postman_environment.json &#xD;
&#xD;
C:\Agt6\_work\_temp\TestResults\c2kbuild_CLTBUILD23 2021-04-11 20_30_46\In\aef59519-8d1c-4484-ac6a-218fe9b3bcad\CLTBUILD23&gt;set HtmlResultsFile=WlmJobType_WlmJobType_Html.html &#xD;
&#xD;
C:\Agt6\_work\_temp\TestResults\c2kbuild_CLTBUILD23 2021-04-11 20_30_46\In\aef59519-8d1c-4484-ac6a-218fe9b3bcad\CLTBUILD23&gt;set JunitResultsFile=WlmJobType_WlmJobType_Junit.xml &#xD;
&#xD;
C:\Agt6\_work\_temp\TestResults\c2kbuild_CLTBUILD23 2021-04-11 20_30_46\In\aef59519-8d1c-4484-ac6a-218fe9b3bcad\CLTBUILD23&gt;newman run "c:\agt6\_work\9\a\workloadmanagementapi\tests\workloadmanagement\jobtype\WlmJobType.postman_collection.json" -d "c:\agt6\_work\9\a\workloadmanagementapi\tests\workloadmanagement\jobtype\WlmJobType.data.json" -e "c:\agt6\_work\9\a\workloadmanagementapi\tests\workloadmanagement\jobtype\..\..\..\Common\StudentApiEnvironment.postman_environment.json" -r junit,html --reporter-html-export "WlmJobType_WlmJobType_Html.html" --reporter-junit-export "WlmJobType_WlmJobType_Junit.xml"</StdOut>
          </Output>
          <ResultFiles>
            <ResultFile path="CLTBUILD23\WlmJobType_WlmJobType_Html.html" />
            <ResultFile path="CLTBUILD23\WlmJobType_WlmJobType_Junit.xml" />
          </ResultFiles>
        </UnitTestResult>
        <UnitTestResult executionId="b471a612-31b1-4761-84f6-cea65756bcc3" parentExecutionId="30873c49-7ffa-47a7-a389-d1a427a7e688" testId="e49ba57f-a21a-43e4-a011-f66ccabbc3c7" testName="20- wlmearningcode_crud-generictest (OT-All)" computerName="CLTBUILD23" duration="00:00:08.2314460" startTime="2021-04-11T20:34:22.9000526-04:00" endTime="2021-04-11T20:34:31.1359383-04:00" testType="13cdc9d9-ddb5-4fa4-a97d-d965ccfc6d4b" outcome="Passed" testListId="8c84fa94-04c1-424b-9868-57a2d4851a1d" relativeResultsDirectory="b471a612-31b1-4761-84f6-cea65756bcc3">
          <Output>
            <StdOut>C:\Agt6\_work\_temp\TestResults\c2kbuild_CLTBUILD23 2021-04-11 20_30_46\In\b471a612-31b1-4761-84f6-cea65756bcc3\CLTBUILD23&gt;if not defined TestLocation (set TestLocation=. ) &#xD;
&#xD;
C:\Agt6\_work\_temp\TestResults\c2kbuild_CLTBUILD23 2021-04-11 20_30_46\In\b471a612-31b1-4761-84f6-cea65756bcc3\CLTBUILD23&gt;set CollectionFileName=c:\agt6\_work\9\a\workloadmanagementapi\tests\workloadmanagement\earning code\WlmEarningCode_CRUD.postman_collection.json &#xD;
&#xD;
C:\Agt6\_work\_temp\TestResults\c2kbuild_CLTBUILD23 2021-04-11 20_30_46\In\b471a612-31b1-4761-84f6-cea65756bcc3\CLTBUILD23&gt;set DataFileName=c:\agt6\_work\9\a\workloadmanagementapi\tests\workloadmanagement\earning code\WlmEarningCode_CRUD.data.json &#xD;
&#xD;
C:\Agt6\_work\_temp\TestResults\c2kbuild_CLTBUILD23 2021-04-11 20_30_46\In\b471a612-31b1-4761-84f6-cea65756bcc3\CLTBUILD23&gt;set EnvironmentFilePath=c:\agt6\_work\9\a\workloadmanagementapi\tests\workloadmanagement\earning code\..\..\..\Common\StudentApiEnvironment.postman_environment.json &#xD;
&#xD;
C:\Agt6\_work\_temp\TestResults\c2kbuild_CLTBUILD23 2021-04-11 20_30_46\In\b471a612-31b1-4761-84f6-cea65756bcc3\CLTBUILD23&gt;set HtmlResultsFile=Earning Code_WlmEarningCode_CRUD-Html.html &#xD;
&#xD;
C:\Agt6\_work\_temp\TestResults\c2kbuild_CLTBUILD23 2021-04-11 20_30_46\In\b471a612-31b1-4761-84f6-cea65756bcc3\CLTBUILD23&gt;set JunitResultsFile=Earning Code_WlmEarningCode_CRUD-Junit.xml &#xD;
&#xD;
C:\Agt6\_work\_temp\TestResults\c2kbuild_CLTBUILD23 2021-04-11 20_30_46\In\b471a612-31b1-4761-84f6-cea65756bcc3\CLTBUILD23&gt;newman run "c:\agt6\_work\9\a\workloadmanagementapi\tests\workloadmanagement\earning code\WlmEarningCode_CRUD.postman_collection.json" -d "c:\agt6\_work\9\a\workloadmanagementapi\tests\workloadmanagement\earning code\WlmEarningCode_CRUD.data.json" -e "c:\agt6\_work\9\a\workloadmanagementapi\tests\workloadmanagement\earning code\..\..\..\Common\StudentApiEnvironment.postman_environment.json" -r junit,html --reporter-html-export "Earning Code_WlmEarningCode_CRUD-Html.html" --reporter-junit-export "Earning Code_WlmEarningCode_CRUD-Junit.xml"</StdOut>
          </Output>
          <ResultFiles>
            <ResultFile path="CLTBUILD23\Earning Code_WlmEarningCode_CRUD-Html.html" />
            <ResultFile path="CLTBUILD23\Earning Code_WlmEarningCode_CRUD-Junit.xml" />
          </ResultFiles>
        </UnitTestResult>
        <UnitTestResult executionId="f2a673cf-99b3-4a22-8d09-225d0dcf1b0d" parentExecutionId="30873c49-7ffa-47a7-a389-d1a427a7e688" testId="767a32dd-f45b-489d-bf1f-e6a5f807556a" testName="21- wlmpaycycle_crud_biweekly (OT-All)" computerName="CLTBUILD23" duration="00:00:09.1010681" startTime="2021-04-11T20:34:31.1359383-04:00" endTime="2021-04-11T20:34:40.2373895-04:00" testType="13cdc9d9-ddb5-4fa4-a97d-d965ccfc6d4b" outcome="Passed" testListId="8c84fa94-04c1-424b-9868-57a2d4851a1d" relativeResultsDirectory="f2a673cf-99b3-4a22-8d09-225d0dcf1b0d">
          <Output>
            <StdOut>C:\Agt6\_work\_temp\TestResults\c2kbuild_CLTBUILD23 2021-04-11 20_30_46\In\f2a673cf-99b3-4a22-8d09-225d0dcf1b0d\CLTBUILD23&gt;if not defined TestLocation (set TestLocation=. ) &#xD;
&#xD;
C:\Agt6\_work\_temp\TestResults\c2kbuild_CLTBUILD23 2021-04-11 20_30_46\In\f2a673cf-99b3-4a22-8d09-225d0dcf1b0d\CLTBUILD23&gt;set CollectionFileName=c:\agt6\_work\9\a\workloadmanagementapi\tests\workloadmanagement\pay cycle\WlmPayCycle_CRUD_Biweekly.postman_collection.json &#xD;
&#xD;
C:\Agt6\_work\_temp\TestResults\c2kbuild_CLTBUILD23 2021-04-11 20_30_46\In\f2a673cf-99b3-4a22-8d09-225d0dcf1b0d\CLTBUILD23&gt;set DataFileName=c:\agt6\_work\9\a\workloadmanagementapi\tests\workloadmanagement\pay cycle\WlmPayCycle_CRUD_Biweekly.data.json &#xD;
&#xD;
C:\Agt6\_work\_temp\TestResults\c2kbuild_CLTBUILD23 2021-04-11 20_30_46\In\f2a673cf-99b3-4a22-8d09-225d0dcf1b0d\CLTBUILD23&gt;set EnvironmentFilePath=c:\agt6\_work\9\a\workloadmanagementapi\tests\workloadmanagement\pay cycle\..\..\..\Common\StudentApiEnvironment.postman_environment.json &#xD;
&#xD;
C:\Agt6\_work\_temp\TestResults\c2kbuild_CLTBUILD23 2021-04-11 20_30_46\In\f2a673cf-99b3-4a22-8d09-225d0dcf1b0d\CLTBUILD23&gt;set HtmlResultsFile=PayCycle_WlmPayCycle_CRUD_Biweekly-Html.html &#xD;
&#xD;
C:\Agt6\_work\_temp\TestResults\c2kbuild_CLTBUILD23 2021-04-11 20_30_46\In\f2a673cf-99b3-4a22-8d09-225d0dcf1b0d\CLTBUILD23&gt;set JunitResultsFile=PayCycle_WlmPayCycle_CRUD_Biweekly-Junit.xml &#xD;
&#xD;
C:\Agt6\_work\_temp\TestResults\c2kbuild_CLTBUILD23 2021-04-11 20_30_46\In\f2a673cf-99b3-4a22-8d09-225d0dcf1b0d\CLTBUILD23&gt;newman run "c:\agt6\_work\9\a\workloadmanagementapi\tests\workloadmanagement\pay cycle\WlmPayCycle_CRUD_Biweekly.postman_collection.json" -d "c:\agt6\_work\9\a\workloadmanagementapi\tests\workloadmanagement\pay cycle\WlmPayCycle_CRUD_Biweekly.data.json" -e "c:\agt6\_work\9\a\workloadmanagementapi\tests\workloadmanagement\pay cycle\..\..\..\Common\StudentApiEnvironment.postman_environment.json" -r junit,html --reporter-html-export "PayCycle_WlmPayCycle_CRUD_Biweekly-Html.html" --reporter-junit-export "PayCycle_WlmPayCycle_CRUD_Biweekly-Junit.xml"</StdOut>
          </Output>
          <ResultFiles>
            <ResultFile path="CLTBUILD23\PayCycle_WlmPayCycle_CRUD_Biweekly-Html.html" />
            <ResultFile path="CLTBUILD23\PayCycle_WlmPayCycle_CRUD_Biweekly-Junit.xml" />
          </ResultFiles>
        </UnitTestResult>
        <UnitTestResult executionId="9ff6fd51-8535-4c96-971e-a91ee406d4b5" parentExecutionId="30873c49-7ffa-47a7-a389-d1a427a7e688" testId="0fdbad27-c245-4635-a19a-95592ad4d3d6" testName="22- loadrule(new)-generictest (OT-All)" computerName="CLTBUILD23" duration="00:00:27.4216376" startTime="2021-04-11T20:34:40.2373895-04:00" endTime="2021-04-11T20:35:07.6567121-04:00" testType="13cdc9d9-ddb5-4fa4-a97d-d965ccfc6d4b" outcome="Passed" testListId="8c84fa94-04c1-424b-9868-57a2d4851a1d" relativeResultsDirectory="9ff6fd51-8535-4c96-971e-a91ee406d4b5">
          <Output>
            <StdOut>C:\Agt6\_work\_temp\TestResults\c2kbuild_CLTBUILD23 2021-04-11 20_30_46\In\9ff6fd51-8535-4c96-971e-a91ee406d4b5\CLTBUILD23&gt;if not defined TestLocation (set TestLocation=. ) &#xD;
&#xD;
C:\Agt6\_work\_temp\TestResults\c2kbuild_CLTBUILD23 2021-04-11 20_30_46\In\9ff6fd51-8535-4c96-971e-a91ee406d4b5\CLTBUILD23&gt;set CollectionFileName=c:\agt6\_work\9\a\workloadmanagementapi\tests\workloadmanagement\load validation policy\LoadRule(New).postman_collection.json &#xD;
&#xD;
C:\Agt6\_work\_temp\TestResults\c2kbuild_CLTBUILD23 2021-04-11 20_30_46\In\9ff6fd51-8535-4c96-971e-a91ee406d4b5\CLTBUILD23&gt;set DataFileName=c:\agt6\_work\9\a\workloadmanagementapi\tests\workloadmanagement\load validation policy\LoadRule(New).data.json &#xD;
&#xD;
C:\Agt6\_work\_temp\TestResults\c2kbuild_CLTBUILD23 2021-04-11 20_30_46\In\9ff6fd51-8535-4c96-971e-a91ee406d4b5\CLTBUILD23&gt;set EnvironmentFilePath=c:\agt6\_work\9\a\workloadmanagementapi\tests\workloadmanagement\load validation policy\..\..\..\Common\StudentApiEnvironment.postman_environment.json &#xD;
&#xD;
C:\Agt6\_work\_temp\TestResults\c2kbuild_CLTBUILD23 2021-04-11 20_30_46\In\9ff6fd51-8535-4c96-971e-a91ee406d4b5\CLTBUILD23&gt;set HtmlResultsFile=Load Validation Policy_LoadRule(New)-Html.html &#xD;
&#xD;
C:\Agt6\_work\_temp\TestResults\c2kbuild_CLTBUILD23 2021-04-11 20_30_46\In\9ff6fd51-8535-4c96-971e-a91ee406d4b5\CLTBUILD23&gt;set JunitResultsFile=Load Validation Policy_LoadRule(New)-Junit.xml &#xD;
&#xD;
C:\Agt6\_work\_temp\TestResults\c2kbuild_CLTBUILD23 2021-04-11 20_30_46\In\9ff6fd51-8535-4c96-971e-a91ee406d4b5\CLTBUILD23&gt;newman run "c:\agt6\_work\9\a\workloadmanagementapi\tests\workloadmanagement\load validation policy\LoadRule(New).postman_collection.json" -d "c:\agt6\_work\9\a\workloadmanagementapi\tests\workloadmanagement\load validation policy\LoadRule(New).data.json" -e "c:\agt6\_work\9\a\workloadmanagementapi\tests\workloadmanagement\load validation policy\..\..\..\Common\StudentApiEnvironment.postman_environment.json" -r junit,html --reporter-html-export "Load Validation Policy_LoadRule(New)-Html.html" --reporter-junit-export "Load Validation Policy_LoadRule(New)-Junit.xml"</StdOut>
          </Output>
          <ResultFiles>
            <ResultFile path="CLTBUILD23\Load Validation Policy_LoadRule(New)-Html.html" />
            <ResultFile path="CLTBUILD23\Load Validation Policy_LoadRule(New)-Junit.xml" />
          </ResultFiles>
        </UnitTestResult>
        <UnitTestResult executionId="0dac775b-02af-493d-8f5f-ba2511eee5f1" parentExecutionId="30873c49-7ffa-47a7-a389-d1a427a7e688" testId="fa776962-1de8-4063-be15-ade20d438afb" testName="23- adwlmposition-generictest (OT-All)" computerName="CLTBUILD23" duration="00:00:10.1969863" startTime="2021-04-11T20:35:07.6567121-04:00" endTime="2021-04-11T20:35:17.8606187-04:00" testType="13cdc9d9-ddb5-4fa4-a97d-d965ccfc6d4b" outcome="Passed" testListId="8c84fa94-04c1-424b-9868-57a2d4851a1d" relativeResultsDirectory="0dac775b-02af-493d-8f5f-ba2511eee5f1">
          <Output>
            <StdOut>C:\Agt6\_work\_temp\TestResults\c2kbuild_CLTBUILD23 2021-04-11 20_30_46\In\0dac775b-02af-493d-8f5f-ba2511eee5f1\CLTBUILD23&gt;if not defined TestLocation (set TestLocation=. ) &#xD;
&#xD;
C:\Agt6\_work\_temp\TestResults\c2kbuild_CLTBUILD23 2021-04-11 20_30_46\In\0dac775b-02af-493d-8f5f-ba2511eee5f1\CLTBUILD23&gt;set CollectionFileName=c:\agt6\_work\9\a\workloadmanagementapi\tests\workloadmanagement\position\AdwlmPosition.postman_collection.json &#xD;
&#xD;
C:\Agt6\_work\_temp\TestResults\c2kbuild_CLTBUILD23 2021-04-11 20_30_46\In\0dac775b-02af-493d-8f5f-ba2511eee5f1\CLTBUILD23&gt;set DataFileName=c:\agt6\_work\9\a\workloadmanagementapi\tests\workloadmanagement\position\AdwlmPosition.data.json &#xD;
&#xD;
C:\Agt6\_work\_temp\TestResults\c2kbuild_CLTBUILD23 2021-04-11 20_30_46\In\0dac775b-02af-493d-8f5f-ba2511eee5f1\CLTBUILD23&gt;set EnvironmentFilePath=c:\agt6\_work\9\a\workloadmanagementapi\tests\workloadmanagement\position\..\..\..\Common\StudentApiEnvironment.postman_environment.json &#xD;
&#xD;
C:\Agt6\_work\_temp\TestResults\c2kbuild_CLTBUILD23 2021-04-11 20_30_46\In\0dac775b-02af-493d-8f5f-ba2511eee5f1\CLTBUILD23&gt;set HtmlResultsFile=Position_AdwlmPosition-Html.html &#xD;
&#xD;
C:\Agt6\_work\_temp\TestResults\c2kbuild_CLTBUILD23 2021-04-11 20_30_46\In\0dac775b-02af-493d-8f5f-ba2511eee5f1\CLTBUILD23&gt;set JunitResultsFile=Position_AdwlmPosition-Junit.xml &#xD;
&#xD;
C:\Agt6\_work\_temp\TestResults\c2kbuild_CLTBUILD23 2021-04-11 20_30_46\In\0dac775b-02af-493d-8f5f-ba2511eee5f1\CLTBUILD23&gt;newman run "c:\agt6\_work\9\a\workloadmanagementapi\tests\workloadmanagement\position\AdwlmPosition.postman_collection.json" -d "c:\agt6\_work\9\a\workloadmanagementapi\tests\workloadmanagement\position\AdwlmPosition.data.json" -e "c:\agt6\_work\9\a\workloadmanagementapi\tests\workloadmanagement\position\..\..\..\Common\StudentApiEnvironment.postman_environment.json" -r junit,html --reporter-html-export "Position_AdwlmPosition-Html.html" --reporter-junit-export "Position_AdwlmPosition-Junit.xml"</StdOut>
          </Output>
          <ResultFiles>
            <ResultFile path="CLTBUILD23\Position_AdwlmPosition-Html.html" />
            <ResultFile path="CLTBUILD23\Position_AdwlmPosition-Junit.xml" />
          </ResultFiles>
        </UnitTestResult>
        <UnitTestResult executionId="c18f5217-a85e-4aa1-855a-805513036234" parentExecutionId="30873c49-7ffa-47a7-a389-d1a427a7e688" testId="1b6a1b90-a02a-4b2d-b14a-f71e47255f9c" testName="24- wlmstaffpolicyassociation_crud-generictest (OT-All)" computerName="CLTBUILD23" duration="00:00:18.4040851" startTime="2021-04-11T20:35:17.8606187-04:00" endTime="2021-04-11T20:35:36.2594704-04:00" testType="13cdc9d9-ddb5-4fa4-a97d-d965ccfc6d4b" outcome="Passed" testListId="8c84fa94-04c1-424b-9868-57a2d4851a1d" relativeResultsDirectory="c18f5217-a85e-4aa1-855a-805513036234">
          <Output>
            <StdOut>C:\Agt6\_work\_temp\TestResults\c2kbuild_CLTBUILD23 2021-04-11 20_30_46\In\c18f5217-a85e-4aa1-855a-805513036234\CLTBUILD23&gt;if not defined TestLocation (set TestLocation=. ) &#xD;
&#xD;
C:\Agt6\_work\_temp\TestResults\c2kbuild_CLTBUILD23 2021-04-11 20_30_46\In\c18f5217-a85e-4aa1-855a-805513036234\CLTBUILD23&gt;set CollectionFileName=c:\agt6\_work\9\a\workloadmanagementapi\tests\workloadmanagement\staff policy association\WlmStaffPolicyAssociation_CRUD.postman_collection.json &#xD;
&#xD;
C:\Agt6\_work\_temp\TestResults\c2kbuild_CLTBUILD23 2021-04-11 20_30_46\In\c18f5217-a85e-4aa1-855a-805513036234\CLTBUILD23&gt;set DataFileName=c:\agt6\_work\9\a\workloadmanagementapi\tests\workloadmanagement\staff policy association\WlmStaffPolicyAssociation_CRUD.data.json &#xD;
&#xD;
C:\Agt6\_work\_temp\TestResults\c2kbuild_CLTBUILD23 2021-04-11 20_30_46\In\c18f5217-a85e-4aa1-855a-805513036234\CLTBUILD23&gt;set EnvironmentFilePath=c:\agt6\_work\9\a\workloadmanagementapi\tests\workloadmanagement\staff policy association\..\..\..\Common\StudentApiEnvironment.postman_environment.json &#xD;
&#xD;
C:\Agt6\_work\_temp\TestResults\c2kbuild_CLTBUILD23 2021-04-11 20_30_46\In\c18f5217-a85e-4aa1-855a-805513036234\CLTBUILD23&gt;set HtmlResultsFile=Staff Policy Association_WlmStaffPolicyAssociation_CRUD-Html.html &#xD;
&#xD;
C:\Agt6\_work\_temp\TestResults\c2kbuild_CLTBUILD23 2021-04-11 20_30_46\In\c18f5217-a85e-4aa1-855a-805513036234\CLTBUILD23&gt;set JunitResultsFile=Staff Policy Association_WlmStaffPolicyAssociation_CRUD-Junit.xml &#xD;
&#xD;
C:\Agt6\_work\_temp\TestResults\c2kbuild_CLTBUILD23 2021-04-11 20_30_46\In\c18f5217-a85e-4aa1-855a-805513036234\CLTBUILD23&gt;newman run "c:\agt6\_work\9\a\workloadmanagementapi\tests\workloadmanagement\staff policy association\WlmStaffPolicyAssociation_CRUD.postman_collection.json" -d "c:\agt6\_work\9\a\workloadmanagementapi\tests\workloadmanagement\staff policy association\WlmStaffPolicyAssociation_CRUD.data.json" -e "c:\agt6\_work\9\a\workloadmanagementapi\tests\workloadmanagement\staff policy association\..\..\..\Common\StudentApiEnvironment.postman_environment.json" -r junit,html --reporter-html-export "Staff Policy Association_WlmStaffPolicyAssociation_CRUD-Html.html" --reporter-junit-export "Staff Policy Association_WlmStaffPolicyAssociation_CRUD-Junit.xml"</StdOut>
          </Output>
          <ResultFiles>
            <ResultFile path="CLTBUILD23\Staff Policy Association_WlmStaffPolicyAssociation_CRUD-Html.html" />
            <ResultFile path="CLTBUILD23\Staff Policy Association_WlmStaffPolicyAssociation_CRUD-Junit.xml" />
          </ResultFiles>
        </UnitTestResult>
        <UnitTestResult executionId="644ff004-8756-4efa-a8a3-80d6ec2f8085" parentExecutionId="30873c49-7ffa-47a7-a389-d1a427a7e688" testId="a66b8493-b1dd-4bd2-b79f-b422b05f7ed8" testName="25- wlmnonteachingtype_crud-generictest (OT-All)" computerName="CLTBUILD23" duration="00:00:09.8452490" startTime="2021-04-11T20:35:36.2604696-04:00" endTime="2021-04-11T20:35:46.1035484-04:00" testType="13cdc9d9-ddb5-4fa4-a97d-d965ccfc6d4b" outcome="Passed" testListId="8c84fa94-04c1-424b-9868-57a2d4851a1d" relativeResultsDirectory="644ff004-8756-4efa-a8a3-80d6ec2f8085">
          <Output>
            <StdOut>C:\Agt6\_work\_temp\TestResults\c2kbuild_CLTBUILD23 2021-04-11 20_30_46\In\644ff004-8756-4efa-a8a3-80d6ec2f8085\CLTBUILD23&gt;if not defined TestLocation (set TestLocation=. ) &#xD;
&#xD;
C:\Agt6\_work\_temp\TestResults\c2kbuild_CLTBUILD23 2021-04-11 20_30_46\In\644ff004-8756-4efa-a8a3-80d6ec2f8085\CLTBUILD23&gt;set CollectionFileName=c:\agt6\_work\9\a\workloadmanagementapi\tests\workloadmanagement\non teaching types\WlmNonTeachingType_CRUD.postman_collection.json &#xD;
&#xD;
C:\Agt6\_work\_temp\TestResults\c2kbuild_CLTBUILD23 2021-04-11 20_30_46\In\644ff004-8756-4efa-a8a3-80d6ec2f8085\CLTBUILD23&gt;set DataFileName=c:\agt6\_work\9\a\workloadmanagementapi\tests\workloadmanagement\non teaching types\WlmNonTeachingType_CRUD.data.json &#xD;
&#xD;
C:\Agt6\_work\_temp\TestResults\c2kbuild_CLTBUILD23 2021-04-11 20_30_46\In\644ff004-8756-4efa-a8a3-80d6ec2f8085\CLTBUILD23&gt;set EnvironmentFilePath=c:\agt6\_work\9\a\workloadmanagementapi\tests\workloadmanagement\non teaching types\..\..\..\Common\StudentApiEnvironment.postman_environment.json &#xD;
&#xD;
C:\Agt6\_work\_temp\TestResults\c2kbuild_CLTBUILD23 2021-04-11 20_30_46\In\644ff004-8756-4efa-a8a3-80d6ec2f8085\CLTBUILD23&gt;set HtmlResultsFile=Non Teaching Types_WlmNonTeachingType_CRUD-Html.html &#xD;
&#xD;
C:\Agt6\_work\_temp\TestResults\c2kbuild_CLTBUILD23 2021-04-11 20_30_46\In\644ff004-8756-4efa-a8a3-80d6ec2f8085\CLTBUILD23&gt;set JunitResultsFile=Non Teaching Types_WlmNonTeachingType_CRUD-Junit.xml &#xD;
&#xD;
C:\Agt6\_work\_temp\TestResults\c2kbuild_CLTBUILD23 2021-04-11 20_30_46\In\644ff004-8756-4efa-a8a3-80d6ec2f8085\CLTBUILD23&gt;newman run "c:\agt6\_work\9\a\workloadmanagementapi\tests\workloadmanagement\non teaching types\WlmNonTeachingType_CRUD.postman_collection.json" -d "c:\agt6\_work\9\a\workloadmanagementapi\tests\workloadmanagement\non teaching types\WlmNonTeachingType_CRUD.data.json" -e "c:\agt6\_work\9\a\workloadmanagementapi\tests\workloadmanagement\non teaching types\..\..\..\Common\StudentApiEnvironment.postman_environment.json" -r junit,html --reporter-html-export "Non Teaching Types_WlmNonTeachingType_CRUD-Html.html" --reporter-junit-export "Non Teaching Types_WlmNonTeachingType_CRUD-Junit.xml"</StdOut>
          </Output>
          <ResultFiles>
            <ResultFile path="CLTBUILD23\Non Teaching Types_WlmNonTeachingType_CRUD-Html.html" />
            <ResultFile path="CLTBUILD23\Non Teaching Types_WlmNonTeachingType_CRUD-Junit.xml" />
          </ResultFiles>
        </UnitTestResult>
        <TestResultAggregation executionId="416c9ef9-3bb5-4bd8-8d58-2ad141181bc8" parentExecutionId="30873c49-7ffa-47a7-a389-d1a427a7e688" testId="c3ad101c-eafb-4bb7-926d-1d64709be8e4" testName="26- ot-batchpaygeneration (OT-All)" computerName="CLTBUILD23" duration="00:00:26.6332445" startTime="2021-04-11T20:35:46.1045494-04:00" endTime="2021-04-11T20:36:12.8783867-04:00" testType="ec4800e8-40e5-4ab3-8510-b8bf29b1904d" outcome="Passed" testListId="8c84fa94-04c1-424b-9868-57a2d4851a1d" relativeResultsDirectory="416c9ef9-3bb5-4bd8-8d58-2ad141181bc8">
          <InnerResults>
            <UnitTestResult executionId="cd2c3708-dad3-42b6-8ddd-c0bf594c1ac6" parentExecutionId="416c9ef9-3bb5-4bd8-8d58-2ad141181bc8" testId="eb9769b6-43e6-452b-92d4-2e3704a03b00" testName="27- prereq-bp-loadvalidation (ot-batchpaygeneration)" computerName="CLTBUILD23" duration="00:00:11.8909380" startTime="2021-04-11T20:35:46.1175451-04:00" endTime="2021-04-11T20:35:58.0653309-04:00" testType="13cdc9d9-ddb5-4fa4-a97d-d965ccfc6d4b" outcome="Passed" testListId="8c84fa94-04c1-424b-9868-57a2d4851a1d" relativeResultsDirectory="cd2c3708-dad3-42b6-8ddd-c0bf594c1ac6">
              <Output>
                <StdOut>C:\Agt6\_work\_temp\TestResults\c2kbuild_CLTBUILD23 2021-04-11 20_30_46\In\cd2c3708-dad3-42b6-8ddd-c0bf594c1ac6\CLTBUILD23&gt;if not defined TestLocation (set TestLocation=. ) &#xD;
&#xD;
C:\Agt6\_work\_temp\TestResults\c2kbuild_CLTBUILD23 2021-04-11 20_30_46\In\cd2c3708-dad3-42b6-8ddd-c0bf594c1ac6\CLTBUILD23&gt;set CollectionFileName=c:\agt6\_work\9\a\workloadmanagementapi\tests\workloadmanagement\batchpaygeneration\prereq-batchpaygeneration\..\..\LoadValidation-NT-FirstAssignment\NT-FirstAssignment-FailPass-LoadValidationAndPayGeneration.postman_collection.json &#xD;
&#xD;
C:\Agt6\_work\_temp\TestResults\c2kbuild_CLTBUILD23 2021-04-11 20_30_46\In\cd2c3708-dad3-42b6-8ddd-c0bf594c1ac6\CLTBUILD23&gt;set DataFileName=c:\agt6\_work\9\a\workloadmanagementapi\tests\workloadmanagement\batchpaygeneration\prereq-batchpaygeneration\PreReq-BP-LoadValidation.data.json &#xD;
&#xD;
C:\Agt6\_work\_temp\TestResults\c2kbuild_CLTBUILD23 2021-04-11 20_30_46\In\cd2c3708-dad3-42b6-8ddd-c0bf594c1ac6\CLTBUILD23&gt;set EnvironmentFilePath=c:\agt6\_work\9\a\workloadmanagementapi\tests\workloadmanagement\batchpaygeneration\prereq-batchpaygeneration\..\..\..\..\Common\StudentApiEnvironment.postman_environment.json &#xD;
&#xD;
C:\Agt6\_work\_temp\TestResults\c2kbuild_CLTBUILD23 2021-04-11 20_30_46\In\cd2c3708-dad3-42b6-8ddd-c0bf594c1ac6\CLTBUILD23&gt;set HtmlResultsFile=Tests_PreReq-BP-LoadValidation-Html.html &#xD;
&#xD;
C:\Agt6\_work\_temp\TestResults\c2kbuild_CLTBUILD23 2021-04-11 20_30_46\In\cd2c3708-dad3-42b6-8ddd-c0bf594c1ac6\CLTBUILD23&gt;set JunitResultsFile=Tests_PreReq-BP-LoadValidation-Junit.xml &#xD;
&#xD;
C:\Agt6\_work\_temp\TestResults\c2kbuild_CLTBUILD23 2021-04-11 20_30_46\In\cd2c3708-dad3-42b6-8ddd-c0bf594c1ac6\CLTBUILD23&gt;newman run "c:\agt6\_work\9\a\workloadmanagementapi\tests\workloadmanagement\batchpaygeneration\prereq-batchpaygeneration\..\..\LoadValidation-NT-FirstAssignment\NT-FirstAssignment-FailPass-LoadValidationAndPayGeneration.postman_collection.json" -d "c:\agt6\_work\9\a\workloadmanagementapi\tests\workloadmanagement\batchpaygeneration\prereq-batchpaygeneration\PreReq-BP-LoadValidation.data.json" -e "c:\agt6\_work\9\a\workloadmanagementapi\tests\workloadmanagement\batchpaygeneration\prereq-batchpaygeneration\..\..\..\..\Common\StudentApiEnvironment.postman_environment.json" -r junit,html --reporter-html-export "Tests_PreReq-BP-LoadValidation-Html.html" --reporter-junit-export "Tests_PreReq-BP-LoadValidation-Junit.xml"</StdOut>
              </Output>
              <ResultFiles>
                <ResultFile path="CLTBUILD23\Tests_PreReq-BP-LoadValidation-Html.html" />
                <ResultFile path="CLTBUILD23\Tests_PreReq-BP-LoadValidation-Junit.xml" />
              </ResultFiles>
            </UnitTestResult>
            <UnitTestResult executionId="3ea726a9-4af2-4720-acbc-e755924f6e89" parentExecutionId="416c9ef9-3bb5-4bd8-8d58-2ad141181bc8" testId="142ebfe7-99a9-4908-9978-ba4ef07e317b" testName="28- batchpaygeneration-generictest (ot-batchpaygeneration)" computerName="CLTBUILD23" duration="00:00:08.0635963" startTime="2021-04-11T20:35:58.0653309-04:00" endTime="2021-04-11T20:36:06.1725612-04:00" testType="13cdc9d9-ddb5-4fa4-a97d-d965ccfc6d4b" outcome="Passed" testListId="8c84fa94-04c1-424b-9868-57a2d4851a1d" relativeResultsDirectory="3ea726a9-4af2-4720-acbc-e755924f6e89">
              <Output>
                <StdOut>C:\Agt6\_work\_temp\TestResults\c2kbuild_CLTBUILD23 2021-04-11 20_30_46\In\3ea726a9-4af2-4720-acbc-e755924f6e89\CLTBUILD23&gt;if not defined TestLocation (set TestLocation=. ) &#xD;
&#xD;
[...]
        <TestLink id="767a32dd-f45b-489d-bf1f-e6a5f807556a" name="wlmpaycycle_crud_biweekly" storage="c:\agt6\_work\9\a\workloadmanagementapi\tests\workloadmanagement\pay cycle\wlmpaycycle_crud_biweekly.generictest" />
        <TestLink id="0fdbad27-c245-4635-a19a-95592ad4d3d6" name="loadrule(new)-generictest" storage="c:\agt6\_work\9\a\workloadmanagementapi\tests\workloadmanagement\load validation policy\loadrule(new)-generictest.generictest" />
        <TestLink id="fa776962-1de8-4063-be15-ade20d438afb" name="adwlmposition-generictest" storage="c:\agt6\_work\9\a\workloadmanagementapi\tests\workloadmanagement\position\adwlmposition-generictest.generictest" />
        <TestLink id="1b6a1b90-a02a-4b2d-b14a-f71e47255f9c" name="wlmstaffpolicyassociation_crud-generictest" storage="c:\agt6\_work\9\a\workloadmanagementapi\tests\workloadmanagement\staff policy association\wlmstaffpolicyassociation_crud-generictest.generictest" />
        <TestLink id="a66b8493-b1dd-4bd2-b79f-b422b05f7ed8" name="wlmnonteachingtype_crud-generictest" storage="c:\agt6\_work\9\a\workloadmanagementapi\tests\workloadmanagement\non teaching types\wlmnonteachingtype_crud-generictest.generictest" />
        <TestLink id="c3ad101c-eafb-4bb7-926d-1d64709be8e4" name="ot-batchpaygeneration" storage="c:\agt6\_work\9\a\workloadmanagementapi\orderedtests\ot-batchpaygeneration.orderedtest" />
        <TestLink id="639f529d-5eb4-4662-aaa3-1cef4de1567e" name="jobpolicyassociation" storage="c:\agt6\_work\9\a\workloadmanagementapi\tests\workloadmanagement\jobpolicyassociation\jobpolicyassociation.generictest" />
        <TestLink id="e720c4e1-4a86-40c0-9cea-61b8e0e416c3" name="nt-assignment-cancelandregenerate_standalone" storage="c:\agt6\_work\9\a\workloadmanagementapi\tests\workloadmanagement\cancelandregenerateearningline-standalone\nt-assignment-cancelandregenerate_standalone.generictest" />
      </TestLinks>
    </OrderedTest>
    <UnitTest name="wlmjobtype-generictest" storage="c:\agt6\_work\9\a\workloadmanagementapi\tests\workloadmanagement\jobtype\wlmjobtype-generictest.generictest" id="25838ffe-3b7d-4ff2-b9af-9252f79e7860">
      <Execution id="aef59519-8d1c-4484-ac6a-218fe9b3bcad" parentId="30873c49-7ffa-47a7-a389-d1a427a7e688" />
      <TestMethod codeBase="c:\agt6\_work\9\a\workloadmanagementapi\tests\workloadmanagement\jobtype\wlmjobtype-generictest.generictest" adapterTypeName="executor://orderedtestadapter/v1" className="c:\agt6\_work\9\a\workloadmanagementapi\tests\workloadmanagement\jobtype\wlmjobtype-generictest" name="wlmjobtype-generictest" />
    </UnitTest>
    <UnitTest name="jobpolicyassociation" storage="c:\agt6\_work\9\a\workloadmanagementapi\tests\workloadmanagement\jobpolicyassociation\jobpolicyassociation.generictest" id="639f529d-5eb4-4662-aaa3-1cef4de1567e">
      <Execution id="9111eed5-303a-4b7a-98a8-94a06d0039f1" parentId="30873c49-7ffa-47a7-a389-d1a427a7e688" />
      <TestMethod codeBase="c:\agt6\_work\9\a\workloadmanagementapi\tests\workloadmanagement\jobpolicyassociation\jobpolicyassociation.generictest" adapterTypeName="executor://orderedtestadapter/v1" className="c:\agt6\_work\9\a\workloadmanagementapi\tests\workloadmanagement\jobpolicyassociation\jobpolicyassociation" name="jobpolicyassociation" />
    </UnitTest>
    <UnitTest name="wlmmeasurementunit-generictest" storage="c:\agt6\_work\9\a\workloadmanagementapi\tests\workloadmanagement\unit of measurements\wlmmeasurementunit-generictest.generictest" id="7a0224f1-5770-4dcd-919e-eae466e2fac8">
      <Execution id="7d7cc6ab-45df-48f7-bc4f-225793fddfb7" parentId="30873c49-7ffa-47a7-a389-d1a427a7e688" />
      <TestMethod codeBase="c:\agt6\_work\9\a\workloadmanagementapi\tests\workloadmanagement\unit of measurements\wlmmeasurementunit-generictest.generictest" adapterTypeName="executor://orderedtestadapter/v1" className="c:\agt6\_work\9\a\workloadmanagementapi\tests\workloadmanagement\unit of measurements\wlmmeasurementunit-generictest" name="wlmmeasurementunit-generictest" />
    </UnitTest>
    <UnitTest name="wlmnonteachingtype_crud-generictest" storage="c:\agt6\_work\9\a\workloadmanagementapi\tests\workloadmanagement\non teaching types\wlmnonteachingtype_crud-generictest.generictest" id="a66b8493-b1dd-4bd2-b79f-b422b05f7ed8">
      <Execution id="644ff004-8756-4efa-a8a3-80d6ec2f8085" parentId="30873c49-7ffa-47a7-a389-d1a427a7e688" />
      <TestMethod codeBase="c:\agt6\_work\9\a\workloadmanagementapi\tests\workloadmanagement\non teaching types\wlmnonteachingtype_crud-generictest.generictest" adapterTypeName="executor://orderedtestadapter/v1" className="c:\agt6\_work\9\a\workloadmanagementapi\tests\workloadmanagement\non teaching types\wlmnonteachingtype_crud-generictest" name="wlmnonteachingtype_crud-generictest" />
    </UnitTest>
    <UnitTest name="pay level-generictest" storage="c:\agt6\_work\9\a\workloadmanagementapi\tests\workloadmanagement\pay level\pay level-generictest.generictest" id="5bfe1696-5678-4723-a0ac-6abef00a85c7">
      <Execution id="a5143db1-9b3f-4cd6-aaf8-8d4240b0c06a" parentId="30873c49-7ffa-47a7-a389-d1a427a7e688" />
      <TestMethod codeBase="c:\agt6\_work\9\a\workloadmanagementapi\tests\workloadmanagement\pay level\pay level-generictest.generictest" adapterTypeName="executor://orderedtestadapter/v1" className="c:\agt6\_work\9\a\workloadmanagementapi\tests\workloadmanagement\pay level\pay level-generictest" name="pay level-generictest" />
    </UnitTest>
    <UnitTest name="assignment types-generictest" storage="c:\agt6\_work\9\a\workloadmanagementapi\tests\workloadmanagement\wlmassignmenttype\assignment types-generictest.generictest" id="5bc97224-30b9-47e5-9b1e-ea794bbe1e5b">
      <Execution id="961cf3b0-68b2-44e7-8a8c-40792af5da60" parentId="30873c49-7ffa-47a7-a389-d1a427a7e688" />
      <TestMethod codeBase="c:\agt6\_work\9\a\workloadmanagementapi\tests\workloadmanagement\wlmassignmenttype\assignment types-generictest.generictest" adapterTypeName="executor://orderedtestadapter/v1" className="c:\agt6\_work\9\a\workloadmanagementapi\tests\workloadmanagement\wlmassignmenttype\assignment types-generictest" name="assignment types-generictest" />
    </UnitTest>
    <UnitTest name="wlmcompensationplan_crud-generictest" storage="c:\agt6\_work\9\a\workloadmanagementapi\tests\workloadmanagement\compensation plan\wlmcompensationplan_crud-generictest.generictest" id="6fb37e89-1377-4e3e-972f-38129c1e3e76">
      <Execution id="8ba62edb-ca4e-4ca1-ae25-adf619e230ce" parentId="30873c49-7ffa-47a7-a389-d1a427a7e688" />
      <TestMethod codeBase="c:\agt6\_work\9\a\workloadmanagementapi\tests\workloadmanagement\compensation plan\wlmcompensationplan_crud-generictest.generictest" adapterTypeName="executor://orderedtestadapter/v1" className="c:\agt6\_work\9\a\workloadmanagementapi\tests\workloadmanagement\compensation plan\wlmcompensationplan_crud-generictest" name="wlmcompensationplan_crud-generictest" />
    </UnitTest>
    <UnitTest name="wlmcourseloadtype_crud-generictest" storage="c:\agt6\_work\9\a\workloadmanagementapi\tests\workloadmanagement\course load type details\wlmcourseloadtype_crud-generictest.generictest" id="4a8cdd48-15ba-451c-befd-ea626cdd24ea">
      <Execution id="6ff2bffa-5056-4e51-ac1c-d77278a794c3" parentId="30873c49-7ffa-47a7-a389-d1a427a7e688" />
      <TestMethod codeBase="c:\agt6\_work\9\a\workloadmanagementapi\tests\workloadmanagement\course load type details\wlmcourseloadtype_crud-generictest.generictest" adapterTypeName="executor://orderedtestadapter/v1" className="c:\agt6\_work\9\a\workloadmanagementapi\tests\workloadmanagement\course load type details\wlmcourseloadtype_crud-generictest" name="wlmcourseloadtype_crud-generictest" />
    </UnitTest>
    <UnitTest name="batchpaygeneration-generictest" storage="c:\agt6\_work\9\a\workloadmanagementapi\tests\workloadmanagement\batchpaygeneration\batchpaygeneration-generictest.generictest" id="142ebfe7-99a9-4908-9978-ba4ef07e317b">
      <Execution id="3ea726a9-4af2-4720-acbc-e755924f6e89" parentId="416c9ef9-3bb5-4bd8-8d58-2ad141181bc8" />
      <TestMethod codeBase="c:\agt6\_work\9\a\workloadmanagementapi\tests\workloadmanagement\batchpaygeneration\batchpaygeneration-generictest.generictest" adapterTypeName="executor://orderedtestadapter/v1" className="c:\agt6\_work\9\a\workloadmanagementapi\tests\workloadmanagement\batchpaygeneration\batchpaygeneration-generictest" name="batchpaygeneration-generictest" />
    </UnitTest>
    <UnitTest name="wlmjob_crud-generictest" storage="c:\agt6\_work\9\a\workloadmanagementapi\tests\workloadmanagement\job\wlmjob_crud-generictest.generictest" id="0d88e4d2-d310-41e5-b75b-c57f1155e173">
      <Execution id="a331fd42-6833-4ecb-abdc-c4a71bf136a3" parentId="30873c49-7ffa-47a7-a389-d1a427a7e688" />
      <TestMethod codeBase="c:\agt6\_work\9\a\workloadmanagementapi\tests\workloadmanagement\job\wlmjob_crud-generictest.generictest" adapterTypeName="executor://orderedtestadapter/v1" className="c:\agt6\_work\9\a\workloadmanagementapi\tests\workloadmanagement\job\wlmjob_crud-generictest" name="wlmjob_crud-generictest" />
    </UnitTest>
    <UnitTest name="loadrule(new)-generictest" storage="c:\agt6\_work\9\a\workloadmanagementapi\tests\workloadmanagement\load validation policy\loadrule(new)-generictest.generictest" id="0fdbad27-c245-4635-a19a-95592ad4d3d6">
      <Execution id="9ff6fd51-8535-4c96-971e-a91ee406d4b5" parentId="30873c49-7ffa-47a7-a389-d1a427a7e688" />
      <TestMethod codeBase="c:\agt6\_work\9\a\workloadmanagementapi\tests\workloadmanagement\load validation policy\loadrule(new)-generictest.generictest" adapterTypeName="executor://orderedtestadapter/v1" className="c:\agt6\_work\9\a\workloadmanagementapi\tests\workloadmanagement\load validation policy\loadrule(new)-generictest" name="loadrule(new)-generictest" />
    </UnitTest>
    <UnitTest name="wlmstaffpositionassignment_crud-generictest" storage="c:\agt6\_work\9\a\workloadmanagementapi\tests\workloadmanagement\staff position assignment\wlmstaffpositionassignment_crud-generictest.generictest" id="a3bfe0df-5b7d-4c15-849d-8b7ec7072ce4">
      <Execution id="03a06422-c642-4101-a943-f6d5e4f3d3cc" parentId="30873c49-7ffa-47a7-a389-d1a427a7e688" />
      <TestMethod codeBase="c:\agt6\_work\9\a\workloadmanagementapi\tests\workloadmanagement\staff position assignment\wlmstaffpositionassignment_crud-generictest.generictest" adapterTypeName="executor://orderedtestadapter/v1" className="c:\agt6\_work\9\a\workloadmanagementapi\tests\workloadmanagement\staff position assignment\wlmstaffpositionassignment_crud-generictest" name="wlmstaffpositionassignment_crud-generictest" />
    </UnitTest>
    <UnitTest name="wlmclasssectionloadtype_crud-generictest" storage="c:\agt6\_work\9\a\workloadmanagementapi\tests\workloadmanagement\class load type details\wlmclasssectionloadtype_crud-generictest.generictest" id="0914887c-e018-432e-9f2e-68e88b822c00">
      <Execution id="d06b1851-9536-41a9-85dc-3a1161466977" parentId="30873c49-7ffa-47a7-a389-d1a427a7e688" />
      <TestMethod codeBase="c:\agt6\_work\9\a\workloadmanagementapi\tests\workloadmanagement\class load type details\wlmclasssectionloadtype_crud-generictest.generictest" adapterTypeName="executor://orderedtestadapter/v1" className="c:\agt6\_work\9\a\workloadmanagementapi\tests\workloadmanagement\class load type details\wlmclasssectionloadtype_crud-generictest" name="wlmclasssectionloadtype_crud-generictest" />
    </UnitTest>
    <UnitTest name="wlmjobfunction-generictest" storage="c:\agt6\_work\9\a\workloadmanagementapi\tests\workloadmanagement\job function\wlmjobfunction-generictest.generictest" id="939a44fb-cafa-478b-9d20-b241bb18550b">
      <Execution id="fc776a89-5c05-46a8-9abd-e9e582de4be1" parentId="30873c49-7ffa-47a7-a389-d1a427a7e688" />
      <TestMethod codeBase="c:\agt6\_work\9\a\workloadmanagementapi\tests\workloadmanagement\job function\wlmjobfunction-generictest.generictest" adapterTypeName="executor://orderedtestadapter/v1" className="c:\agt6\_work\9\a\workloadmanagementapi\tests\workloadmanagement\job function\wlmjobfunction-generictest" name="wlmjobfunction-generictest" />
    </UnitTest>
  </TestDefinitions>
  <TestEntries>
    <TestEntry testId="5f74d673-703e-4e9f-b148-81e23d5c3d3b" executionId="30873c49-7ffa-47a7-a389-d1a427a7e688" testListId="8c84fa94-04c1-424b-9868-57a2d4851a1d">
      <TestEntries>
        <TestEntry testId="5bc97224-30b9-47e5-9b1e-ea794bbe1e5b" executionId="961cf3b0-68b2-44e7-8a8c-40792af5da60" parentExecutionId="30873c49-7ffa-47a7-a389-d1a427a7e688" testListId="8c84fa94-04c1-424b-9868-57a2d4851a1d" />
        <TestEntry testId="939a44fb-cafa-478b-9d20-b241bb18550b" executionId="fc776a89-5c05-46a8-9abd-e9e582de4be1" parentExecutionId="30873c49-7ffa-47a7-a389-d1a427a7e688" testListId="8c84fa94-04c1-424b-9868-57a2d4851a1d" />
        <TestEntry testId="5bfe1696-5678-4723-a0ac-6abef00a85c7" executionId="a5143db1-9b3f-4cd6-aaf8-8d4240b0c06a" parentExecutionId="30873c49-7ffa-47a7-a389-d1a427a7e688" testListId="8c84fa94-04c1-424b-9868-57a2d4851a1d" />
        <TestEntry testId="32a0a4b0-8943-4d13-8e42-50d59c467a57" executionId="58352cd6-8dee-4848-9bf5-4f943ae3978b" parentExecutionId="30873c49-7ffa-47a7-a389-d1a427a7e688" testListId="8c84fa94-04c1-424b-9868-57a2d4851a1d" />
        <TestEntry testId="a3bfe0df-5b7d-4c15-849d-8b7ec7072ce4" executionId="03a06422-c642-4101-a943-f6d5e4f3d3cc" parentExecutionId="30873c49-7ffa-47a7-a389-d1a427a7e688" testListId="8c84fa94-04c1-424b-9868-57a2d4851a1d" />
        <TestEntry testId="44dae6fb-0584-44f4-a194-addcd7db046e" executionId="c6c569e5-bbcf-4c45-ac5a-506f4b9ec547" parentExecutionId="30873c49-7ffa-47a7-a389-d1a427a7e688" testListId="8c84fa94-04c1-424b-9868-57a2d4851a1d" />
        <TestEntry testId="41d157e8-0271-4433-b52e-ed517eb6add1" executionId="a84c3de8-1a33-4db8-9f72-5cd9b4e37eb3" parentExecutionId="30873c49-7ffa-47a7-a389-d1a427a7e688" testListId="8c84fa94-04c1-424b-9868-57a2d4851a1d" />
        <TestEntry testId="02a11f05-edd4-4184-9bcd-89a68b03eb30" executionId="e9ed15e4-abd1-4bfc-af56-a6411f057f1f" parentExecutionId="30873c49-7ffa-47a7-a389-d1a427a7e688" testListId="8c84fa94-04c1-424b-9868-57a2d4851a1d" />
        <TestEntry testId="7a0224f1-5770-4dcd-919e-eae466e2fac8" executionId="7d7cc6ab-45df-48f7-bc4f-225793fddfb7" parentExecutionId="30873c49-7ffa-47a7-a389-d1a427a7e688" testListId="8c84fa94-04c1-424b-9868-57a2d4851a1d" />
        <TestEntry testId="53a2edc3-07a1-415c-8b36-fc1bdfd42671" executionId="36556d08-b138-4f84-94dd-7ea94eb5bd83" parentExecutionId="30873c49-7ffa-47a7-a389-d1a427a7e688" testListId="8c84fa94-04c1-424b-9868-57a2d4851a1d" />
        <TestEntry testId="0d88e4d2-d310-41e5-b75b-c57f1155e173" executionId="a331fd42-6833-4ecb-abdc-c4a71bf136a3" parentExecutionId="30873c49-7ffa-47a7-a389-d1a427a7e688" testListId="8c84fa94-04c1-424b-9868-57a2d4851a1d" />
        <TestEntry testId="4a8cdd48-15ba-451c-befd-ea626cdd24ea" executionId="6ff2bffa-5056-4e51-ac1c-d77278a794c3" parentExecutionId="30873c49-7ffa-47a7-a389-d1a427a7e688" testListId="8c84fa94-04c1-424b-9868-57a2d4851a1d" />
        <TestEntry testId="0914887c-e018-432e-9f2e-68e88b822c00" executionId="d06b1851-9536-41a9-85dc-3a1161466977" parentExecutionId="30873c49-7ffa-47a7-a389-d1a427a7e688" testListId="8c84fa94-04c1-424b-9868-57a2d4851a1d" />
        <TestEntry testId="12fddc03-9d2f-4870-bfe5-c2bfff92fce3" executionId="ef05f7b5-7b01-4b54-812f-b442c6d0f58f" parentExecutionId="30873c49-7ffa-47a7-a389-d1a427a7e688" testListId="8c84fa94-04c1-424b-9868-57a2d4851a1d" />
        <TestEntry testId="28a54323-29d6-4140-91bd-644045866dce" executionId="0a661cd1-998f-4a2b-90fe-a53cb94dd4cf" parentExecutionId="30873c49-7ffa-47a7-a389-d1a427a7e688" testListId="8c84fa94-04c1-424b-9868-57a2d4851a1d" />
        <TestEntry testId="12fddc03-9d2f-4870-bfe5-c2bfff92fce3" executionId="2ab1c3e5-011d-4284-86f8-61cbe288022e" parentExecutionId="30873c49-7ffa-47a7-a389-d1a427a7e688" testListId="8c84fa94-04c1-424b-9868-57a2d4851a1d" />
        <TestEntry testId="6fb37e89-1377-4e3e-972f-38129c1e3e76" executionId="8ba62edb-ca4e-4ca1-ae25-adf619e230ce" parentExecutionId="30873c49-7ffa-47a7-a389-d1a427a7e688" testListId="8c84fa94-04c1-424b-9868-57a2d4851a1d" />
        <TestEntry testId="939a44fb-cafa-478b-9d20-b241bb18550b" executionId="d378025b-1abb-4109-982a-5364a3cbb218" parentExecutionId="30873c49-7ffa-47a7-a389-d1a427a7e688" testListId="8c84fa94-04c1-424b-9868-57a2d4851a1d" />
        <TestEntry testId="25838ffe-3b7d-4ff2-b9af-9252f79e7860" executionId="aef59519-8d1c-4484-ac6a-218fe9b3bcad" parentExecutionId="30873c49-7ffa-47a7-a389-d1a427a7e688" testListId="8c84fa94-04c1-424b-9868-57a2d4851a1d" />
        <TestEntry testId="e49ba57f-a21a-43e4-a011-f66ccabbc3c7" executionId="b471a612-31b1-4761-84f6-cea65756bcc3" parentExecutionId="30873c49-7ffa-47a7-a389-d1a427a7e688" testListId="8c84fa94-04c1-424b-9868-57a2d4851a1d" />
        <TestEntry testId="767a32dd-f45b-489d-bf1f-e6a5f807556a" executionId="f2a673cf-99b3-4a22-8d09-225d0dcf1b0d" parentExecutionId="30873c49-7ffa-47a7-a389-d1a427a7e688" testListId="8c84fa94-04c1-424b-9868-57a2d4851a1d" />
        <TestEntry testId="0fdbad27-c245-4635-a19a-95592ad4d3d6" executionId="9ff6fd51-8535-4c96-971e-a91ee406d4b5" parentExecutionId="30873c49-7ffa-47a7-a389-d1a427a7e688" testListId="8c84fa94-04c1-424b-9868-57a2d4851a1d" />
        <TestEntry testId="fa776962-1de8-4063-be15-ade20d438afb" executionId="0dac775b-02af-493d-8f5f-ba2511eee5f1" parentExecutionId="30873c49-7ffa-47a7-a389-d1a427a7e688" testListId="8c84fa94-04c1-424b-9868-57a2d4851a1d" />
        <TestEntry testId="1b6a1b90-a02a-4b2d-b14a-f71e47255f9c" executionId="c18f5217-a85e-4aa1-855a-805513036234" parentExecutionId="30873c49-7ffa-47a7-a389-d1a427a7e688" testListId="8c84fa94-04c1-424b-9868-57a2d4851a1d" />
        <TestEntry testId="a66b8493-b1dd-4bd2-b79f-b422b05f7ed8" executionId="644ff004-8756-4efa-a8a3-80d6ec2f8085" parentExecutionId="30873c49-7ffa-47a7-a389-d1a427a7e688" testListId="8c84fa94-04c1-424b-9868-57a2d4851a1d" />
        <TestEntry testId="c3ad101c-eafb-4bb7-926d-1d64709be8e4" executionId="416c9ef9-3bb5-4bd8-8d58-2ad141181bc8" parentExecutionId="30873c49-7ffa-47a7-a389-d1a427a7e688" testListId="8c84fa94-04c1-424b-9868-57a2d4851a1d">
          <TestEntries>
            <TestEntry testId="eb9769b6-43e6-452b-92d4-2e3704a03b00" executionId="cd2c3708-dad3-42b6-8ddd-c0bf594c1ac6" parentExecutionId="416c9ef9-3bb5-4bd8-8d58-2ad141181bc8" testListId="8c84fa94-04c1-424b-9868-57a2d4851a1d" />
            <TestEntry testId="142ebfe7-99a9-4908-9978-ba4ef07e317b" executionId="3ea726a9-4af2-4720-acbc-e755924f6e89" parentExecutionId="416c9ef9-3bb5-4bd8-8d58-2ad141181bc8" testListId="8c84fa94-04c1-424b-9868-57a2d4851a1d" />
            <TestEntry testId="5849c706-31f3-4416-bc6b-764bed52664d" executionId="9dabf8cd-215d-4a5c-afd8-69e5e54ce15b" parentExecutionId="416c9ef9-3bb5-4bd8-8d58-2ad141181bc8" testListId="8c84fa94-04c1-424b-9868-57a2d4851a1d" />
          </TestEntries>
        </TestEntry>
        <TestEntry testId="639f529d-5eb4-4662-aaa3-1cef4de1567e" executionId="9111eed5-303a-4b7a-98a8-94a06d0039f1" parentExecutionId="30873c49-7ffa-47a7-a389-d1a427a7e688" testListId="8c84fa94-04c1-424b-9868-57a2d4851a1d" />
        <TestEntry testId="e720c4e1-4a86-40c0-9cea-61b8e0e416c3" executionId="eab5cce4-fc40-4eca-bde5-a26e5718ed14" parentExecutionId="30873c49-7ffa-47a7-a389-d1a427a7e688" testListId="8c84fa94-04c1-424b-9868-57a2d4851a1d" />
      </TestEntries>
    </TestEntry>
  </TestEntries>
  <TestLists>
    <TestList name="Results Not in a List" id="8c84fa94-04c1-424b-9868-57a2d4851a1d" />
    <TestList name="All Loaded Results" id="19431567-8539-422a-85d7-44ee4e166bda" />
  </TestLists>
  <ResultSummary outcome="Completed">
    <Counters total="32" executed="32" passed="32" failed="0" error="0" timeout="0" aborted="0" inconclusive="0" passedButRunAborted="0" notRunnable="0" notExecuted="0" disconnected="0" warning="0" completed="0" inProgress="0" pending="0" />
  </ResultSummary>
</TestRun>